2021-02-22T00:14:24.1389905-05:00 80000002-0002-fe00-b63f-84710c7967bb [ERR] ERROR-->System.Exception: EX-019 - Page not found.
   at BuildNextWorld.Core.MiddlewareSecurity.FindAreaApplication() in C:\PC Data\Developement\CA\BuildNextWorld\Core\ApplicationSecurity.cs:line 246
   at BuildNextWorld.Core.MiddlewareSecurity..ctor(HttpContext context) in C:\PC Data\Developement\CA\BuildNextWorld\Core\ApplicationSecurity.cs:line 59
   at BuildNextWorld.Core.SpringdellMiddleware.InvokeAsync(HttpContext context) in C:\PC Data\Developement\CA\BuildNextWorld\Core\SpringdellMiddleware.cs:line 49 (466bc977)
2021-02-22T00:14:24.1403714-05:00 80000005-0001-fe00-b63f-84710c7967bb [ERR] ERROR-->System.Exception: EX-019 - Page not found.
   at BuildNextWorld.Core.MiddlewareSecurity.FindAreaApplication() in C:\PC Data\Developement\CA\BuildNextWorld\Core\ApplicationSecurity.cs:line 246
   at BuildNextWorld.Core.MiddlewareSecurity..ctor(HttpContext context) in C:\PC Data\Developement\CA\BuildNextWorld\Core\ApplicationSecurity.cs:line 59
   at BuildNextWorld.Core.SpringdellMiddleware.InvokeAsync(HttpContext context) in C:\PC Data\Developement\CA\BuildNextWorld\Core\SpringdellMiddleware.cs:line 49 (466bc977)
2021-02-22T00:14:24.1968879-05:00 80000002-0003-ff00-b63f-84710c7967bb [ERR] ERROR-->System.Exception: EX-019 - Page not found.
   at BuildNextWorld.Core.MiddlewareSecurity.FindAreaApplication() in C:\PC Data\Developement\CA\BuildNextWorld\Core\ApplicationSecurity.cs:line 246
   at BuildNextWorld.Core.MiddlewareSecurity..ctor(HttpContext context) in C:\PC Data\Developement\CA\BuildNextWorld\Core\ApplicationSecurity.cs:line 59
   at BuildNextWorld.Core.SpringdellMiddleware.InvokeAsync(HttpContext context) in C:\PC Data\Developement\CA\BuildNextWorld\Core\SpringdellMiddleware.cs:line 49 (466bc977)
2021-02-22T00:14:24.2732660-05:00 80000004-0002-fe00-b63f-84710c7967bb [ERR] ERROR-->System.Exception: EX-019 - Page not found.
   at BuildNextWorld.Core.MiddlewareSecurity.FindAreaApplication() in C:\PC Data\Developement\CA\BuildNextWorld\Core\ApplicationSecurity.cs:line 246
   at BuildNextWorld.Core.MiddlewareSecurity..ctor(HttpContext context) in C:\PC Data\Developement\CA\BuildNextWorld\Core\ApplicationSecurity.cs:line 59
   at BuildNextWorld.Core.SpringdellMiddleware.InvokeAsync(HttpContext context) in C:\PC Data\Developement\CA\BuildNextWorld\Core\SpringdellMiddleware.cs:line 49 (466bc977)
2021-02-22T00:14:24.6098821-05:00 80000007-0001-fe00-b63f-84710c7967bb [ERR] ERROR-->System.Exception: EX-019 - Page not found.
   at BuildNextWorld.Core.MiddlewareSecurity.FindAreaApplication() in C:\PC Data\Developement\CA\BuildNextWorld\Core\ApplicationSecurity.cs:line 246
   at BuildNextWorld.Core.MiddlewareSecurity..ctor(HttpContext context) in C:\PC Data\Developement\CA\BuildNextWorld\Core\ApplicationSecurity.cs:line 59
   at BuildNextWorld.Core.SpringdellMiddleware.InvokeAsync(HttpContext context) in C:\PC Data\Developement\CA\BuildNextWorld\Core\SpringdellMiddleware.cs:line 49 (466bc977)
2021-02-22T00:14:27.2285410-05:00 80000002-0000-fb00-b63f-84710c7967bb [ERR] ERROR-->System.Exception: EX-019 - Page not found.
   at BuildNextWorld.Core.MiddlewareSecurity.FindAreaApplication() in C:\PC Data\Developement\CA\BuildNextWorld\Core\ApplicationSecurity.cs:line 246
   at BuildNextWorld.Core.MiddlewareSecurity..ctor(HttpContext context) in C:\PC Data\Developement\CA\BuildNextWorld\Core\ApplicationSecurity.cs:line 59
   at BuildNextWorld.Core.SpringdellMiddleware.InvokeAsync(HttpContext context) in C:\PC Data\Developement\CA\BuildNextWorld\Core\SpringdellMiddleware.cs:line 49 (466bc977)
2021-02-22T00:14:30.0799484-05:00 80000004-0003-ff00-b63f-84710c7967bb [ERR] ERROR-->System.Exception: EX-019 - Page not found.
   at BuildNextWorld.Core.MiddlewareSecurity.FindAreaApplication() in C:\PC Data\Developement\CA\BuildNextWorld\Core\ApplicationSecurity.cs:line 246
   at BuildNextWorld.Core.MiddlewareSecurity..ctor(HttpContext context) in C:\PC Data\Developement\CA\BuildNextWorld\Core\ApplicationSecurity.cs:line 59
   at BuildNextWorld.Core.SpringdellMiddleware.InvokeAsync(HttpContext context) in C:\PC Data\Developement\CA\BuildNextWorld\Core\SpringdellMiddleware.cs:line 49 (466bc977)
2021-02-22T00:14:43.6188205-05:00 80000006-0003-ff00-b63f-84710c7967bb [ERR] ERROR-->System.Exception: EX-019 - Page not found.
   at BuildNextWorld.Core.MiddlewareSecurity.FindAreaApplication() in C:\PC Data\Developement\CA\BuildNextWorld\Core\ApplicationSecurity.cs:line 246
   at BuildNextWorld.Core.MiddlewareSecurity..ctor(HttpContext context) in C:\PC Data\Developement\CA\BuildNextWorld\Core\ApplicationSecurity.cs:line 59
   at BuildNextWorld.Core.SpringdellMiddleware.InvokeAsync(HttpContext context) in C:\PC Data\Developement\CA\BuildNextWorld\Core\SpringdellMiddleware.cs:line 49 (466bc977)
2021-02-22T00:14:45.9637079-05:00 8000000b-0001-fe00-b63f-84710c7967bb [ERR] ERROR-->System.Exception: EX-019 - Page not found.
   at BuildNextWorld.Core.MiddlewareSecurity.FindAreaApplication() in C:\PC Data\Developement\CA\BuildNextWorld\Core\ApplicationSecurity.cs:line 246
   at BuildNextWorld.Core.MiddlewareSecurity..ctor(HttpContext context) in C:\PC Data\Developement\CA\BuildNextWorld\Core\ApplicationSecurity.cs:line 59
   at BuildNextWorld.Core.SpringdellMiddleware.InvokeAsync(HttpContext context) in C:\PC Data\Developement\CA\BuildNextWorld\Core\SpringdellMiddleware.cs:line 49 (466bc977)
2021-02-22T00:14:56.4567800-05:00 8000000a-0002-fe00-b63f-84710c7967bb [ERR] ERROR-->System.Exception: EX-019 - Page not found.
   at BuildNextWorld.Core.MiddlewareSecurity.FindAreaApplication() in C:\PC Data\Developement\CA\BuildNextWorld\Core\ApplicationSecurity.cs:line 246
   at BuildNextWorld.Core.MiddlewareSecurity..ctor(HttpContext context) in C:\PC Data\Developement\CA\BuildNextWorld\Core\ApplicationSecurity.cs:line 59
   at BuildNextWorld.Core.SpringdellMiddleware.InvokeAsync(HttpContext context) in C:\PC Data\Developement\CA\BuildNextWorld\Core\SpringdellMiddleware.cs:line 49 (466bc977)
2021-02-22T00:14:56.4615962-05:00 80000004-0002-fc00-b63f-84710c7967bb [ERR] ERROR-->System.Exception: EX-019 - Page not found.
   at BuildNextWorld.Core.MiddlewareSecurity.FindAreaApplication() in C:\PC Data\Developement\CA\BuildNextWorld\Core\ApplicationSecurity.cs:line 246
   at BuildNextWorld.Core.MiddlewareSecurity..ctor(HttpContext context) in C:\PC Data\Developement\CA\BuildNextWorld\Core\ApplicationSecurity.cs:line 59
   at BuildNextWorld.Core.SpringdellMiddleware.InvokeAsync(HttpContext context) in C:\PC Data\Developement\CA\BuildNextWorld\Core\SpringdellMiddleware.cs:line 49 (466bc977)
2021-02-22T00:14:56.4616834-05:00 80000004-0002-fd00-b63f-84710c7967bb [ERR] ERROR-->System.Exception: EX-019 - Page not found.
   at BuildNextWorld.Core.MiddlewareSecurity.FindAreaApplication() in C:\PC Data\Developement\CA\BuildNextWorld\Core\ApplicationSecurity.cs:line 246
   at BuildNextWorld.Core.MiddlewareSecurity..ctor(HttpContext context) in C:\PC Data\Developement\CA\BuildNextWorld\Core\ApplicationSecurity.cs:line 59
   at BuildNextWorld.Core.SpringdellMiddleware.InvokeAsync(HttpContext context) in C:\PC Data\Developement\CA\BuildNextWorld\Core\SpringdellMiddleware.cs:line 49 (466bc977)
2021-02-22T00:14:56.5436402-05:00 8000000d-0001-fe00-b63f-84710c7967bb [ERR] ERROR-->System.Exception: EX-019 - Page not found.
   at BuildNextWorld.Core.MiddlewareSecurity.FindAreaApplication() in C:\PC Data\Developement\CA\BuildNextWorld\Core\ApplicationSecurity.cs:line 246
   at BuildNextWorld.Core.MiddlewareSecurity..ctor(HttpContext context) in C:\PC Data\Developement\CA\BuildNextWorld\Core\ApplicationSecurity.cs:line 59
   at BuildNextWorld.Core.SpringdellMiddleware.InvokeAsync(HttpContext context) in C:\PC Data\Developement\CA\BuildNextWorld\Core\SpringdellMiddleware.cs:line 49 (466bc977)
2021-02-22T00:14:59.2238480-05:00 8000000f-0001-fe00-b63f-84710c7967bb [ERR] ERROR-->System.Exception: EX-019 - Page not found.
   at BuildNextWorld.Core.MiddlewareSecurity.FindAreaApplication() in C:\PC Data\Developement\CA\BuildNextWorld\Core\ApplicationSecurity.cs:line 246
   at BuildNextWorld.Core.MiddlewareSecurity..ctor(HttpContext context) in C:\PC Data\Developement\CA\BuildNextWorld\Core\ApplicationSecurity.cs:line 59
   at BuildNextWorld.Core.SpringdellMiddleware.InvokeAsync(HttpContext context) in C:\PC Data\Developement\CA\BuildNextWorld\Core\SpringdellMiddleware.cs:line 49 (466bc977)
2021-02-22T00:15:07.7052040-05:00 80000011-0001-fe00-b63f-84710c7967bb [ERR] ERROR-->System.Exception: EX-019 - Page not found.
   at BuildNextWorld.Core.MiddlewareSecurity.FindAreaApplication() in C:\PC Data\Developement\CA\BuildNextWorld\Core\ApplicationSecurity.cs:line 246
   at BuildNextWorld.Core.MiddlewareSecurity..ctor(HttpContext context) in C:\PC Data\Developement\CA\BuildNextWorld\Core\ApplicationSecurity.cs:line 59
   at BuildNextWorld.Core.SpringdellMiddleware.InvokeAsync(HttpContext context) in C:\PC Data\Developement\CA\BuildNextWorld\Core\SpringdellMiddleware.cs:line 49 (466bc977)
2021-02-22T00:15:09.9321542-05:00 80000013-0001-fe00-b63f-84710c7967bb [ERR] ERROR-->System.Exception: EX-019 - Page not found.
   at BuildNextWorld.Core.MiddlewareSecurity.FindAreaApplication() in C:\PC Data\Developement\CA\BuildNextWorld\Core\ApplicationSecurity.cs:line 246
   at BuildNextWorld.Core.MiddlewareSecurity..ctor(HttpContext context) in C:\PC Data\Developement\CA\BuildNextWorld\Core\ApplicationSecurity.cs:line 59
   at BuildNextWorld.Core.SpringdellMiddleware.InvokeAsync(HttpContext context) in C:\PC Data\Developement\CA\BuildNextWorld\Core\SpringdellMiddleware.cs:line 49 (466bc977)
2021-02-22T00:15:15.0142604-05:00 80000008-0003-ff00-b63f-84710c7967bb [ERR] ERROR-->System.Exception: EX-019 - Page not found.
   at BuildNextWorld.Core.MiddlewareSecurity.FindAreaApplication() in C:\PC Data\Developement\CA\BuildNextWorld\Core\ApplicationSecurity.cs:line 246
   at BuildNextWorld.Core.MiddlewareSecurity..ctor(HttpContext context) in C:\PC Data\Developement\CA\BuildNextWorld\Core\ApplicationSecurity.cs:line 59
   at BuildNextWorld.Core.SpringdellMiddleware.InvokeAsync(HttpContext context) in C:\PC Data\Developement\CA\BuildNextWorld\Core\SpringdellMiddleware.cs:line 49 (466bc977)
2021-02-22T00:20:09.5249193-05:00 8000000e-0001-fc00-b63f-84710c7967bb [ERR] ERROR-->System.Exception: EX-019 - Page not found.
   at BuildNextWorld.Core.MiddlewareSecurity.FindAreaApplication() in C:\PC Data\Developement\CA\BuildNextWorld\Core\ApplicationSecurity.cs:line 246
   at BuildNextWorld.Core.MiddlewareSecurity..ctor(HttpContext context) in C:\PC Data\Developement\CA\BuildNextWorld\Core\ApplicationSecurity.cs:line 59
   at BuildNextWorld.Core.SpringdellMiddleware.InvokeAsync(HttpContext context) in C:\PC Data\Developement\CA\BuildNextWorld\Core\SpringdellMiddleware.cs:line 79 (70c04d0f)
2021-02-22T00:20:56.7907091-05:00 80000012-0002-fd00-b63f-84710c7967bb [ERR] ERROR-->System.Exception: EX-017 Access to page/resource is denied
   at BuildNextWorld.Core.MiddlewareSecurity.FinalDecision() in C:\PC Data\Developement\CA\BuildNextWorld\Core\ApplicationSecurity.cs:line 148
   at BuildNextWorld.Core.SpringdellMiddleware.InvokeAsync(HttpContext context) in C:\PC Data\Developement\CA\BuildNextWorld\Core\SpringdellMiddleware.cs:line 79 (1ee31100)
2021-02-22T00:21:18.0545448-05:00 80000014-0001-fc00-b63f-84710c7967bb [ERR] ERROR-->System.Exception: EX-019 - Page not found.
   at BuildNextWorld.Core.MiddlewareSecurity.FindAreaApplication() in C:\PC Data\Developement\CA\BuildNextWorld\Core\ApplicationSecurity.cs:line 286
   at BuildNextWorld.Core.MiddlewareSecurity..ctor(HttpContext context) in C:\PC Data\Developement\CA\BuildNextWorld\Core\ApplicationSecurity.cs:line 68
   at BuildNextWorld.Core.SpringdellMiddleware.InvokeAsync(HttpContext context) in C:\PC Data\Developement\CA\BuildNextWorld\Core\SpringdellMiddleware.cs:line 79 (16f36445)
2021-02-22T00:21:18.0682438-05:00 8000001b-0001-fe00-b63f-84710c7967bb [ERR] ERROR-->System.Exception: EX-019 - Page not found.
   at BuildNextWorld.Core.MiddlewareSecurity.FindAreaApplication() in C:\PC Data\Developement\CA\BuildNextWorld\Core\ApplicationSecurity.cs:line 286
   at BuildNextWorld.Core.MiddlewareSecurity..ctor(HttpContext context) in C:\PC Data\Developement\CA\BuildNextWorld\Core\ApplicationSecurity.cs:line 68
   at BuildNextWorld.Core.SpringdellMiddleware.InvokeAsync(HttpContext context) in C:\PC Data\Developement\CA\BuildNextWorld\Core\SpringdellMiddleware.cs:line 79 (16f36445)
2021-02-22T00:21:20.8951999-05:00 8000001e-0000-fb00-b63f-84710c7967bb [ERR] ERROR-->System.Exception: EX-019 - Page not found.
   at BuildNextWorld.Core.MiddlewareSecurity.FindAreaApplication() in C:\PC Data\Developement\CA\BuildNextWorld\Core\ApplicationSecurity.cs:line 286
   at BuildNextWorld.Core.MiddlewareSecurity..ctor(HttpContext context) in C:\PC Data\Developement\CA\BuildNextWorld\Core\ApplicationSecurity.cs:line 68
   at BuildNextWorld.Core.SpringdellMiddleware.InvokeAsync(HttpContext context) in C:\PC Data\Developement\CA\BuildNextWorld\Core\SpringdellMiddleware.cs:line 79 (16f36445)
2021-02-22T00:21:20.9144018-05:00 80000002-0000-fa00-b63f-84710c7967bb [ERR] ERROR-->System.Exception: EX-019 - Page not found.
   at BuildNextWorld.Core.MiddlewareSecurity.FindAreaApplication() in C:\PC Data\Developement\CA\BuildNextWorld\Core\ApplicationSecurity.cs:line 286
   at BuildNextWorld.Core.MiddlewareSecurity..ctor(HttpContext context) in C:\PC Data\Developement\CA\BuildNextWorld\Core\ApplicationSecurity.cs:line 68
   at BuildNextWorld.Core.SpringdellMiddleware.InvokeAsync(HttpContext context) in C:\PC Data\Developement\CA\BuildNextWorld\Core\SpringdellMiddleware.cs:line 79 (16f36445)
2021-02-22T00:21:22.8129020-05:00 80000008-0000-fa00-b63f-84710c7967bb [ERR] ERROR-->System.Exception: EX-019 - Page not found.
   at BuildNextWorld.Core.MiddlewareSecurity.FindAreaApplication() in C:\PC Data\Developement\CA\BuildNextWorld\Core\ApplicationSecurity.cs:line 286
   at BuildNextWorld.Core.MiddlewareSecurity..ctor(HttpContext context) in C:\PC Data\Developement\CA\BuildNextWorld\Core\ApplicationSecurity.cs:line 68
   at BuildNextWorld.Core.SpringdellMiddleware.InvokeAsync(HttpContext context) in C:\PC Data\Developement\CA\BuildNextWorld\Core\SpringdellMiddleware.cs:line 79 (16f36445)
2021-02-22T00:21:22.8758117-05:00 80000020-0000-fb00-b63f-84710c7967bb [ERR] ERROR-->System.Exception: EX-019 - Page not found.
   at BuildNextWorld.Core.MiddlewareSecurity.FindAreaApplication() in C:\PC Data\Developement\CA\BuildNextWorld\Core\ApplicationSecurity.cs:line 286
   at BuildNextWorld.Core.MiddlewareSecurity..ctor(HttpContext context) in C:\PC Data\Developement\CA\BuildNextWorld\Core\ApplicationSecurity.cs:line 68
   at BuildNextWorld.Core.SpringdellMiddleware.InvokeAsync(HttpContext context) in C:\PC Data\Developement\CA\BuildNextWorld\Core\SpringdellMiddleware.cs:line 79 (16f36445)
2021-02-22T00:21:31.3991179-05:00 80000004-0003-fe00-b63f-84710c7967bb [ERR] ERROR-->System.Exception: EX-019 - Page not found.
   at BuildNextWorld.Core.MiddlewareSecurity.FindAreaApplication() in C:\PC Data\Developement\CA\BuildNextWorld\Core\ApplicationSecurity.cs:line 286
   at BuildNextWorld.Core.MiddlewareSecurity..ctor(HttpContext context) in C:\PC Data\Developement\CA\BuildNextWorld\Core\ApplicationSecurity.cs:line 68
   at BuildNextWorld.Core.SpringdellMiddleware.InvokeAsync(HttpContext context) in C:\PC Data\Developement\CA\BuildNextWorld\Core\SpringdellMiddleware.cs:line 79 (16f36445)
2021-02-22T00:21:49.1686874-05:00 80000018-0002-fd00-b63f-84710c7967bb [ERR] ERROR-->System.Exception: EX-019 - Page not found.
   at BuildNextWorld.Core.MiddlewareSecurity.FindAreaApplication() in C:\PC Data\Developement\CA\BuildNextWorld\Core\ApplicationSecurity.cs:line 286
   at BuildNextWorld.Core.MiddlewareSecurity..ctor(HttpContext context) in C:\PC Data\Developement\CA\BuildNextWorld\Core\ApplicationSecurity.cs:line 68
   at BuildNextWorld.Core.SpringdellMiddleware.InvokeAsync(HttpContext context) in C:\PC Data\Developement\CA\BuildNextWorld\Core\SpringdellMiddleware.cs:line 79 (16f36445)
2021-02-22T00:21:58.8841552-05:00 80000008-0003-fe00-b63f-84710c7967bb [ERR] ERROR-->System.Exception: EX-019 - Page not found.
   at BuildNextWorld.Core.MiddlewareSecurity.FindAreaApplication() in C:\PC Data\Developement\CA\BuildNextWorld\Core\ApplicationSecurity.cs:line 286
   at BuildNextWorld.Core.MiddlewareSecurity..ctor(HttpContext context) in C:\PC Data\Developement\CA\BuildNextWorld\Core\ApplicationSecurity.cs:line 68
   at BuildNextWorld.Core.SpringdellMiddleware.InvokeAsync(HttpContext context) in C:\PC Data\Developement\CA\BuildNextWorld\Core\SpringdellMiddleware.cs:line 79 (16f36445)
2021-02-22T00:22:05.2661070-05:00 8000000c-0003-fe00-b63f-84710c7967bb [ERR] ERROR-->System.Exception: EX-019 - Page not found.
   at BuildNextWorld.Core.MiddlewareSecurity.FindAreaApplication() in C:\PC Data\Developement\CA\BuildNextWorld\Core\ApplicationSecurity.cs:line 286
   at BuildNextWorld.Core.MiddlewareSecurity..ctor(HttpContext context) in C:\PC Data\Developement\CA\BuildNextWorld\Core\ApplicationSecurity.cs:line 68
   at BuildNextWorld.Core.SpringdellMiddleware.InvokeAsync(HttpContext context) in C:\PC Data\Developement\CA\BuildNextWorld\Core\SpringdellMiddleware.cs:line 79 (16f36445)
2021-02-22T00:22:28.0062635-05:00 80000025-0001-fe00-b63f-84710c7967bb [ERR] System.InvalidOperationException: Incorrect Content-Type: 
   at Microsoft.AspNetCore.Http.Features.FormFeature.InnerReadFormAsync(CancellationToken cancellationToken)
   at BuildNextWorld.Controllers.ApiEngineController.List(String shortcode, Int32 pageno) in C:\PC Data\Developement\CA\BuildNextWorld\Controllers\ApiEngineController.cs:line 31 (594980af)
2021-02-22T00:22:30.8247821-05:00 8000000c-0000-fa00-b63f-84710c7967bb [ERR] System.InvalidOperationException: Incorrect Content-Type: 
   at Microsoft.AspNetCore.Http.Features.FormFeature.InnerReadFormAsync(CancellationToken cancellationToken)
   at BuildNextWorld.Controllers.ApiEngineController.List(String shortcode, Int32 pageno) in C:\PC Data\Developement\CA\BuildNextWorld\Controllers\ApiEngineController.cs:line 31 (594980af)
2021-02-22T00:28:03.9953737-05:00  [ERR] QUEUED SERVICE WAS STOPPED (9dd9f526)
2021-02-22T00:28:04.0016705-05:00  [ERR] SCHEDULERS HAS BEEN STOPPED. (89ae2ea4)
2021-02-22T00:41:02.7069126-05:00  [ERR] QUEUED SERVICE WAS STOPPED (9dd9f526)
2021-02-22T00:41:02.7228300-05:00  [ERR] SCHEDULERS HAS BEEN STOPPED. (89ae2ea4)
2021-02-22T08:07:30.1011769-05:00  [ERR] QUEUED SERVICE WAS STOPPED (9dd9f526)
2021-02-22T08:07:30.1363657-05:00  [ERR] SCHEDULERS HAS BEEN STOPPED. (89ae2ea4)
