2021-06-14T09:06:23.9053453-04:00  [ERR] QUEUED SERVICE WAS STOPPED (9dd9f526)
2021-06-14T09:06:23.9121332-04:00  [ERR] SCHEDULERS HAS BEEN STOPPED. (89ae2ea4)
2021-06-14T09:19:21.3256474-04:00 8000002c-0000-fb00-b63f-84710c7967bb [ERR] ERROR-->System.IO.IOException: The process cannot access the file 'C:\PC Data\Developement\CA\BuildNextWorldPublish\Themes\Springdell_default\layouts\main.dll' because it is being used by another process.
   at System.IO.FileStream.ValidateFileHandle(SafeFileHandle fileHandle)
   at System.IO.FileStream.CreateFileOpenHandle(FileMode mode, FileShare share, FileOptions options)
   at System.IO.FileStream..ctor(String path, FileMode mode, FileAccess access, FileShare share, Int32 bufferSize, FileOptions options)
   at System.IO.FileStream..ctor(String path, FileMode mode, FileAccess access, FileShare share, Int32 bufferSize, Boolean useAsync)
   at RazorEngineCore.RazorEngineCompiledTemplate`1.LoadFromFileAsync(String fileName)
   at BuildNextWorld.Core.REngineCore.FindTemplate(String viewPath) in C:\PC Data\Developement\CA\BuildNextWorld\Core\REngineCore.cs:line 158
   at BuildNextWorld.Core.REngineCore.RunInternal(String viewPath, ViewModel model, ControllerContext context, Boolean isIncluded) in C:\PC Data\Developement\CA\BuildNextWorld\Core\REngineCore.cs:line 229
   at BuildNextWorld.Core.REngineCore.Run(String viewContent, String viewFile, ViewType viewType, ViewModel model, ControllerContext context) in C:\PC Data\Developement\CA\BuildNextWorld\Core\REngineCore.cs:line 203
   at BuildNextWorld.Controllers.GlobalController.Index() in C:\PC Data\Developement\CA\BuildNextWorld\Controllers\GlobalController.cs:line 33
   at Microsoft.AspNetCore.Mvc.Infrastructure.ActionMethodExecutor.TaskOfIActionResultExecutor.Execute(IActionResultTypeMapper mapper, ObjectMethodExecutor executor, Object controller, Object[] arguments)
   at Microsoft.AspNetCore.Mvc.Infrastructure.ControllerActionInvoker.<InvokeActionMethodAsync>g__Awaited|12_0(ControllerActionInvoker invoker, ValueTask`1 actionResultValueTask)
   at Microsoft.AspNetCore.Mvc.Infrastructure.ControllerActionInvoker.<InvokeNextActionFilterAsync>g__Awaited|10_0(ControllerActionInvoker invoker, Task lastTask, State next, Scope scope, Object state, Boolean isCompleted)
   at Microsoft.AspNetCore.Mvc.Infrastructure.ControllerActionInvoker.Rethrow(ActionExecutedContextSealed context)
   at Microsoft.AspNetCore.Mvc.Infrastructure.ControllerActionInvoker.Next(State& next, Scope& scope, Object& state, Boolean& isCompleted)
   at Microsoft.AspNetCore.Mvc.Infrastructure.ControllerActionInvoker.<InvokeInnerFilterAsync>g__Awaited|13_0(ControllerActionInvoker invoker, Task lastTask, State next, Scope scope, Object state, Boolean isCompleted)
   at Microsoft.AspNetCore.Mvc.Infrastructure.ResourceInvoker.<InvokeNextResourceFilter>g__Awaited|24_0(ResourceInvoker invoker, Task lastTask, State next, Scope scope, Object state, Boolean isCompleted)
   at Microsoft.AspNetCore.Mvc.Infrastructure.ResourceInvoker.Rethrow(ResourceExecutedContextSealed context)
   at Microsoft.AspNetCore.Mvc.Infrastructure.ResourceInvoker.Next(State& next, Scope& scope, Object& state, Boolean& isCompleted)
   at Microsoft.AspNetCore.Mvc.Infrastructure.ResourceInvoker.<InvokeFilterPipelineAsync>g__Awaited|19_0(ResourceInvoker invoker, Task lastTask, State next, Scope scope, Object state, Boolean isCompleted)
   at Microsoft.AspNetCore.Mvc.Infrastructure.ResourceInvoker.<InvokeAsync>g__Awaited|17_0(ResourceInvoker invoker, Task task, IDisposable scope)
   at Microsoft.AspNetCore.Routing.EndpointMiddleware.<Invoke>g__AwaitRequestTask|6_0(Endpoint endpoint, Task requestTask, ILogger logger)
   at Microsoft.AspNetCore.ResponseCompression.ResponseCompressionMiddleware.Invoke(HttpContext context)
   at BuildNextWorld.Core.SpringdellMiddleware.InvokeAsync(HttpContext context) in C:\PC Data\Developement\CA\BuildNextWorld\Core\SpringdellMiddleware.cs:line 55 (4b554634)
2021-06-14T09:19:21.3251582-04:00 80000010-0000-f800-b63f-84710c7967bb [ERR] ERROR-->System.IO.IOException: The process cannot access the file 'C:\PC Data\Developement\CA\BuildNextWorldPublish\Themes\Springdell_default\layouts\main.dll' because it is being used by another process.
   at System.IO.FileStream.ValidateFileHandle(SafeFileHandle fileHandle)
   at System.IO.FileStream.CreateFileOpenHandle(FileMode mode, FileShare share, FileOptions options)
   at System.IO.FileStream..ctor(String path, FileMode mode, FileAccess access, FileShare share, Int32 bufferSize, FileOptions options)
   at System.IO.FileStream..ctor(String path, FileMode mode, FileAccess access, FileShare share, Int32 bufferSize, Boolean useAsync)
   at RazorEngineCore.RazorEngineCompiledTemplate`1.LoadFromFileAsync(String fileName)
   at BuildNextWorld.Core.REngineCore.FindTemplate(String viewPath) in C:\PC Data\Developement\CA\BuildNextWorld\Core\REngineCore.cs:line 158
   at BuildNextWorld.Core.REngineCore.RunInternal(String viewPath, ViewModel model, ControllerContext context, Boolean isIncluded) in C:\PC Data\Developement\CA\BuildNextWorld\Core\REngineCore.cs:line 229
   at BuildNextWorld.Core.REngineCore.Run(String viewContent, String viewFile, ViewType viewType, ViewModel model, ControllerContext context) in C:\PC Data\Developement\CA\BuildNextWorld\Core\REngineCore.cs:line 203
   at BuildNextWorld.Controllers.GlobalController.Index() in C:\PC Data\Developement\CA\BuildNextWorld\Controllers\GlobalController.cs:line 33
   at Microsoft.AspNetCore.Mvc.Infrastructure.ActionMethodExecutor.TaskOfIActionResultExecutor.Execute(IActionResultTypeMapper mapper, ObjectMethodExecutor executor, Object controller, Object[] arguments)
   at Microsoft.AspNetCore.Mvc.Infrastructure.ControllerActionInvoker.<InvokeActionMethodAsync>g__Awaited|12_0(ControllerActionInvoker invoker, ValueTask`1 actionResultValueTask)
   at Microsoft.AspNetCore.Mvc.Infrastructure.ControllerActionInvoker.<InvokeNextActionFilterAsync>g__Awaited|10_0(ControllerActionInvoker invoker, Task lastTask, State next, Scope scope, Object state, Boolean isCompleted)
   at Microsoft.AspNetCore.Mvc.Infrastructure.ControllerActionInvoker.Rethrow(ActionExecutedContextSealed context)
   at Microsoft.AspNetCore.Mvc.Infrastructure.ControllerActionInvoker.Next(State& next, Scope& scope, Object& state, Boolean& isCompleted)
   at Microsoft.AspNetCore.Mvc.Infrastructure.ControllerActionInvoker.<InvokeInnerFilterAsync>g__Awaited|13_0(ControllerActionInvoker invoker, Task lastTask, State next, Scope scope, Object state, Boolean isCompleted)
   at Microsoft.AspNetCore.Mvc.Infrastructure.ResourceInvoker.<InvokeNextResourceFilter>g__Awaited|24_0(ResourceInvoker invoker, Task lastTask, State next, Scope scope, Object state, Boolean isCompleted)
   at Microsoft.AspNetCore.Mvc.Infrastructure.ResourceInvoker.Rethrow(ResourceExecutedContextSealed context)
   at Microsoft.AspNetCore.Mvc.Infrastructure.ResourceInvoker.Next(State& next, Scope& scope, Object& state, Boolean& isCompleted)
   at Microsoft.AspNetCore.Mvc.Infrastructure.ResourceInvoker.<InvokeFilterPipelineAsync>g__Awaited|19_0(ResourceInvoker invoker, Task lastTask, State next, Scope scope, Object state, Boolean isCompleted)
   at Microsoft.AspNetCore.Mvc.Infrastructure.ResourceInvoker.<InvokeAsync>g__Awaited|17_0(ResourceInvoker invoker, Task task, IDisposable scope)
   at Microsoft.AspNetCore.Routing.EndpointMiddleware.<Invoke>g__AwaitRequestTask|6_0(Endpoint endpoint, Task requestTask, ILogger logger)
   at Microsoft.AspNetCore.ResponseCompression.ResponseCompressionMiddleware.Invoke(HttpContext context)
   at BuildNextWorld.Core.SpringdellMiddleware.InvokeAsync(HttpContext context) in C:\PC Data\Developement\CA\BuildNextWorld\Core\SpringdellMiddleware.cs:line 55 (4b554634)
2021-06-14T09:30:05.5358755-04:00  [ERR] QUEUED SERVICE WAS STOPPED (9dd9f526)
2021-06-14T09:30:05.5410497-04:00  [ERR] SCHEDULERS HAS BEEN STOPPED. (89ae2ea4)
2021-06-14T09:30:58.5472609-04:00 80000081-0001-fb00-b63f-84710c7967bb [ERR] ERROR-->MySql.Data.MySqlClient.MySqlException (0x80004005): Host 'NASAIMAGINE-MAC' is not allowed to connect to this MariaDB server
   at MySql.Data.MySqlClient.MySqlStream.ReadPacket()
   at MySql.Data.MySqlClient.NativeDriver.Open()
   at MySql.Data.MySqlClient.Driver.Open()
   at MySql.Data.MySqlClient.Driver.Create(MySqlConnectionStringBuilder settings)
   at MySql.Data.MySqlClient.MySqlPool.CreateNewPooledConnection()
   at MySql.Data.MySqlClient.MySqlPool.GetPooledConnection()
   at MySql.Data.MySqlClient.MySqlPool.TryToGetDriver()
   at MySql.Data.MySqlClient.MySqlPool.GetConnection()
   at MySql.Data.MySqlClient.MySqlConnection.Open()
   at BuildNextWorld.Models.DatabaseServices.getMySQLConnection(String databaseName) in C:\PC Data\Developement\CA\BuildNextWorld\Models\DatabaseServices.cs:line 21
   at BuildNextWorld.Core.SpringdellMiddleware.LoginSystemActivate(HttpContext context) in C:\PC Data\Developement\CA\BuildNextWorld\Core\SpringdellMiddleware.cs:line 139
   at BuildNextWorld.Core.SpringdellMiddleware.InvokeAsync(HttpContext context) in C:\PC Data\Developement\CA\BuildNextWorld\Core\SpringdellMiddleware.cs:line 52 (410fc8c8)
2021-06-14T09:31:06.3901544-04:00 8000002f-0000-f900-b63f-84710c7967bb [ERR] ERROR-->MySql.Data.MySqlClient.MySqlException (0x80004005): Host 'NASAIMAGINE-MAC' is not allowed to connect to this MariaDB server
   at MySql.Data.MySqlClient.MySqlStream.ReadPacket()
   at MySql.Data.MySqlClient.NativeDriver.Open()
   at MySql.Data.MySqlClient.Driver.Open()
   at MySql.Data.MySqlClient.Driver.Create(MySqlConnectionStringBuilder settings)
   at MySql.Data.MySqlClient.MySqlPool.CreateNewPooledConnection()
   at MySql.Data.MySqlClient.MySqlPool.GetPooledConnection()
   at MySql.Data.MySqlClient.MySqlPool.TryToGetDriver()
   at MySql.Data.MySqlClient.MySqlPool.GetConnection()
   at MySql.Data.MySqlClient.MySqlConnection.Open()
   at BuildNextWorld.Models.DatabaseServices.getMySQLConnection(String databaseName) in C:\PC Data\Developement\CA\BuildNextWorld\Models\DatabaseServices.cs:line 21
   at BuildNextWorld.Core.SpringdellMiddleware.LoginSystemActivate(HttpContext context) in C:\PC Data\Developement\CA\BuildNextWorld\Core\SpringdellMiddleware.cs:line 139
   at BuildNextWorld.Core.SpringdellMiddleware.InvokeAsync(HttpContext context) in C:\PC Data\Developement\CA\BuildNextWorld\Core\SpringdellMiddleware.cs:line 52 (410fc8c8)
2021-06-14T09:31:08.4772248-04:00 80000063-0003-ff00-b63f-84710c7967bb [ERR] ERROR-->MySql.Data.MySqlClient.MySqlException (0x80004005): Host 'NASAIMAGINE-MAC' is not allowed to connect to this MariaDB server
   at MySql.Data.MySqlClient.MySqlStream.ReadPacket()
   at MySql.Data.MySqlClient.NativeDriver.Open()
   at MySql.Data.MySqlClient.Driver.Open()
   at MySql.Data.MySqlClient.Driver.Create(MySqlConnectionStringBuilder settings)
   at MySql.Data.MySqlClient.MySqlPool.CreateNewPooledConnection()
   at MySql.Data.MySqlClient.MySqlPool.GetPooledConnection()
   at MySql.Data.MySqlClient.MySqlPool.TryToGetDriver()
   at MySql.Data.MySqlClient.MySqlPool.GetConnection()
   at MySql.Data.MySqlClient.MySqlConnection.Open()
   at BuildNextWorld.Models.DatabaseServices.getMySQLConnection(String databaseName) in C:\PC Data\Developement\CA\BuildNextWorld\Models\DatabaseServices.cs:line 21
   at BuildNextWorld.Core.SpringdellMiddleware.LoginSystemActivate(HttpContext context) in C:\PC Data\Developement\CA\BuildNextWorld\Core\SpringdellMiddleware.cs:line 139
   at BuildNextWorld.Core.SpringdellMiddleware.InvokeAsync(HttpContext context) in C:\PC Data\Developement\CA\BuildNextWorld\Core\SpringdellMiddleware.cs:line 52 (410fc8c8)
2021-06-14T09:31:09.8717800-04:00 80000033-0000-f900-b63f-84710c7967bb [ERR] ERROR-->MySql.Data.MySqlClient.MySqlException (0x80004005): Host 'NASAIMAGINE-MAC' is not allowed to connect to this MariaDB server
   at MySql.Data.MySqlClient.MySqlStream.ReadPacket()
   at MySql.Data.MySqlClient.NativeDriver.Open()
   at MySql.Data.MySqlClient.Driver.Open()
   at MySql.Data.MySqlClient.Driver.Create(MySqlConnectionStringBuilder settings)
   at MySql.Data.MySqlClient.MySqlPool.CreateNewPooledConnection()
   at MySql.Data.MySqlClient.MySqlPool.GetPooledConnection()
   at MySql.Data.MySqlClient.MySqlPool.TryToGetDriver()
   at MySql.Data.MySqlClient.MySqlPool.GetConnection()
   at MySql.Data.MySqlClient.MySqlConnection.Open()
   at BuildNextWorld.Models.DatabaseServices.getMySQLConnection(String databaseName) in C:\PC Data\Developement\CA\BuildNextWorld\Models\DatabaseServices.cs:line 21
   at BuildNextWorld.Core.SpringdellMiddleware.LoginSystemActivate(HttpContext context) in C:\PC Data\Developement\CA\BuildNextWorld\Core\SpringdellMiddleware.cs:line 139
   at BuildNextWorld.Core.SpringdellMiddleware.InvokeAsync(HttpContext context) in C:\PC Data\Developement\CA\BuildNextWorld\Core\SpringdellMiddleware.cs:line 52 (410fc8c8)
2021-06-14T09:31:51.1914011-04:00 80000085-0001-fb00-b63f-84710c7967bb [ERR] ERROR-->MySql.Data.MySqlClient.MySqlException (0x80004005): Host 'NASAIMAGINE-MAC' is not allowed to connect to this MariaDB server
   at MySql.Data.MySqlClient.MySqlStream.ReadPacket()
   at MySql.Data.MySqlClient.NativeDriver.Open()
   at MySql.Data.MySqlClient.Driver.Open()
   at MySql.Data.MySqlClient.Driver.Create(MySqlConnectionStringBuilder settings)
   at MySql.Data.MySqlClient.MySqlPool.CreateNewPooledConnection()
   at MySql.Data.MySqlClient.MySqlPool.GetPooledConnection()
   at MySql.Data.MySqlClient.MySqlPool.TryToGetDriver()
   at MySql.Data.MySqlClient.MySqlPool.GetConnection()
   at MySql.Data.MySqlClient.MySqlConnection.Open()
   at BuildNextWorld.Models.DatabaseServices.getMySQLConnection(String databaseName) in C:\PC Data\Developement\CA\BuildNextWorld\Models\DatabaseServices.cs:line 21
   at BuildNextWorld.Core.SpringdellMiddleware.LoginSystemActivate(HttpContext context) in C:\PC Data\Developement\CA\BuildNextWorld\Core\SpringdellMiddleware.cs:line 139
   at BuildNextWorld.Core.SpringdellMiddleware.InvokeAsync(HttpContext context) in C:\PC Data\Developement\CA\BuildNextWorld\Core\SpringdellMiddleware.cs:line 52 (410fc8c8)
2021-06-14T09:33:38.2743216-04:00 80000047-0002-fe00-b63f-84710c7967bb [ERR] ERROR-->MySql.Data.MySqlClient.MySqlException (0x80004005): Host 'NASAIMAGINE-MAC' is not allowed to connect to this MariaDB server
   at MySql.Data.MySqlClient.MySqlStream.ReadPacket()
   at MySql.Data.MySqlClient.NativeDriver.Open()
   at MySql.Data.MySqlClient.Driver.Open()
   at MySql.Data.MySqlClient.Driver.Create(MySqlConnectionStringBuilder settings)
   at MySql.Data.MySqlClient.MySqlPool.CreateNewPooledConnection()
   at MySql.Data.MySqlClient.MySqlPool.GetPooledConnection()
   at MySql.Data.MySqlClient.MySqlPool.TryToGetDriver()
   at MySql.Data.MySqlClient.MySqlPool.GetConnection()
   at MySql.Data.MySqlClient.MySqlConnection.Open()
   at BuildNextWorld.Models.DatabaseServices.getMySQLConnection(String databaseName) in C:\PC Data\Developement\CA\BuildNextWorld\Models\DatabaseServices.cs:line 21
   at BuildNextWorld.Core.SpringdellMiddleware.LoginSystemActivate(HttpContext context) in C:\PC Data\Developement\CA\BuildNextWorld\Core\SpringdellMiddleware.cs:line 139
   at BuildNextWorld.Core.SpringdellMiddleware.InvokeAsync(HttpContext context) in C:\PC Data\Developement\CA\BuildNextWorld\Core\SpringdellMiddleware.cs:line 52 (410fc8c8)
2021-06-14T09:33:38.4949462-04:00 80000037-0000-f900-b63f-84710c7967bb [ERR] ERROR-->MySql.Data.MySqlClient.MySqlException (0x80004005): Host 'NASAIMAGINE-MAC' is not allowed to connect to this MariaDB server
   at MySql.Data.MySqlClient.MySqlStream.ReadPacket()
   at MySql.Data.MySqlClient.NativeDriver.Open()
   at MySql.Data.MySqlClient.Driver.Open()
   at MySql.Data.MySqlClient.Driver.Create(MySqlConnectionStringBuilder settings)
   at MySql.Data.MySqlClient.MySqlPool.CreateNewPooledConnection()
   at MySql.Data.MySqlClient.MySqlPool.GetPooledConnection()
   at MySql.Data.MySqlClient.MySqlPool.TryToGetDriver()
   at MySql.Data.MySqlClient.MySqlPool.GetConnection()
   at MySql.Data.MySqlClient.MySqlConnection.Open()
   at BuildNextWorld.Models.DatabaseServices.getMySQLConnection(String databaseName) in C:\PC Data\Developement\CA\BuildNextWorld\Models\DatabaseServices.cs:line 21
   at BuildNextWorld.Core.SpringdellMiddleware.LoginSystemActivate(HttpContext context) in C:\PC Data\Developement\CA\BuildNextWorld\Core\SpringdellMiddleware.cs:line 139
   at BuildNextWorld.Core.SpringdellMiddleware.InvokeAsync(HttpContext context) in C:\PC Data\Developement\CA\BuildNextWorld\Core\SpringdellMiddleware.cs:line 52 (410fc8c8)
2021-06-14T09:33:38.5062153-04:00  [ERR] Error occurred executing "workItem". (0e799fa1)
System.NullReferenceException: Object reference not set to an instance of an object.
   at BuildNextWorld.Core.SpringdellMiddleware.<>c__DisplayClass9_0.<<CaptureTraffic>b__0>d.MoveNext() in C:\PC Data\Developement\CA\BuildNextWorld\Core\SpringdellMiddleware.cs:line 250
--- End of stack trace from previous location where exception was thrown ---
   at BuildNextWorld.Core.QueuedHostedService.BackgroundProcessing(CancellationToken stoppingToken) in C:\PC Data\Developement\CA\BuildNextWorld\Core\BackgroundTaskQueue.cs:line 63
2021-06-14T09:33:39.3666619-04:00 80000039-0000-f900-b63f-84710c7967bb [ERR] ERROR-->MySql.Data.MySqlClient.MySqlException (0x80004005): Host 'NASAIMAGINE-MAC' is not allowed to connect to this MariaDB server
   at MySql.Data.MySqlClient.MySqlStream.ReadPacket()
   at MySql.Data.MySqlClient.NativeDriver.Open()
   at MySql.Data.MySqlClient.Driver.Open()
   at MySql.Data.MySqlClient.Driver.Create(MySqlConnectionStringBuilder settings)
   at MySql.Data.MySqlClient.MySqlPool.CreateNewPooledConnection()
   at MySql.Data.MySqlClient.MySqlPool.GetPooledConnection()
   at MySql.Data.MySqlClient.MySqlPool.TryToGetDriver()
   at MySql.Data.MySqlClient.MySqlPool.GetConnection()
   at MySql.Data.MySqlClient.MySqlConnection.Open()
   at BuildNextWorld.Models.DatabaseServices.getMySQLConnection(String databaseName) in C:\PC Data\Developement\CA\BuildNextWorld\Models\DatabaseServices.cs:line 21
   at BuildNextWorld.Core.SpringdellMiddleware.LoginSystemActivate(HttpContext context) in C:\PC Data\Developement\CA\BuildNextWorld\Core\SpringdellMiddleware.cs:line 139
   at BuildNextWorld.Core.SpringdellMiddleware.InvokeAsync(HttpContext context) in C:\PC Data\Developement\CA\BuildNextWorld\Core\SpringdellMiddleware.cs:line 52 (410fc8c8)
2021-06-14T09:33:40.4425694-04:00 80000067-0003-ff00-b63f-84710c7967bb [ERR] ERROR-->MySql.Data.MySqlClient.MySqlException (0x80004005): Host 'NASAIMAGINE-MAC' is not allowed to connect to this MariaDB server
   at MySql.Data.MySqlClient.MySqlStream.ReadPacket()
   at MySql.Data.MySqlClient.NativeDriver.Open()
   at MySql.Data.MySqlClient.Driver.Open()
   at MySql.Data.MySqlClient.Driver.Create(MySqlConnectionStringBuilder settings)
   at MySql.Data.MySqlClient.MySqlPool.CreateNewPooledConnection()
   at MySql.Data.MySqlClient.MySqlPool.GetPooledConnection()
   at MySql.Data.MySqlClient.MySqlPool.TryToGetDriver()
   at MySql.Data.MySqlClient.MySqlPool.GetConnection()
   at MySql.Data.MySqlClient.MySqlConnection.Open()
   at BuildNextWorld.Models.DatabaseServices.getMySQLConnection(String databaseName) in C:\PC Data\Developement\CA\BuildNextWorld\Models\DatabaseServices.cs:line 21
   at BuildNextWorld.Core.SpringdellMiddleware.LoginSystemActivate(HttpContext context) in C:\PC Data\Developement\CA\BuildNextWorld\Core\SpringdellMiddleware.cs:line 139
   at BuildNextWorld.Core.SpringdellMiddleware.InvokeAsync(HttpContext context) in C:\PC Data\Developement\CA\BuildNextWorld\Core\SpringdellMiddleware.cs:line 52 (410fc8c8)
2021-06-14T09:33:55.2445130-04:00  [ERR] QUEUED SERVICE WAS STOPPED (9dd9f526)
2021-06-14T09:33:55.2469166-04:00  [ERR] SCHEDULERS HAS BEEN STOPPED. (89ae2ea4)
2021-06-14T09:37:12.7809216-04:00  [ERR] QUEUED SERVICE WAS STOPPED (9dd9f526)
2021-06-14T09:37:12.8757493-04:00  [ERR] SCHEDULERS HAS BEEN STOPPED. (89ae2ea4)
2021-06-14T09:40:29.2038829-04:00 80000002-0003-f900-b63f-84710c7967bb [ERR] ERROR-->System.IO.IOException: The process cannot access the file 'C:\PC Data\Developement\CA\BuildNextWorldPublish\Themes\Springdell_default\index.dll' because it is being used by another process.
   at System.IO.FileStream.ValidateFileHandle(SafeFileHandle fileHandle)
   at System.IO.FileStream.CreateFileOpenHandle(FileMode mode, FileShare share, FileOptions options)
   at System.IO.FileStream..ctor(String path, FileMode mode, FileAccess access, FileShare share, Int32 bufferSize, FileOptions options)
   at System.IO.FileStream..ctor(String path, FileMode mode, FileAccess access, FileShare share, Int32 bufferSize, Boolean useAsync)
   at RazorEngineCore.RazorEngineCompiledTemplate`1.LoadFromFileAsync(String fileName)
   at BuildNextWorld.Core.REngineCore.FindTemplate(String viewPath) in C:\PC Data\Developement\CA\BuildNextWorld\Core\REngineCore.cs:line 158
   at BuildNextWorld.Core.REngineCore.RunInternal(String viewPath, ViewModel model, ControllerContext context, Boolean isIncluded) in C:\PC Data\Developement\CA\BuildNextWorld\Core\REngineCore.cs:line 212
   at BuildNextWorld.Core.REngineCore.Run(String viewContent, String viewFile, ViewType viewType, ViewModel model, ControllerContext context) in C:\PC Data\Developement\CA\BuildNextWorld\Core\REngineCore.cs:line 203
   at BuildNextWorld.Controllers.GlobalController.Index() in C:\PC Data\Developement\CA\BuildNextWorld\Controllers\GlobalController.cs:line 33
   at Microsoft.AspNetCore.Mvc.Infrastructure.ActionMethodExecutor.TaskOfIActionResultExecutor.Execute(IActionResultTypeMapper mapper, ObjectMethodExecutor executor, Object controller, Object[] arguments)
   at Microsoft.AspNetCore.Mvc.Infrastructure.ControllerActionInvoker.<InvokeActionMethodAsync>g__Awaited|12_0(ControllerActionInvoker invoker, ValueTask`1 actionResultValueTask)
   at Microsoft.AspNetCore.Mvc.Infrastructure.ControllerActionInvoker.<InvokeNextActionFilterAsync>g__Awaited|10_0(ControllerActionInvoker invoker, Task lastTask, State next, Scope scope, Object state, Boolean isCompleted)
   at Microsoft.AspNetCore.Mvc.Infrastructure.ControllerActionInvoker.Rethrow(ActionExecutedContextSealed context)
   at Microsoft.AspNetCore.Mvc.Infrastructure.ControllerActionInvoker.Next(State& next, Scope& scope, Object& state, Boolean& isCompleted)
   at Microsoft.AspNetCore.Mvc.Infrastructure.ControllerActionInvoker.InvokeInnerFilterAsync()
--- End of stack trace from previous location where exception was thrown ---
   at Microsoft.AspNetCore.Mvc.Infrastructure.ResourceInvoker.<InvokeNextResourceFilter>g__Awaited|24_0(ResourceInvoker invoker, Task lastTask, State next, Scope scope, Object state, Boolean isCompleted)
   at Microsoft.AspNetCore.Mvc.Infrastructure.ResourceInvoker.Rethrow(ResourceExecutedContextSealed context)
   at Microsoft.AspNetCore.Mvc.Infrastructure.ResourceInvoker.Next(State& next, Scope& scope, Object& state, Boolean& isCompleted)
   at Microsoft.AspNetCore.Mvc.Infrastructure.ResourceInvoker.InvokeFilterPipelineAsync()
--- End of stack trace from previous location where exception was thrown ---
   at Microsoft.AspNetCore.Mvc.Infrastructure.ResourceInvoker.<InvokeAsync>g__Awaited|17_0(ResourceInvoker invoker, Task task, IDisposable scope)
   at Microsoft.AspNetCore.Routing.EndpointMiddleware.<Invoke>g__AwaitRequestTask|6_0(Endpoint endpoint, Task requestTask, ILogger logger)
   at Microsoft.AspNetCore.ResponseCompression.ResponseCompressionMiddleware.Invoke(HttpContext context)
   at BuildNextWorld.Core.SpringdellMiddleware.InvokeAsync(HttpContext context) in C:\PC Data\Developement\CA\BuildNextWorld\Core\SpringdellMiddleware.cs:line 55 (1cb76931)
2021-06-14T09:42:28.6100615-04:00  [ERR] QUEUED SERVICE WAS STOPPED (9dd9f526)
2021-06-14T09:42:28.6126021-04:00  [ERR] SCHEDULERS HAS BEEN STOPPED. (89ae2ea4)
2021-06-14T09:45:02.5976498-04:00 8000000d-0001-ff00-b63f-84710c7967bb [ERR] ERROR-->System.Exception: EX-017 Access to page/resource is denied
   at BuildNextWorld.Core.MiddlewareSecurity.FinalDecision() in C:\PC Data\Developement\CA\BuildNextWorld\Core\ApplicationSecurity.cs:line 148
   at BuildNextWorld.Core.MiddlewareSecurity..ctor(HttpContext context) in C:\PC Data\Developement\CA\BuildNextWorld\Core\ApplicationSecurity.cs:line 68
   at BuildNextWorld.Core.SpringdellMiddleware.InvokeAsync(HttpContext context) in C:\PC Data\Developement\CA\BuildNextWorld\Core\SpringdellMiddleware.cs:line 53 (3b72e1b9)
2021-06-14T09:45:13.1664076-04:00 8000000e-0003-fa00-b63f-84710c7967bb [ERR] ERROR-->System.Exception: EX-017 Access to page/resource is denied
   at BuildNextWorld.Core.MiddlewareSecurity.FinalDecision() in C:\PC Data\Developement\CA\BuildNextWorld\Core\ApplicationSecurity.cs:line 148
   at BuildNextWorld.Core.MiddlewareSecurity..ctor(HttpContext context) in C:\PC Data\Developement\CA\BuildNextWorld\Core\ApplicationSecurity.cs:line 68
   at BuildNextWorld.Core.SpringdellMiddleware.InvokeAsync(HttpContext context) in C:\PC Data\Developement\CA\BuildNextWorld\Core\SpringdellMiddleware.cs:line 53 (3b72e1b9)
2021-06-14T10:04:30.4357488-04:00  [ERR] QUEUED SERVICE WAS STOPPED (9dd9f526)
2021-06-14T10:04:30.4387198-04:00  [ERR] SCHEDULERS HAS BEEN STOPPED. (89ae2ea4)
2021-06-14T10:07:09.0080797-04:00  [ERR] QUEUED SERVICE WAS STOPPED (9dd9f526)
2021-06-14T10:07:09.0496033-04:00  [ERR] SCHEDULERS HAS BEEN STOPPED. (89ae2ea4)
2021-06-14T10:13:37.1112176-04:00 8000003c-0000-fb00-b63f-84710c7967bb [ERR] ERROR-->System.IO.IOException: The directory is not empty. : 'C:\PC Data\Developement\CA\BuildNextWorldPublish\runtimes'
   at System.IO.FileSystem.RemoveDirectoryInternal(String fullPath, Boolean topLevel, Boolean allowDirectoryNotEmpty)
   at System.IO.FileSystem.RemoveDirectory(String fullPath, Boolean recursive)
   at System.IO.Directory.Delete(String path)
   at BuildNextWorld.Areas.Console.Controllers.FilesController.FileOperation(String spath, String type, String target, String newname) in C:\PC Data\Developement\CA\BuildNextWorld\Areas\Console\Controllers\FilesController.cs:line 86
   at lambda_method(Closure , Object , Object[] )
   at Microsoft.Extensions.Internal.ObjectMethodExecutor.Execute(Object target, Object[] parameters)
   at Microsoft.AspNetCore.Mvc.Infrastructure.ActionMethodExecutor.SyncActionResultExecutor.Execute(IActionResultTypeMapper mapper, ObjectMethodExecutor executor, Object controller, Object[] arguments)
   at Microsoft.AspNetCore.Mvc.Infrastructure.ControllerActionInvoker.InvokeActionMethodAsync()
   at Microsoft.AspNetCore.Mvc.Infrastructure.ControllerActionInvoker.Next(State& next, Scope& scope, Object& state, Boolean& isCompleted)
   at Microsoft.AspNetCore.Mvc.Infrastructure.ControllerActionInvoker.InvokeNextActionFilterAsync()
--- End of stack trace from previous location where exception was thrown ---
   at Microsoft.AspNetCore.Mvc.Infrastructure.ControllerActionInvoker.Rethrow(ActionExecutedContextSealed context)
   at Microsoft.AspNetCore.Mvc.Infrastructure.ControllerActionInvoker.Next(State& next, Scope& scope, Object& state, Boolean& isCompleted)
   at Microsoft.AspNetCore.Mvc.Infrastructure.ControllerActionInvoker.InvokeInnerFilterAsync()
--- End of stack trace from previous location where exception was thrown ---
   at Microsoft.AspNetCore.Mvc.Infrastructure.ResourceInvoker.<InvokeNextResourceFilter>g__Awaited|24_0(ResourceInvoker invoker, Task lastTask, State next, Scope scope, Object state, Boolean isCompleted)
   at Microsoft.AspNetCore.Mvc.Infrastructure.ResourceInvoker.Rethrow(ResourceExecutedContextSealed context)
   at Microsoft.AspNetCore.Mvc.Infrastructure.ResourceInvoker.Next(State& next, Scope& scope, Object& state, Boolean& isCompleted)
   at Microsoft.AspNetCore.Mvc.Infrastructure.ResourceInvoker.InvokeFilterPipelineAsync()
--- End of stack trace from previous location where exception was thrown ---
   at Microsoft.AspNetCore.Mvc.Infrastructure.ResourceInvoker.<InvokeAsync>g__Awaited|17_0(ResourceInvoker invoker, Task task, IDisposable scope)
   at Microsoft.AspNetCore.Routing.EndpointMiddleware.<Invoke>g__AwaitRequestTask|6_0(Endpoint endpoint, Task requestTask, ILogger logger)
   at Microsoft.AspNetCore.ResponseCompression.ResponseCompressionMiddleware.Invoke(HttpContext context)
   at BuildNextWorld.Core.SpringdellMiddleware.InvokeAsync(HttpContext context) in C:\PC Data\Developement\CA\BuildNextWorld\Core\SpringdellMiddleware.cs:line 55 (674beb5d)
2021-06-14T10:15:28.8102108-04:00  [ERR] QUEUED SERVICE WAS STOPPED (9dd9f526)
2021-06-14T10:15:28.8128901-04:00  [ERR] SCHEDULERS HAS BEEN STOPPED. (89ae2ea4)
2021-06-14T10:27:02.9051614-04:00 80000017-0000-fe00-b63f-84710c7967bb [ERR] ERROR-->System.Exception: EX-019 - Page not found.
   at BuildNextWorld.Core.MiddlewareSecurity.FindAreaApplication() in C:\PC Data\Developement\CA\BuildNextWorld\Core\ApplicationSecurity.cs:line 246
   at BuildNextWorld.Core.MiddlewareSecurity..ctor(HttpContext context) in C:\PC Data\Developement\CA\BuildNextWorld\Core\ApplicationSecurity.cs:line 59
   at BuildNextWorld.Core.SpringdellMiddleware.InvokeAsync(HttpContext context) in C:\PC Data\Developement\CA\BuildNextWorld\Core\SpringdellMiddleware.cs:line 53 (80ae7397)
2021-06-14T10:27:02.8913200-04:00 80000012-0000-f800-b63f-84710c7967bb [ERR] ERROR-->System.Exception: EX-019 - Page not found.
   at BuildNextWorld.Core.MiddlewareSecurity.FindAreaApplication() in C:\PC Data\Developement\CA\BuildNextWorld\Core\ApplicationSecurity.cs:line 246
   at BuildNextWorld.Core.MiddlewareSecurity..ctor(HttpContext context) in C:\PC Data\Developement\CA\BuildNextWorld\Core\ApplicationSecurity.cs:line 59
   at BuildNextWorld.Core.SpringdellMiddleware.InvokeAsync(HttpContext context) in C:\PC Data\Developement\CA\BuildNextWorld\Core\SpringdellMiddleware.cs:line 53 (80ae7397)
2021-06-14T10:27:02.8905424-04:00 8000007f-0000-fc00-b63f-84710c7967bb [ERR] ERROR-->System.Exception: EX-019 - Page not found.
   at BuildNextWorld.Core.MiddlewareSecurity.FindAreaApplication() in C:\PC Data\Developement\CA\BuildNextWorld\Core\ApplicationSecurity.cs:line 246
   at BuildNextWorld.Core.MiddlewareSecurity..ctor(HttpContext context) in C:\PC Data\Developement\CA\BuildNextWorld\Core\ApplicationSecurity.cs:line 59
   at BuildNextWorld.Core.SpringdellMiddleware.InvokeAsync(HttpContext context) in C:\PC Data\Developement\CA\BuildNextWorld\Core\SpringdellMiddleware.cs:line 53 (80ae7397)
2021-06-14T10:27:03.1542475-04:00 80000081-0000-fc00-b63f-84710c7967bb [ERR] ERROR-->System.Exception: EX-019 - Page not found.
   at BuildNextWorld.Core.MiddlewareSecurity.FindAreaApplication() in C:\PC Data\Developement\CA\BuildNextWorld\Core\ApplicationSecurity.cs:line 246
   at BuildNextWorld.Core.MiddlewareSecurity..ctor(HttpContext context) in C:\PC Data\Developement\CA\BuildNextWorld\Core\ApplicationSecurity.cs:line 59
   at BuildNextWorld.Core.SpringdellMiddleware.InvokeAsync(HttpContext context) in C:\PC Data\Developement\CA\BuildNextWorld\Core\SpringdellMiddleware.cs:line 53 (80ae7397)
2021-06-14T10:27:04.0602991-04:00 8000003f-0001-fe00-b63f-84710c7967bb [ERR] ERROR-->System.Exception: EX-019 - Page not found.
   at BuildNextWorld.Core.MiddlewareSecurity.FindAreaApplication() in C:\PC Data\Developement\CA\BuildNextWorld\Core\ApplicationSecurity.cs:line 246
   at BuildNextWorld.Core.MiddlewareSecurity..ctor(HttpContext context) in C:\PC Data\Developement\CA\BuildNextWorld\Core\ApplicationSecurity.cs:line 59
   at BuildNextWorld.Core.SpringdellMiddleware.InvokeAsync(HttpContext context) in C:\PC Data\Developement\CA\BuildNextWorld\Core\SpringdellMiddleware.cs:line 53 (80ae7397)
2021-06-14T10:27:27.2372011-04:00 80000014-0000-f800-b63f-84710c7967bb [ERR] ERROR-->System.Exception: EX-019 - Page not found.
   at BuildNextWorld.Core.MiddlewareSecurity.FindAreaApplication() in C:\PC Data\Developement\CA\BuildNextWorld\Core\ApplicationSecurity.cs:line 246
   at BuildNextWorld.Core.MiddlewareSecurity..ctor(HttpContext context) in C:\PC Data\Developement\CA\BuildNextWorld\Core\ApplicationSecurity.cs:line 59
   at BuildNextWorld.Core.SpringdellMiddleware.InvokeAsync(HttpContext context) in C:\PC Data\Developement\CA\BuildNextWorld\Core\SpringdellMiddleware.cs:line 53 (80ae7397)
2021-06-14T10:27:27.2489184-04:00 80000041-0001-fe00-b63f-84710c7967bb [ERR] ERROR-->System.Exception: EX-019 - Page not found.
   at BuildNextWorld.Core.MiddlewareSecurity.FindAreaApplication() in C:\PC Data\Developement\CA\BuildNextWorld\Core\ApplicationSecurity.cs:line 246
   at BuildNextWorld.Core.MiddlewareSecurity..ctor(HttpContext context) in C:\PC Data\Developement\CA\BuildNextWorld\Core\ApplicationSecurity.cs:line 59
   at BuildNextWorld.Core.SpringdellMiddleware.InvokeAsync(HttpContext context) in C:\PC Data\Developement\CA\BuildNextWorld\Core\SpringdellMiddleware.cs:line 53 (80ae7397)
2021-06-14T10:27:27.2809303-04:00 80000083-0000-fc00-b63f-84710c7967bb [ERR] ERROR-->System.Exception: EX-019 - Page not found.
   at BuildNextWorld.Core.MiddlewareSecurity.FindAreaApplication() in C:\PC Data\Developement\CA\BuildNextWorld\Core\ApplicationSecurity.cs:line 246
   at BuildNextWorld.Core.MiddlewareSecurity..ctor(HttpContext context) in C:\PC Data\Developement\CA\BuildNextWorld\Core\ApplicationSecurity.cs:line 59
   at BuildNextWorld.Core.SpringdellMiddleware.InvokeAsync(HttpContext context) in C:\PC Data\Developement\CA\BuildNextWorld\Core\SpringdellMiddleware.cs:line 53 (80ae7397)
2021-06-14T10:27:27.3534804-04:00 80000043-0001-fe00-b63f-84710c7967bb [ERR] ERROR-->System.Exception: EX-019 - Page not found.
   at BuildNextWorld.Core.MiddlewareSecurity.FindAreaApplication() in C:\PC Data\Developement\CA\BuildNextWorld\Core\ApplicationSecurity.cs:line 246
   at BuildNextWorld.Core.MiddlewareSecurity..ctor(HttpContext context) in C:\PC Data\Developement\CA\BuildNextWorld\Core\ApplicationSecurity.cs:line 59
   at BuildNextWorld.Core.SpringdellMiddleware.InvokeAsync(HttpContext context) in C:\PC Data\Developement\CA\BuildNextWorld\Core\SpringdellMiddleware.cs:line 53 (80ae7397)
2021-06-14T10:47:29.5150345-04:00  [ERR] QUEUED SERVICE WAS STOPPED (9dd9f526)
2021-06-14T10:47:29.5173437-04:00  [ERR] SCHEDULERS HAS BEEN STOPPED. (89ae2ea4)
2021-06-14T11:07:23.8348883-04:00 80000019-0003-fb00-b63f-84710c7967bb [ERR] ERROR-->System.Exception: EX-019 - Page not found.
   at BuildNextWorld.Core.MiddlewareSecurity.FindAreaApplication() in C:\PC Data\Developement\CA\BuildNextWorld\Core\ApplicationSecurity.cs:line 246
   at BuildNextWorld.Core.MiddlewareSecurity..ctor(HttpContext context) in C:\PC Data\Developement\CA\BuildNextWorld\Core\ApplicationSecurity.cs:line 59
   at BuildNextWorld.Core.SpringdellMiddleware.InvokeAsync(HttpContext context) in C:\PC Data\Developement\CA\BuildNextWorld\Core\SpringdellMiddleware.cs:line 53 (80ae7397)
2021-06-14T11:07:23.8387190-04:00 80000045-0001-fe00-b63f-84710c7967bb [ERR] ERROR-->System.Exception: EX-019 - Page not found.
   at BuildNextWorld.Core.MiddlewareSecurity.FindAreaApplication() in C:\PC Data\Developement\CA\BuildNextWorld\Core\ApplicationSecurity.cs:line 246
   at BuildNextWorld.Core.MiddlewareSecurity..ctor(HttpContext context) in C:\PC Data\Developement\CA\BuildNextWorld\Core\ApplicationSecurity.cs:line 59
   at BuildNextWorld.Core.SpringdellMiddleware.InvokeAsync(HttpContext context) in C:\PC Data\Developement\CA\BuildNextWorld\Core\SpringdellMiddleware.cs:line 53 (80ae7397)
2021-06-14T11:07:23.8184984-04:00 8000002d-0001-ff00-b63f-84710c7967bb [ERR] ERROR-->System.Exception: EX-019 - Page not found.
   at BuildNextWorld.Core.MiddlewareSecurity.FindAreaApplication() in C:\PC Data\Developement\CA\BuildNextWorld\Core\ApplicationSecurity.cs:line 246
   at BuildNextWorld.Core.MiddlewareSecurity..ctor(HttpContext context) in C:\PC Data\Developement\CA\BuildNextWorld\Core\ApplicationSecurity.cs:line 59
   at BuildNextWorld.Core.SpringdellMiddleware.InvokeAsync(HttpContext context) in C:\PC Data\Developement\CA\BuildNextWorld\Core\SpringdellMiddleware.cs:line 53 (80ae7397)
2021-06-14T11:07:24.3833074-04:00 8000004a-0000-fb00-b63f-84710c7967bb [ERR] ERROR-->System.Exception: EX-019 - Page not found.
   at BuildNextWorld.Core.MiddlewareSecurity.FindAreaApplication() in C:\PC Data\Developement\CA\BuildNextWorld\Core\ApplicationSecurity.cs:line 246
   at BuildNextWorld.Core.MiddlewareSecurity..ctor(HttpContext context) in C:\PC Data\Developement\CA\BuildNextWorld\Core\ApplicationSecurity.cs:line 59
   at BuildNextWorld.Core.SpringdellMiddleware.InvokeAsync(HttpContext context) in C:\PC Data\Developement\CA\BuildNextWorld\Core\SpringdellMiddleware.cs:line 53 (80ae7397)
2021-06-14T11:07:24.8887611-04:00 8000002f-0001-ff00-b63f-84710c7967bb [ERR] ERROR-->System.Exception: EX-019 - Page not found.
   at BuildNextWorld.Core.MiddlewareSecurity.FindAreaApplication() in C:\PC Data\Developement\CA\BuildNextWorld\Core\ApplicationSecurity.cs:line 246
   at BuildNextWorld.Core.MiddlewareSecurity..ctor(HttpContext context) in C:\PC Data\Developement\CA\BuildNextWorld\Core\ApplicationSecurity.cs:line 59
   at BuildNextWorld.Core.SpringdellMiddleware.InvokeAsync(HttpContext context) in C:\PC Data\Developement\CA\BuildNextWorld\Core\SpringdellMiddleware.cs:line 53 (80ae7397)
2021-06-14T11:28:15.5168110-04:00  [ERR] QUEUED SERVICE WAS STOPPED (9dd9f526)
2021-06-14T11:28:15.5199338-04:00  [ERR] SCHEDULERS HAS BEEN STOPPED. (89ae2ea4)
