2020-11-18T23:02:53.1371073-05:00 80000017-0001-ff00-b63f-84710c7967bb [ERR] ERROR-->System.Exception: EX-019 - Page not found.
   at BuildNextWorld.Core.MiddlewareSecurity.FindAreaApplication() in C:\PC Data\Developement\CA\BuildNextWorld\Core\ApplicationSecurity.cs:line 244
   at BuildNextWorld.Core.MiddlewareSecurity..ctor(HttpContext context) in C:\PC Data\Developement\CA\BuildNextWorld\Core\ApplicationSecurity.cs:line 59
   at BuildNextWorld.Core.SpringdellMiddleware.InvokeAsync(HttpContext context) in C:\PC Data\Developement\CA\BuildNextWorld\Core\SpringdellMiddleware.cs:line 49 (2cc053bb)
2020-11-18T23:02:53.1603864-05:00 8000000b-0001-fe00-b63f-84710c7967bb [ERR] ERROR-->System.Exception: EX-019 - Page not found.
   at BuildNextWorld.Core.MiddlewareSecurity.FindAreaApplication() in C:\PC Data\Developement\CA\BuildNextWorld\Core\ApplicationSecurity.cs:line 244
   at BuildNextWorld.Core.MiddlewareSecurity..ctor(HttpContext context) in C:\PC Data\Developement\CA\BuildNextWorld\Core\ApplicationSecurity.cs:line 59
   at BuildNextWorld.Core.SpringdellMiddleware.InvokeAsync(HttpContext context) in C:\PC Data\Developement\CA\BuildNextWorld\Core\SpringdellMiddleware.cs:line 49 (2cc053bb)
2020-11-18T23:02:53.1622601-05:00 8000005c-0000-fd00-b63f-84710c7967bb [ERR] ERROR-->System.Exception: EX-019 - Page not found.
   at BuildNextWorld.Core.MiddlewareSecurity.FindAreaApplication() in C:\PC Data\Developement\CA\BuildNextWorld\Core\ApplicationSecurity.cs:line 244
   at BuildNextWorld.Core.MiddlewareSecurity..ctor(HttpContext context) in C:\PC Data\Developement\CA\BuildNextWorld\Core\ApplicationSecurity.cs:line 59
   at BuildNextWorld.Core.SpringdellMiddleware.InvokeAsync(HttpContext context) in C:\PC Data\Developement\CA\BuildNextWorld\Core\SpringdellMiddleware.cs:line 49 (2cc053bb)
2020-11-18T23:02:53.2834475-05:00 8000005e-0000-fd00-b63f-84710c7967bb [ERR] ERROR-->System.Exception: EX-019 - Page not found.
   at BuildNextWorld.Core.MiddlewareSecurity.FindAreaApplication() in C:\PC Data\Developement\CA\BuildNextWorld\Core\ApplicationSecurity.cs:line 244
   at BuildNextWorld.Core.MiddlewareSecurity..ctor(HttpContext context) in C:\PC Data\Developement\CA\BuildNextWorld\Core\ApplicationSecurity.cs:line 59
   at BuildNextWorld.Core.SpringdellMiddleware.InvokeAsync(HttpContext context) in C:\PC Data\Developement\CA\BuildNextWorld\Core\SpringdellMiddleware.cs:line 49 (2cc053bb)
2020-11-18T23:02:53.8418882-05:00 80000019-0001-ff00-b63f-84710c7967bb [ERR] ERROR-->System.Exception: EX-019 - Page not found.
   at BuildNextWorld.Core.MiddlewareSecurity.FindAreaApplication() in C:\PC Data\Developement\CA\BuildNextWorld\Core\ApplicationSecurity.cs:line 244
   at BuildNextWorld.Core.MiddlewareSecurity..ctor(HttpContext context) in C:\PC Data\Developement\CA\BuildNextWorld\Core\ApplicationSecurity.cs:line 59
   at BuildNextWorld.Core.SpringdellMiddleware.InvokeAsync(HttpContext context) in C:\PC Data\Developement\CA\BuildNextWorld\Core\SpringdellMiddleware.cs:line 49 (2cc053bb)
2020-11-18T23:02:58.0789044-05:00 80000060-0000-fd00-b63f-84710c7967bb [ERR] ERROR-->System.Exception: EX-019 - Page not found.
   at BuildNextWorld.Core.MiddlewareSecurity.FindAreaApplication() in C:\PC Data\Developement\CA\BuildNextWorld\Core\ApplicationSecurity.cs:line 244
   at BuildNextWorld.Core.MiddlewareSecurity..ctor(HttpContext context) in C:\PC Data\Developement\CA\BuildNextWorld\Core\ApplicationSecurity.cs:line 59
   at BuildNextWorld.Core.SpringdellMiddleware.InvokeAsync(HttpContext context) in C:\PC Data\Developement\CA\BuildNextWorld\Core\SpringdellMiddleware.cs:line 49 (2cc053bb)
2020-11-18T23:02:58.1712335-05:00 8000001d-0001-ff00-b63f-84710c7967bb [ERR] ERROR-->System.Exception: EX-019 - Page not found.
   at BuildNextWorld.Core.MiddlewareSecurity.FindAreaApplication() in C:\PC Data\Developement\CA\BuildNextWorld\Core\ApplicationSecurity.cs:line 244
   at BuildNextWorld.Core.MiddlewareSecurity..ctor(HttpContext context) in C:\PC Data\Developement\CA\BuildNextWorld\Core\ApplicationSecurity.cs:line 59
   at BuildNextWorld.Core.SpringdellMiddleware.InvokeAsync(HttpContext context) in C:\PC Data\Developement\CA\BuildNextWorld\Core\SpringdellMiddleware.cs:line 49 (2cc053bb)
2020-11-18T23:23:44.8760853-05:00  [ERR] QUEUED SERVICE WAS STOPPED (9dd9f526)
2020-11-18T23:23:44.8830685-05:00  [ERR] SCHEDULERS HAS BEEN STOPPED. (89ae2ea4)
