2021-02-09T09:38:12.4173994-05:00 80000002-0000-fe00-b63f-84710c7967bb [ERR] ERROR-->System.IO.IOException: The process cannot access the file 'C:\PC Data\Developement\CA\BuildNextWorldPublish\Themes\Springdell_default\index.dll' because it is being used by another process.
   at System.IO.FileStream.ValidateFileHandle(SafeFileHandle fileHandle)
   at System.IO.FileStream.CreateFileOpenHandle(FileMode mode, FileShare share, FileOptions options)
   at System.IO.FileStream..ctor(String path, FileMode mode, FileAccess access, FileShare share, Int32 bufferSize, FileOptions options)
   at System.IO.FileStream..ctor(String path, FileMode mode, FileAccess access, FileShare share, Int32 bufferSize, Boolean useAsync)
   at RazorEngineCore.RazorEngineCompiledTemplate`1.LoadFromFileAsync(String fileName)
   at BuildNextWorld.Core.REngineCore.FindTemplate(String viewPath) in C:\PC Data\Developement\CA\BuildNextWorld\Core\REngineCore.cs:line 158
   at BuildNextWorld.Core.REngineCore.RunInternal(String viewPath, ViewModel model, ControllerContext context, Boolean isIncluded) in C:\PC Data\Developement\CA\BuildNextWorld\Core\REngineCore.cs:line 212
   at BuildNextWorld.Core.REngineCore.Run(String viewContent, String viewFile, ViewType viewType, ViewModel model, ControllerContext context) in C:\PC Data\Developement\CA\BuildNextWorld\Core\REngineCore.cs:line 203
   at BuildNextWorld.Controllers.GlobalController.Index() in C:\PC Data\Developement\CA\BuildNextWorld\Controllers\GlobalController.cs:line 33
   at Microsoft.AspNetCore.Mvc.Infrastructure.ActionMethodExecutor.TaskOfIActionResultExecutor.Execute(IActionResultTypeMapper mapper, ObjectMethodExecutor executor, Object controller, Object[] arguments)
   at Microsoft.AspNetCore.Mvc.Infrastructure.ControllerActionInvoker.<InvokeActionMethodAsync>g__Awaited|12_0(ControllerActionInvoker invoker, ValueTask`1 actionResultValueTask)
   at Microsoft.AspNetCore.Mvc.Infrastructure.ControllerActionInvoker.<InvokeNextActionFilterAsync>g__Awaited|10_0(ControllerActionInvoker invoker, Task lastTask, State next, Scope scope, Object state, Boolean isCompleted)
   at Microsoft.AspNetCore.Mvc.Infrastructure.ControllerActionInvoker.Rethrow(ActionExecutedContextSealed context)
   at Microsoft.AspNetCore.Mvc.Infrastructure.ControllerActionInvoker.Next(State& next, Scope& scope, Object& state, Boolean& isCompleted)
   at Microsoft.AspNetCore.Mvc.Infrastructure.ControllerActionInvoker.InvokeInnerFilterAsync()
--- End of stack trace from previous location where exception was thrown ---
   at Microsoft.AspNetCore.Mvc.Infrastructure.ResourceInvoker.<InvokeNextResourceFilter>g__Awaited|24_0(ResourceInvoker invoker, Task lastTask, State next, Scope scope, Object state, Boolean isCompleted)
   at Microsoft.AspNetCore.Mvc.Infrastructure.ResourceInvoker.Rethrow(ResourceExecutedContextSealed context)
   at Microsoft.AspNetCore.Mvc.Infrastructure.ResourceInvoker.Next(State& next, Scope& scope, Object& state, Boolean& isCompleted)
   at Microsoft.AspNetCore.Mvc.Infrastructure.ResourceInvoker.InvokeFilterPipelineAsync()
--- End of stack trace from previous location where exception was thrown ---
   at Microsoft.AspNetCore.Mvc.Infrastructure.ResourceInvoker.<InvokeAsync>g__Awaited|17_0(ResourceInvoker invoker, Task task, IDisposable scope)
   at Microsoft.AspNetCore.Routing.EndpointMiddleware.<Invoke>g__AwaitRequestTask|6_0(Endpoint endpoint, Task requestTask, ILogger logger)
   at Microsoft.AspNetCore.ResponseCompression.ResponseCompressionMiddleware.Invoke(HttpContext context)
   at BuildNextWorld.Core.SpringdellMiddleware.InvokeAsync(HttpContext context) in C:\PC Data\Developement\CA\BuildNextWorld\Core\SpringdellMiddleware.cs:line 51 (6230742e)
2021-02-09T09:38:12.5721449-05:00 80000002-0001-f800-b63f-84710c7967bb [ERR] ERROR-->System.Exception: EX-031 - Access denied
   at BuildNextWorld.Core.LogicalMiddleware..ctor(String ViewShortCode, ControllerContext context) in C:\PC Data\Developement\CA\BuildNextWorld\Core\LogicalMiddleware.cs:line 51
   at BuildNextWorld.Core.ShortCodeLanguage.Logic(String logicName, Dictionary`2 Where, String conop) in C:\PC Data\Developement\CA\BuildNextWorld\Core\ShortCodeLanguage.cs:line 180
   at TemplateNamespace.Template.ExecuteAsync()
   at RazorEngineCore.RazorEngineCompiledTemplate`1.RunAsync(Action`1 initializer)
   at BuildNextWorld.Core.REngineCore.RunInternal(String viewPath, ViewModel model, ControllerContext context, Boolean isIncluded) in C:\PC Data\Developement\CA\BuildNextWorld\Core\REngineCore.cs:line 213
   at BuildNextWorld.Core.REngineCore.Run(String viewContent, String viewFile, ViewType viewType, ViewModel model, ControllerContext context) in C:\PC Data\Developement\CA\BuildNextWorld\Core\REngineCore.cs:line 203
   at BuildNextWorld.Controllers.GlobalController.Index() in C:\PC Data\Developement\CA\BuildNextWorld\Controllers\GlobalController.cs:line 33
   at Microsoft.AspNetCore.Mvc.Infrastructure.ActionMethodExecutor.TaskOfIActionResultExecutor.Execute(IActionResultTypeMapper mapper, ObjectMethodExecutor executor, Object controller, Object[] arguments)
   at Microsoft.AspNetCore.Mvc.Infrastructure.ControllerActionInvoker.<InvokeActionMethodAsync>g__Awaited|12_0(ControllerActionInvoker invoker, ValueTask`1 actionResultValueTask)
   at Microsoft.AspNetCore.Mvc.Infrastructure.ControllerActionInvoker.<InvokeNextActionFilterAsync>g__Awaited|10_0(ControllerActionInvoker invoker, Task lastTask, State next, Scope scope, Object state, Boolean isCompleted)
   at Microsoft.AspNetCore.Mvc.Infrastructure.ControllerActionInvoker.Rethrow(ActionExecutedContextSealed context)
   at Microsoft.AspNetCore.Mvc.Infrastructure.ControllerActionInvoker.Next(State& next, Scope& scope, Object& state, Boolean& isCompleted)
   at Microsoft.AspNetCore.Mvc.Infrastructure.ControllerActionInvoker.<InvokeInnerFilterAsync>g__Awaited|13_0(ControllerActionInvoker invoker, Task lastTask, State next, Scope scope, Object state, Boolean isCompleted)
   at Microsoft.AspNetCore.Mvc.Infrastructure.ResourceInvoker.<InvokeNextResourceFilter>g__Awaited|24_0(ResourceInvoker invoker, Task lastTask, State next, Scope scope, Object state, Boolean isCompleted)
   at Microsoft.AspNetCore.Mvc.Infrastructure.ResourceInvoker.Rethrow(ResourceExecutedContextSealed context)
   at Microsoft.AspNetCore.Mvc.Infrastructure.ResourceInvoker.Next(State& next, Scope& scope, Object& state, Boolean& isCompleted)
   at Microsoft.AspNetCore.Mvc.Infrastructure.ResourceInvoker.<InvokeFilterPipelineAsync>g__Awaited|19_0(ResourceInvoker invoker, Task lastTask, State next, Scope scope, Object state, Boolean isCompleted)
   at Microsoft.AspNetCore.Mvc.Infrastructure.ResourceInvoker.<InvokeAsync>g__Awaited|17_0(ResourceInvoker invoker, Task task, IDisposable scope)
   at Microsoft.AspNetCore.Routing.EndpointMiddleware.<Invoke>g__AwaitRequestTask|6_0(Endpoint endpoint, Task requestTask, ILogger logger)
   at Microsoft.AspNetCore.ResponseCompression.ResponseCompressionMiddleware.Invoke(HttpContext context)
   at Microsoft.AspNetCore.Routing.EndpointRoutingMiddleware.<Invoke>g__AwaitMatcher|8_0(EndpointRoutingMiddleware middleware, HttpContext httpContext, Task`1 matcherTask)
   at BuildNextWorld.Core.SpringdellMiddleware.InvokeAsync(HttpContext context) in C:\PC Data\Developement\CA\BuildNextWorld\Core\SpringdellMiddleware.cs:line 51 (b432122a)
2021-02-09T09:38:13.4258322-05:00 80000006-0000-fe00-b63f-84710c7967bb [ERR] ERROR-->System.Exception: EX-019 - Page not found.
   at BuildNextWorld.Core.MiddlewareSecurity.FindAreaApplication() in C:\PC Data\Developement\CA\BuildNextWorld\Core\ApplicationSecurity.cs:line 244
   at BuildNextWorld.Core.MiddlewareSecurity..ctor(HttpContext context) in C:\PC Data\Developement\CA\BuildNextWorld\Core\ApplicationSecurity.cs:line 59
   at BuildNextWorld.Core.SpringdellMiddleware.InvokeAsync(HttpContext context) in C:\PC Data\Developement\CA\BuildNextWorld\Core\SpringdellMiddleware.cs:line 49 (2cc053bb)
2021-02-09T09:38:31.3813707-05:00 80000004-0001-f700-b63f-84710c7967bb [ERR] ERROR-->System.Exception: EX-031 - Access denied
   at BuildNextWorld.Core.LogicalMiddleware..ctor(String ViewShortCode, ControllerContext context) in C:\PC Data\Developement\CA\BuildNextWorld\Core\LogicalMiddleware.cs:line 51
   at BuildNextWorld.Core.ShortCodeLanguage.Logic(String logicName, Dictionary`2 Where, String conop) in C:\PC Data\Developement\CA\BuildNextWorld\Core\ShortCodeLanguage.cs:line 180
   at TemplateNamespace.Template.ExecuteAsync()
   at RazorEngineCore.RazorEngineCompiledTemplate`1.RunAsync(Action`1 initializer)
   at BuildNextWorld.Core.REngineCore.RunInternal(String viewPath, ViewModel model, ControllerContext context, Boolean isIncluded) in C:\PC Data\Developement\CA\BuildNextWorld\Core\REngineCore.cs:line 213
   at BuildNextWorld.Core.REngineCore.Run(String viewContent, String viewFile, ViewType viewType, ViewModel model, ControllerContext context) in C:\PC Data\Developement\CA\BuildNextWorld\Core\REngineCore.cs:line 203
   at BuildNextWorld.Controllers.GlobalController.Index() in C:\PC Data\Developement\CA\BuildNextWorld\Controllers\GlobalController.cs:line 33
   at Microsoft.AspNetCore.Mvc.Infrastructure.ActionMethodExecutor.TaskOfIActionResultExecutor.Execute(IActionResultTypeMapper mapper, ObjectMethodExecutor executor, Object controller, Object[] arguments)
   at Microsoft.AspNetCore.Mvc.Infrastructure.ControllerActionInvoker.<InvokeActionMethodAsync>g__Awaited|12_0(ControllerActionInvoker invoker, ValueTask`1 actionResultValueTask)
   at Microsoft.AspNetCore.Mvc.Infrastructure.ControllerActionInvoker.<InvokeNextActionFilterAsync>g__Awaited|10_0(ControllerActionInvoker invoker, Task lastTask, State next, Scope scope, Object state, Boolean isCompleted)
   at Microsoft.AspNetCore.Mvc.Infrastructure.ControllerActionInvoker.Rethrow(ActionExecutedContextSealed context)
   at Microsoft.AspNetCore.Mvc.Infrastructure.ControllerActionInvoker.Next(State& next, Scope& scope, Object& state, Boolean& isCompleted)
   at Microsoft.AspNetCore.Mvc.Infrastructure.ControllerActionInvoker.<InvokeInnerFilterAsync>g__Awaited|13_0(ControllerActionInvoker invoker, Task lastTask, State next, Scope scope, Object state, Boolean isCompleted)
   at Microsoft.AspNetCore.Mvc.Infrastructure.ResourceInvoker.<InvokeNextResourceFilter>g__Awaited|24_0(ResourceInvoker invoker, Task lastTask, State next, Scope scope, Object state, Boolean isCompleted)
   at Microsoft.AspNetCore.Mvc.Infrastructure.ResourceInvoker.Rethrow(ResourceExecutedContextSealed context)
   at Microsoft.AspNetCore.Mvc.Infrastructure.ResourceInvoker.Next(State& next, Scope& scope, Object& state, Boolean& isCompleted)
   at Microsoft.AspNetCore.Mvc.Infrastructure.ResourceInvoker.<InvokeFilterPipelineAsync>g__Awaited|19_0(ResourceInvoker invoker, Task lastTask, State next, Scope scope, Object state, Boolean isCompleted)
   at Microsoft.AspNetCore.Mvc.Infrastructure.ResourceInvoker.<InvokeAsync>g__Awaited|17_0(ResourceInvoker invoker, Task task, IDisposable scope)
   at Microsoft.AspNetCore.Routing.EndpointMiddleware.<Invoke>g__AwaitRequestTask|6_0(Endpoint endpoint, Task requestTask, ILogger logger)
   at Microsoft.AspNetCore.ResponseCompression.ResponseCompressionMiddleware.Invoke(HttpContext context)
   at BuildNextWorld.Core.SpringdellMiddleware.InvokeAsync(HttpContext context) in C:\PC Data\Developement\CA\BuildNextWorld\Core\SpringdellMiddleware.cs:line 51 (b6209ae4)
2021-02-09T09:38:32.1899629-05:00 8000000a-0002-ff00-b63f-84710c7967bb [ERR] ERROR-->System.Exception: EX-019 - Page not found.
   at BuildNextWorld.Core.MiddlewareSecurity.FindAreaApplication() in C:\PC Data\Developement\CA\BuildNextWorld\Core\ApplicationSecurity.cs:line 244
   at BuildNextWorld.Core.MiddlewareSecurity..ctor(HttpContext context) in C:\PC Data\Developement\CA\BuildNextWorld\Core\ApplicationSecurity.cs:line 59
   at BuildNextWorld.Core.SpringdellMiddleware.InvokeAsync(HttpContext context) in C:\PC Data\Developement\CA\BuildNextWorld\Core\SpringdellMiddleware.cs:line 49 (2cc053bb)
2021-02-09T09:38:37.4509283-05:00 80000006-0001-f700-b63f-84710c7967bb [ERR] ERROR-->System.Exception: EX-031 - Access denied
   at BuildNextWorld.Core.LogicalMiddleware..ctor(String ViewShortCode, ControllerContext context) in C:\PC Data\Developement\CA\BuildNextWorld\Core\LogicalMiddleware.cs:line 51
   at BuildNextWorld.Core.ShortCodeLanguage.Logic(String logicName, Dictionary`2 Where, String conop) in C:\PC Data\Developement\CA\BuildNextWorld\Core\ShortCodeLanguage.cs:line 180
   at TemplateNamespace.Template.ExecuteAsync()
   at RazorEngineCore.RazorEngineCompiledTemplate`1.RunAsync(Action`1 initializer)
   at BuildNextWorld.Core.REngineCore.RunInternal(String viewPath, ViewModel model, ControllerContext context, Boolean isIncluded) in C:\PC Data\Developement\CA\BuildNextWorld\Core\REngineCore.cs:line 213
   at BuildNextWorld.Core.REngineCore.Run(String viewContent, String viewFile, ViewType viewType, ViewModel model, ControllerContext context) in C:\PC Data\Developement\CA\BuildNextWorld\Core\REngineCore.cs:line 203
   at BuildNextWorld.Controllers.GlobalController.Index() in C:\PC Data\Developement\CA\BuildNextWorld\Controllers\GlobalController.cs:line 33
   at Microsoft.AspNetCore.Mvc.Infrastructure.ActionMethodExecutor.TaskOfIActionResultExecutor.Execute(IActionResultTypeMapper mapper, ObjectMethodExecutor executor, Object controller, Object[] arguments)
   at Microsoft.AspNetCore.Mvc.Infrastructure.ControllerActionInvoker.<InvokeActionMethodAsync>g__Awaited|12_0(ControllerActionInvoker invoker, ValueTask`1 actionResultValueTask)
   at Microsoft.AspNetCore.Mvc.Infrastructure.ControllerActionInvoker.<InvokeNextActionFilterAsync>g__Awaited|10_0(ControllerActionInvoker invoker, Task lastTask, State next, Scope scope, Object state, Boolean isCompleted)
   at Microsoft.AspNetCore.Mvc.Infrastructure.ControllerActionInvoker.Rethrow(ActionExecutedContextSealed context)
   at Microsoft.AspNetCore.Mvc.Infrastructure.ControllerActionInvoker.Next(State& next, Scope& scope, Object& state, Boolean& isCompleted)
   at Microsoft.AspNetCore.Mvc.Infrastructure.ControllerActionInvoker.<InvokeInnerFilterAsync>g__Awaited|13_0(ControllerActionInvoker invoker, Task lastTask, State next, Scope scope, Object state, Boolean isCompleted)
   at Microsoft.AspNetCore.Mvc.Infrastructure.ResourceInvoker.<InvokeNextResourceFilter>g__Awaited|24_0(ResourceInvoker invoker, Task lastTask, State next, Scope scope, Object state, Boolean isCompleted)
   at Microsoft.AspNetCore.Mvc.Infrastructure.ResourceInvoker.Rethrow(ResourceExecutedContextSealed context)
   at Microsoft.AspNetCore.Mvc.Infrastructure.ResourceInvoker.Next(State& next, Scope& scope, Object& state, Boolean& isCompleted)
   at Microsoft.AspNetCore.Mvc.Infrastructure.ResourceInvoker.<InvokeFilterPipelineAsync>g__Awaited|19_0(ResourceInvoker invoker, Task lastTask, State next, Scope scope, Object state, Boolean isCompleted)
   at Microsoft.AspNetCore.Mvc.Infrastructure.ResourceInvoker.<InvokeAsync>g__Awaited|17_0(ResourceInvoker invoker, Task task, IDisposable scope)
   at Microsoft.AspNetCore.Routing.EndpointMiddleware.<Invoke>g__AwaitRequestTask|6_0(Endpoint endpoint, Task requestTask, ILogger logger)
   at Microsoft.AspNetCore.ResponseCompression.ResponseCompressionMiddleware.Invoke(HttpContext context)
   at BuildNextWorld.Core.SpringdellMiddleware.InvokeAsync(HttpContext context) in C:\PC Data\Developement\CA\BuildNextWorld\Core\SpringdellMiddleware.cs:line 51 (b6209ae4)
2021-02-09T09:38:37.9763469-05:00 80000004-0000-ff00-b63f-84710c7967bb [ERR] ERROR-->System.Exception: EX-019 - Page not found.
   at BuildNextWorld.Core.MiddlewareSecurity.FindAreaApplication() in C:\PC Data\Developement\CA\BuildNextWorld\Core\ApplicationSecurity.cs:line 244
   at BuildNextWorld.Core.MiddlewareSecurity..ctor(HttpContext context) in C:\PC Data\Developement\CA\BuildNextWorld\Core\ApplicationSecurity.cs:line 59
   at BuildNextWorld.Core.SpringdellMiddleware.InvokeAsync(HttpContext context) in C:\PC Data\Developement\CA\BuildNextWorld\Core\SpringdellMiddleware.cs:line 49 (2cc053bb)
2021-02-09T09:38:46.7654313-05:00 80000008-0001-f700-b63f-84710c7967bb [ERR] ERROR-->System.Exception: EX-017 Access to page/resource is denied
   at BuildNextWorld.Core.MiddlewareSecurity.FinalDecision() in C:\PC Data\Developement\CA\BuildNextWorld\Core\ApplicationSecurity.cs:line 148
   at BuildNextWorld.Core.MiddlewareSecurity..ctor(HttpContext context) in C:\PC Data\Developement\CA\BuildNextWorld\Core\ApplicationSecurity.cs:line 68
   at BuildNextWorld.Core.SpringdellMiddleware.InvokeAsync(HttpContext context) in C:\PC Data\Developement\CA\BuildNextWorld\Core\SpringdellMiddleware.cs:line 49 (63fa2d47)
2021-02-09T09:48:19.9870033-05:00 80000002-0002-fe00-b63f-84710c7967bb [ERR] ERROR-->System.Exception: EX-019 - Page not found.
   at BuildNextWorld.Core.MiddlewareSecurity.FindAreaApplication() in C:\PC Data\Developement\CA\BuildNextWorld\Core\ApplicationSecurity.cs:line 244
   at BuildNextWorld.Core.MiddlewareSecurity..ctor(HttpContext context) in C:\PC Data\Developement\CA\BuildNextWorld\Core\ApplicationSecurity.cs:line 59
   at BuildNextWorld.Core.SpringdellMiddleware.InvokeAsync(HttpContext context) in C:\PC Data\Developement\CA\BuildNextWorld\Core\SpringdellMiddleware.cs:line 49 (2cc053bb)
2021-02-09T09:48:20.1702533-05:00 8000000e-0000-fe00-b63f-84710c7967bb [ERR] ERROR-->System.Exception: EX-019 - Page not found.
   at BuildNextWorld.Core.MiddlewareSecurity.FindAreaApplication() in C:\PC Data\Developement\CA\BuildNextWorld\Core\ApplicationSecurity.cs:line 244
   at BuildNextWorld.Core.MiddlewareSecurity..ctor(HttpContext context) in C:\PC Data\Developement\CA\BuildNextWorld\Core\ApplicationSecurity.cs:line 59
   at BuildNextWorld.Core.SpringdellMiddleware.InvokeAsync(HttpContext context) in C:\PC Data\Developement\CA\BuildNextWorld\Core\SpringdellMiddleware.cs:line 49 (2cc053bb)
2021-02-09T09:50:29.1837951-05:00  [ERR] QUEUED SERVICE WAS STOPPED (9dd9f526)
2021-02-09T09:50:29.1872947-05:00  [ERR] SCHEDULERS HAS BEEN STOPPED. (89ae2ea4)
2021-02-09T10:03:24.2904410-05:00 8000000a-0000-fd00-b63f-84710c7967bb [ERR] ERROR-->System.Exception: EX-019 - Page not found.
   at BuildNextWorld.Core.MiddlewareSecurity.FindAreaApplication() in C:\PC Data\Developement\CA\BuildNextWorld\Core\ApplicationSecurity.cs:line 244
   at BuildNextWorld.Core.MiddlewareSecurity..ctor(HttpContext context) in C:\PC Data\Developement\CA\BuildNextWorld\Core\ApplicationSecurity.cs:line 59
   at BuildNextWorld.Core.SpringdellMiddleware.InvokeAsync(HttpContext context) in C:\PC Data\Developement\CA\BuildNextWorld\Core\SpringdellMiddleware.cs:line 49 (2cc053bb)
2021-02-09T10:03:24.2914669-05:00 80000008-0000-ff00-b63f-84710c7967bb [ERR] ERROR-->System.Exception: EX-019 - Page not found.
   at BuildNextWorld.Core.MiddlewareSecurity.FindAreaApplication() in C:\PC Data\Developement\CA\BuildNextWorld\Core\ApplicationSecurity.cs:line 244
   at BuildNextWorld.Core.MiddlewareSecurity..ctor(HttpContext context) in C:\PC Data\Developement\CA\BuildNextWorld\Core\ApplicationSecurity.cs:line 59
   at BuildNextWorld.Core.SpringdellMiddleware.InvokeAsync(HttpContext context) in C:\PC Data\Developement\CA\BuildNextWorld\Core\SpringdellMiddleware.cs:line 49 (2cc053bb)
2021-02-09T10:03:40.8429370-05:00 8000000a-0002-fe00-b63f-84710c7967bb [ERR] ERROR-->System.Exception: EX-019 - Page not found.
   at BuildNextWorld.Core.MiddlewareSecurity.FindAreaApplication() in C:\PC Data\Developement\CA\BuildNextWorld\Core\ApplicationSecurity.cs:line 244
   at BuildNextWorld.Core.MiddlewareSecurity..ctor(HttpContext context) in C:\PC Data\Developement\CA\BuildNextWorld\Core\ApplicationSecurity.cs:line 59
   at BuildNextWorld.Core.SpringdellMiddleware.InvokeAsync(HttpContext context) in C:\PC Data\Developement\CA\BuildNextWorld\Core\SpringdellMiddleware.cs:line 49 (2cc053bb)
2021-02-09T10:03:40.8535743-05:00 80000004-0002-fd00-b63f-84710c7967bb [ERR] ERROR-->System.Exception: EX-019 - Page not found.
   at BuildNextWorld.Core.MiddlewareSecurity.FindAreaApplication() in C:\PC Data\Developement\CA\BuildNextWorld\Core\ApplicationSecurity.cs:line 244
   at BuildNextWorld.Core.MiddlewareSecurity..ctor(HttpContext context) in C:\PC Data\Developement\CA\BuildNextWorld\Core\ApplicationSecurity.cs:line 59
   at BuildNextWorld.Core.SpringdellMiddleware.InvokeAsync(HttpContext context) in C:\PC Data\Developement\CA\BuildNextWorld\Core\SpringdellMiddleware.cs:line 49 (2cc053bb)
2021-02-09T10:04:03.0081565-05:00 80000006-0003-fd00-b63f-84710c7967bb [ERR] ERROR-->System.Exception: EX-031 - Access denied
   at BuildNextWorld.Core.LogicalMiddleware..ctor(String ViewShortCode, ControllerContext context) in C:\PC Data\Developement\CA\BuildNextWorld\Core\LogicalMiddleware.cs:line 51
   at BuildNextWorld.Core.ShortCodeLanguage.Logic(String logicName, Dictionary`2 Where, String conop) in C:\PC Data\Developement\CA\BuildNextWorld\Core\ShortCodeLanguage.cs:line 180
   at TemplateNamespace.Template.ExecuteAsync()
   at RazorEngineCore.RazorEngineCompiledTemplate`1.RunAsync(Action`1 initializer)
   at BuildNextWorld.Core.REngineCore.RunInternal(String viewPath, ViewModel model, ControllerContext context, Boolean isIncluded) in C:\PC Data\Developement\CA\BuildNextWorld\Core\REngineCore.cs:line 213
   at BuildNextWorld.Core.REngineCore.Run(String viewContent, String viewFile, ViewType viewType, ViewModel model, ControllerContext context) in C:\PC Data\Developement\CA\BuildNextWorld\Core\REngineCore.cs:line 203
   at BuildNextWorld.Controllers.GlobalController.Index() in C:\PC Data\Developement\CA\BuildNextWorld\Controllers\GlobalController.cs:line 33
   at Microsoft.AspNetCore.Mvc.Infrastructure.ActionMethodExecutor.TaskOfIActionResultExecutor.Execute(IActionResultTypeMapper mapper, ObjectMethodExecutor executor, Object controller, Object[] arguments)
   at Microsoft.AspNetCore.Mvc.Infrastructure.ControllerActionInvoker.<InvokeActionMethodAsync>g__Awaited|12_0(ControllerActionInvoker invoker, ValueTask`1 actionResultValueTask)
   at Microsoft.AspNetCore.Mvc.Infrastructure.ControllerActionInvoker.<InvokeNextActionFilterAsync>g__Awaited|10_0(ControllerActionInvoker invoker, Task lastTask, State next, Scope scope, Object state, Boolean isCompleted)
   at Microsoft.AspNetCore.Mvc.Infrastructure.ControllerActionInvoker.Rethrow(ActionExecutedContextSealed context)
   at Microsoft.AspNetCore.Mvc.Infrastructure.ControllerActionInvoker.Next(State& next, Scope& scope, Object& state, Boolean& isCompleted)
   at Microsoft.AspNetCore.Mvc.Infrastructure.ControllerActionInvoker.<InvokeInnerFilterAsync>g__Awaited|13_0(ControllerActionInvoker invoker, Task lastTask, State next, Scope scope, Object state, Boolean isCompleted)
   at Microsoft.AspNetCore.Mvc.Infrastructure.ResourceInvoker.<InvokeNextResourceFilter>g__Awaited|24_0(ResourceInvoker invoker, Task lastTask, State next, Scope scope, Object state, Boolean isCompleted)
   at Microsoft.AspNetCore.Mvc.Infrastructure.ResourceInvoker.Rethrow(ResourceExecutedContextSealed context)
   at Microsoft.AspNetCore.Mvc.Infrastructure.ResourceInvoker.Next(State& next, Scope& scope, Object& state, Boolean& isCompleted)
   at Microsoft.AspNetCore.Mvc.Infrastructure.ResourceInvoker.<InvokeFilterPipelineAsync>g__Awaited|19_0(ResourceInvoker invoker, Task lastTask, State next, Scope scope, Object state, Boolean isCompleted)
   at Microsoft.AspNetCore.Mvc.Infrastructure.ResourceInvoker.<InvokeAsync>g__Awaited|17_0(ResourceInvoker invoker, Task task, IDisposable scope)
   at Microsoft.AspNetCore.Routing.EndpointMiddleware.<Invoke>g__AwaitRequestTask|6_0(Endpoint endpoint, Task requestTask, ILogger logger)
   at Microsoft.AspNetCore.ResponseCompression.ResponseCompressionMiddleware.Invoke(HttpContext context)
   at BuildNextWorld.Core.SpringdellMiddleware.InvokeAsync(HttpContext context) in C:\PC Data\Developement\CA\BuildNextWorld\Core\SpringdellMiddleware.cs:line 51 (b6209ae4)
2021-02-09T10:06:06.8749296-05:00 80000016-0000-fd00-b63f-84710c7967bb [ERR] ERROR-->System.Exception: EX-019 - Page not found.
   at BuildNextWorld.Core.MiddlewareSecurity.FindAreaApplication() in C:\PC Data\Developement\CA\BuildNextWorld\Core\ApplicationSecurity.cs:line 244
   at BuildNextWorld.Core.MiddlewareSecurity..ctor(HttpContext context) in C:\PC Data\Developement\CA\BuildNextWorld\Core\ApplicationSecurity.cs:line 59
   at BuildNextWorld.Core.SpringdellMiddleware.InvokeAsync(HttpContext context) in C:\PC Data\Developement\CA\BuildNextWorld\Core\SpringdellMiddleware.cs:line 49 (2cc053bb)
2021-02-09T10:06:06.8948982-05:00 80000009-0003-ff00-b63f-84710c7967bb [ERR] ERROR-->System.Exception: EX-019 - Page not found.
   at BuildNextWorld.Core.MiddlewareSecurity.FindAreaApplication() in C:\PC Data\Developement\CA\BuildNextWorld\Core\ApplicationSecurity.cs:line 244
   at BuildNextWorld.Core.MiddlewareSecurity..ctor(HttpContext context) in C:\PC Data\Developement\CA\BuildNextWorld\Core\ApplicationSecurity.cs:line 59
   at BuildNextWorld.Core.SpringdellMiddleware.InvokeAsync(HttpContext context) in C:\PC Data\Developement\CA\BuildNextWorld\Core\SpringdellMiddleware.cs:line 49 (2cc053bb)
2021-02-09T10:06:06.9151894-05:00 8000001c-0000-fe00-b63f-84710c7967bb [ERR] ERROR-->System.Exception: EX-019 - Page not found.
   at BuildNextWorld.Core.MiddlewareSecurity.FindAreaApplication() in C:\PC Data\Developement\CA\BuildNextWorld\Core\ApplicationSecurity.cs:line 244
   at BuildNextWorld.Core.MiddlewareSecurity..ctor(HttpContext context) in C:\PC Data\Developement\CA\BuildNextWorld\Core\ApplicationSecurity.cs:line 59
   at BuildNextWorld.Core.SpringdellMiddleware.InvokeAsync(HttpContext context) in C:\PC Data\Developement\CA\BuildNextWorld\Core\SpringdellMiddleware.cs:line 49 (2cc053bb)
2021-02-09T10:06:09.5223702-05:00 8000000a-0001-f600-b63f-84710c7967bb [ERR] ERROR-->System.Exception: EX-019 - Page not found.
   at BuildNextWorld.Core.MiddlewareSecurity.FindAreaApplication() in C:\PC Data\Developement\CA\BuildNextWorld\Core\ApplicationSecurity.cs:line 244
   at BuildNextWorld.Core.MiddlewareSecurity..ctor(HttpContext context) in C:\PC Data\Developement\CA\BuildNextWorld\Core\ApplicationSecurity.cs:line 59
   at BuildNextWorld.Core.SpringdellMiddleware.InvokeAsync(HttpContext context) in C:\PC Data\Developement\CA\BuildNextWorld\Core\SpringdellMiddleware.cs:line 49 (2cc053bb)
2021-02-09T10:06:09.5357471-05:00 8000000b-0003-ff00-b63f-84710c7967bb [ERR] ERROR-->System.Exception: EX-019 - Page not found.
   at BuildNextWorld.Core.MiddlewareSecurity.FindAreaApplication() in C:\PC Data\Developement\CA\BuildNextWorld\Core\ApplicationSecurity.cs:line 244
   at BuildNextWorld.Core.MiddlewareSecurity..ctor(HttpContext context) in C:\PC Data\Developement\CA\BuildNextWorld\Core\ApplicationSecurity.cs:line 59
   at BuildNextWorld.Core.SpringdellMiddleware.InvokeAsync(HttpContext context) in C:\PC Data\Developement\CA\BuildNextWorld\Core\SpringdellMiddleware.cs:line 49 (2cc053bb)
2021-02-09T10:06:09.5382050-05:00 80000008-0003-fd00-b63f-84710c7967bb [ERR] ERROR-->System.Exception: EX-019 - Page not found.
   at BuildNextWorld.Core.MiddlewareSecurity.FindAreaApplication() in C:\PC Data\Developement\CA\BuildNextWorld\Core\ApplicationSecurity.cs:line 244
   at BuildNextWorld.Core.MiddlewareSecurity..ctor(HttpContext context) in C:\PC Data\Developement\CA\BuildNextWorld\Core\ApplicationSecurity.cs:line 59
   at BuildNextWorld.Core.SpringdellMiddleware.InvokeAsync(HttpContext context) in C:\PC Data\Developement\CA\BuildNextWorld\Core\SpringdellMiddleware.cs:line 49 (2cc053bb)
2021-02-09T10:06:09.6117309-05:00 8000000d-0003-ff00-b63f-84710c7967bb [ERR] ERROR-->System.Exception: EX-019 - Page not found.
   at BuildNextWorld.Core.MiddlewareSecurity.FindAreaApplication() in C:\PC Data\Developement\CA\BuildNextWorld\Core\ApplicationSecurity.cs:line 244
   at BuildNextWorld.Core.MiddlewareSecurity..ctor(HttpContext context) in C:\PC Data\Developement\CA\BuildNextWorld\Core\ApplicationSecurity.cs:line 59
   at BuildNextWorld.Core.SpringdellMiddleware.InvokeAsync(HttpContext context) in C:\PC Data\Developement\CA\BuildNextWorld\Core\SpringdellMiddleware.cs:line 49 (2cc053bb)
2021-02-09T10:06:42.2224546-05:00 80000010-0001-f700-b63f-84710c7967bb [ERR] ERROR-->System.Exception: EX-019 - Page not found.
   at BuildNextWorld.Core.MiddlewareSecurity.FindAreaApplication() in C:\PC Data\Developement\CA\BuildNextWorld\Core\ApplicationSecurity.cs:line 244
   at BuildNextWorld.Core.MiddlewareSecurity..ctor(HttpContext context) in C:\PC Data\Developement\CA\BuildNextWorld\Core\ApplicationSecurity.cs:line 59
   at BuildNextWorld.Core.SpringdellMiddleware.InvokeAsync(HttpContext context) in C:\PC Data\Developement\CA\BuildNextWorld\Core\SpringdellMiddleware.cs:line 49 (2cc053bb)
2021-02-09T10:06:42.2427900-05:00 8000001a-0000-fd00-b63f-84710c7967bb [ERR] ERROR-->System.Exception: EX-019 - Page not found.
   at BuildNextWorld.Core.MiddlewareSecurity.FindAreaApplication() in C:\PC Data\Developement\CA\BuildNextWorld\Core\ApplicationSecurity.cs:line 244
   at BuildNextWorld.Core.MiddlewareSecurity..ctor(HttpContext context) in C:\PC Data\Developement\CA\BuildNextWorld\Core\ApplicationSecurity.cs:line 59
   at BuildNextWorld.Core.SpringdellMiddleware.InvokeAsync(HttpContext context) in C:\PC Data\Developement\CA\BuildNextWorld\Core\SpringdellMiddleware.cs:line 49 (2cc053bb)
2021-02-09T10:06:42.2631248-05:00 8000000c-0000-ff00-b63f-84710c7967bb [ERR] ERROR-->System.Exception: EX-019 - Page not found.
   at BuildNextWorld.Core.MiddlewareSecurity.FindAreaApplication() in C:\PC Data\Developement\CA\BuildNextWorld\Core\ApplicationSecurity.cs:line 244
   at BuildNextWorld.Core.MiddlewareSecurity..ctor(HttpContext context) in C:\PC Data\Developement\CA\BuildNextWorld\Core\ApplicationSecurity.cs:line 59
   at BuildNextWorld.Core.SpringdellMiddleware.InvokeAsync(HttpContext context) in C:\PC Data\Developement\CA\BuildNextWorld\Core\SpringdellMiddleware.cs:line 79 (6519c789)
2021-02-09T10:06:44.7851628-05:00 8000000e-0001-f900-b63f-84710c7967bb [ERR] ERROR-->System.Exception: EX-019 - Page not found.
   at BuildNextWorld.Core.MiddlewareSecurity.FindAreaApplication() in C:\PC Data\Developement\CA\BuildNextWorld\Core\ApplicationSecurity.cs:line 244
   at BuildNextWorld.Core.MiddlewareSecurity..ctor(HttpContext context) in C:\PC Data\Developement\CA\BuildNextWorld\Core\ApplicationSecurity.cs:line 59
   at BuildNextWorld.Core.SpringdellMiddleware.InvokeAsync(HttpContext context) in C:\PC Data\Developement\CA\BuildNextWorld\Core\SpringdellMiddleware.cs:line 79 (6519c789)
2021-02-09T10:06:44.7941343-05:00 80000012-0002-fe00-b63f-84710c7967bb [ERR] ERROR-->System.Exception: EX-019 - Page not found.
   at BuildNextWorld.Core.MiddlewareSecurity.FindAreaApplication() in C:\PC Data\Developement\CA\BuildNextWorld\Core\ApplicationSecurity.cs:line 244
   at BuildNextWorld.Core.MiddlewareSecurity..ctor(HttpContext context) in C:\PC Data\Developement\CA\BuildNextWorld\Core\ApplicationSecurity.cs:line 59
   at BuildNextWorld.Core.SpringdellMiddleware.InvokeAsync(HttpContext context) in C:\PC Data\Developement\CA\BuildNextWorld\Core\SpringdellMiddleware.cs:line 79 (6519c789)
2021-02-09T10:06:44.8272253-05:00 80000014-0001-f700-b63f-84710c7967bb [ERR] ERROR-->System.Exception: EX-019 - Page not found.
   at BuildNextWorld.Core.MiddlewareSecurity.FindAreaApplication() in C:\PC Data\Developement\CA\BuildNextWorld\Core\ApplicationSecurity.cs:line 244
   at BuildNextWorld.Core.MiddlewareSecurity..ctor(HttpContext context) in C:\PC Data\Developement\CA\BuildNextWorld\Core\ApplicationSecurity.cs:line 59
   at BuildNextWorld.Core.SpringdellMiddleware.InvokeAsync(HttpContext context) in C:\PC Data\Developement\CA\BuildNextWorld\Core\SpringdellMiddleware.cs:line 79 (6519c789)
2021-02-09T10:06:44.9175187-05:00 80000014-0002-fe00-b63f-84710c7967bb [ERR] ERROR-->System.Exception: EX-019 - Page not found.
   at BuildNextWorld.Core.MiddlewareSecurity.FindAreaApplication() in C:\PC Data\Developement\CA\BuildNextWorld\Core\ApplicationSecurity.cs:line 282
   at BuildNextWorld.Core.MiddlewareSecurity..ctor(HttpContext context) in C:\PC Data\Developement\CA\BuildNextWorld\Core\ApplicationSecurity.cs:line 68
   at BuildNextWorld.Core.SpringdellMiddleware.InvokeAsync(HttpContext context) in C:\PC Data\Developement\CA\BuildNextWorld\Core\SpringdellMiddleware.cs:line 79 (d52b9392)
2021-02-09T10:06:50.2493717-05:00 80000010-0001-f900-b63f-84710c7967bb [ERR] ERROR-->System.Exception: EX-019 - Page not found.
   at BuildNextWorld.Core.MiddlewareSecurity.FindAreaApplication() in C:\PC Data\Developement\CA\BuildNextWorld\Core\ApplicationSecurity.cs:line 282
   at BuildNextWorld.Core.MiddlewareSecurity..ctor(HttpContext context) in C:\PC Data\Developement\CA\BuildNextWorld\Core\ApplicationSecurity.cs:line 68
   at BuildNextWorld.Core.SpringdellMiddleware.InvokeAsync(HttpContext context) in C:\PC Data\Developement\CA\BuildNextWorld\Core\SpringdellMiddleware.cs:line 79 (d52b9392)
2021-02-09T10:06:50.2899546-05:00 80000016-0001-f700-b63f-84710c7967bb [ERR] ERROR-->System.Exception: EX-019 - Page not found.
   at BuildNextWorld.Core.MiddlewareSecurity.FindAreaApplication() in C:\PC Data\Developement\CA\BuildNextWorld\Core\ApplicationSecurity.cs:line 282
   at BuildNextWorld.Core.MiddlewareSecurity..ctor(HttpContext context) in C:\PC Data\Developement\CA\BuildNextWorld\Core\ApplicationSecurity.cs:line 68
   at BuildNextWorld.Core.SpringdellMiddleware.InvokeAsync(HttpContext context) in C:\PC Data\Developement\CA\BuildNextWorld\Core\SpringdellMiddleware.cs:line 79 (d52b9392)
2021-02-09T10:06:50.3017386-05:00 80000018-0002-fe00-b63f-84710c7967bb [ERR] ERROR-->System.Exception: EX-019 - Page not found.
   at BuildNextWorld.Core.MiddlewareSecurity.FindAreaApplication() in C:\PC Data\Developement\CA\BuildNextWorld\Core\ApplicationSecurity.cs:line 282
   at BuildNextWorld.Core.MiddlewareSecurity..ctor(HttpContext context) in C:\PC Data\Developement\CA\BuildNextWorld\Core\ApplicationSecurity.cs:line 68
   at BuildNextWorld.Core.SpringdellMiddleware.InvokeAsync(HttpContext context) in C:\PC Data\Developement\CA\BuildNextWorld\Core\SpringdellMiddleware.cs:line 79 (d52b9392)
2021-02-09T10:06:50.3690395-05:00 80000010-0000-ff00-b63f-84710c7967bb [ERR] ERROR-->System.Exception: EX-019 - Page not found.
   at BuildNextWorld.Core.MiddlewareSecurity.FindAreaApplication() in C:\PC Data\Developement\CA\BuildNextWorld\Core\ApplicationSecurity.cs:line 282
   at BuildNextWorld.Core.MiddlewareSecurity..ctor(HttpContext context) in C:\PC Data\Developement\CA\BuildNextWorld\Core\ApplicationSecurity.cs:line 68
   at BuildNextWorld.Core.SpringdellMiddleware.InvokeAsync(HttpContext context) in C:\PC Data\Developement\CA\BuildNextWorld\Core\SpringdellMiddleware.cs:line 79 (d52b9392)
2021-02-09T10:07:53.1430400-05:00  [ERR] QUEUED SERVICE WAS STOPPED (9dd9f526)
2021-02-09T10:07:53.1461621-05:00  [ERR] SCHEDULERS HAS BEEN STOPPED. (89ae2ea4)
2021-02-09T10:09:51.4527041-05:00 8000000e-0001-f600-b63f-84710c7967bb [ERR] ERROR-->System.Exception: EX-019 - Page not found.
   at BuildNextWorld.Core.MiddlewareSecurity.FindAreaApplication() in C:\PC Data\Developement\CA\BuildNextWorld\Core\ApplicationSecurity.cs:line 244
   at BuildNextWorld.Core.MiddlewareSecurity..ctor(HttpContext context) in C:\PC Data\Developement\CA\BuildNextWorld\Core\ApplicationSecurity.cs:line 59
   at BuildNextWorld.Core.SpringdellMiddleware.InvokeAsync(HttpContext context) in C:\PC Data\Developement\CA\BuildNextWorld\Core\SpringdellMiddleware.cs:line 49 (2cc053bb)
2021-02-09T10:09:51.4534031-05:00 80000010-0001-fa00-b63f-84710c7967bb [ERR] ERROR-->System.Exception: EX-019 - Page not found.
   at BuildNextWorld.Core.MiddlewareSecurity.FindAreaApplication() in C:\PC Data\Developement\CA\BuildNextWorld\Core\ApplicationSecurity.cs:line 244
   at BuildNextWorld.Core.MiddlewareSecurity..ctor(HttpContext context) in C:\PC Data\Developement\CA\BuildNextWorld\Core\ApplicationSecurity.cs:line 59
   at BuildNextWorld.Core.SpringdellMiddleware.InvokeAsync(HttpContext context) in C:\PC Data\Developement\CA\BuildNextWorld\Core\SpringdellMiddleware.cs:line 49 (2cc053bb)
2021-02-09T10:09:51.4527041-05:00 80000014-0003-fd00-b63f-84710c7967bb [ERR] ERROR-->System.Exception: EX-019 - Page not found.
   at BuildNextWorld.Core.MiddlewareSecurity.FindAreaApplication() in C:\PC Data\Developement\CA\BuildNextWorld\Core\ApplicationSecurity.cs:line 244
   at BuildNextWorld.Core.MiddlewareSecurity..ctor(HttpContext context) in C:\PC Data\Developement\CA\BuildNextWorld\Core\ApplicationSecurity.cs:line 59
   at BuildNextWorld.Core.SpringdellMiddleware.InvokeAsync(HttpContext context) in C:\PC Data\Developement\CA\BuildNextWorld\Core\SpringdellMiddleware.cs:line 49 (2cc053bb)
2021-02-09T10:09:59.3899621-05:00 80000010-0001-f600-b63f-84710c7967bb [ERR] ERROR-->System.Exception: EX-019 - Page not found.
   at BuildNextWorld.Core.MiddlewareSecurity.FindAreaApplication() in C:\PC Data\Developement\CA\BuildNextWorld\Core\ApplicationSecurity.cs:line 244
   at BuildNextWorld.Core.MiddlewareSecurity..ctor(HttpContext context) in C:\PC Data\Developement\CA\BuildNextWorld\Core\ApplicationSecurity.cs:line 59
   at BuildNextWorld.Core.SpringdellMiddleware.InvokeAsync(HttpContext context) in C:\PC Data\Developement\CA\BuildNextWorld\Core\SpringdellMiddleware.cs:line 49 (2cc053bb)
2021-02-09T10:10:20.8156221-05:00 80000016-0003-fd00-b63f-84710c7967bb [ERR] ERROR-->System.Exception: EX-019 - Page not found.
   at BuildNextWorld.Core.MiddlewareSecurity.FindAreaApplication() in C:\PC Data\Developement\CA\BuildNextWorld\Core\ApplicationSecurity.cs:line 244
   at BuildNextWorld.Core.MiddlewareSecurity..ctor(HttpContext context) in C:\PC Data\Developement\CA\BuildNextWorld\Core\ApplicationSecurity.cs:line 59
   at BuildNextWorld.Core.SpringdellMiddleware.InvokeAsync(HttpContext context) in C:\PC Data\Developement\CA\BuildNextWorld\Core\SpringdellMiddleware.cs:line 49 (2cc053bb)
2021-02-09T10:10:28.7290688-05:00  [ERR] QUEUED SERVICE WAS STOPPED (9dd9f526)
2021-02-09T10:10:28.7338351-05:00  [ERR] SCHEDULERS HAS BEEN STOPPED. (89ae2ea4)
2021-02-09T10:10:36.3627920-05:00 80000015-0003-ff00-b63f-84710c7967bb [ERR] ERROR-->System.Exception: EX-019 - Page not found.
   at BuildNextWorld.Core.MiddlewareSecurity.FindAreaApplication() in C:\PC Data\Developement\CA\BuildNextWorld\Core\ApplicationSecurity.cs:line 244
   at BuildNextWorld.Core.MiddlewareSecurity..ctor(HttpContext context) in C:\PC Data\Developement\CA\BuildNextWorld\Core\ApplicationSecurity.cs:line 59
   at BuildNextWorld.Core.SpringdellMiddleware.InvokeAsync(HttpContext context) in C:\PC Data\Developement\CA\BuildNextWorld\Core\SpringdellMiddleware.cs:line 49 (2cc053bb)
2021-02-09T10:23:19.7037329-05:00 80000028-0000-fd00-b63f-84710c7967bb [ERR] ERROR-->System.Exception: EX-019 - Page not found.
   at BuildNextWorld.Core.MiddlewareSecurity.FindAreaApplication() in C:\PC Data\Developement\CA\BuildNextWorld\Core\ApplicationSecurity.cs:line 244
   at BuildNextWorld.Core.MiddlewareSecurity..ctor(HttpContext context) in C:\PC Data\Developement\CA\BuildNextWorld\Core\ApplicationSecurity.cs:line 59
   at BuildNextWorld.Core.SpringdellMiddleware.InvokeAsync(HttpContext context) in C:\PC Data\Developement\CA\BuildNextWorld\Core\SpringdellMiddleware.cs:line 49 (2cc053bb)
2021-02-09T10:27:44.3902057-05:00  [ERR] QUEUED SERVICE WAS STOPPED (9dd9f526)
2021-02-09T10:27:44.3945636-05:00  [ERR] SCHEDULERS HAS BEEN STOPPED. (89ae2ea4)
2021-02-09T10:27:58.2155788-05:00 80000005-0001-fc00-b63f-84710c7967bb [ERR] ERROR-->System.Exception: EX-019 - Page not found.test
   at BuildNextWorld.Core.MiddlewareSecurity.FindAreaApplication() in C:\PC Data\Developement\CA\BuildNextWorld\Core\ApplicationSecurity.cs:line 246
   at BuildNextWorld.Core.MiddlewareSecurity..ctor(HttpContext context) in C:\PC Data\Developement\CA\BuildNextWorld\Core\ApplicationSecurity.cs:line 59
   at BuildNextWorld.Core.SpringdellMiddleware.InvokeAsync(HttpContext context) in C:\PC Data\Developement\CA\BuildNextWorld\Core\SpringdellMiddleware.cs:line 49 (08f53e3f)
2021-02-09T10:29:34.1932171-05:00  [ERR] QUEUED SERVICE WAS STOPPED (9dd9f526)
2021-02-09T10:29:34.1972076-05:00  [ERR] SCHEDULERS HAS BEEN STOPPED. (89ae2ea4)
2021-02-09T10:29:43.2377044-05:00 80000008-0002-fc00-b63f-84710c7967bb [ERR] An unhandled exception has occurred while executing the request. (48a46595)
System.ArgumentException: The path in 'value' must start with '/'. (Parameter 'value')
   at Microsoft.AspNetCore.Http.PathString..ctor(String value)
   at Microsoft.AspNetCore.Http.PathString.op_Implicit(String s)
   at BuildNextWorld.Core.RoutingService.ApplyRule(RewriteContext context) in C:\PC Data\Developement\CA\BuildNextWorld\Core\RoutingService.cs:line 25
   at Microsoft.AspNetCore.Rewrite.RewriteMiddleware.Invoke(HttpContext context)
   at Microsoft.AspNetCore.StaticFiles.StaticFileMiddleware.Invoke(HttpContext context)
   at React.AspNet.BabelFileMiddleware.Invoke(HttpContext context)
   at Microsoft.AspNetCore.Diagnostics.ExceptionHandlerMiddleware.<Invoke>g__Awaited|6_0(ExceptionHandlerMiddleware middleware, HttpContext context, Task task)
   at Microsoft.AspNetCore.Diagnostics.ExceptionHandlerMiddleware.HandleException(HttpContext context, ExceptionDispatchInfo edi)
   at Microsoft.AspNetCore.Diagnostics.ExceptionHandlerMiddleware.<Invoke>g__Awaited|6_0(ExceptionHandlerMiddleware middleware, HttpContext context, Task task)
   at Microsoft.AspNetCore.Server.IIS.Core.IISHttpContextOfT`1.ProcessRequestAsync()
2021-02-09T10:29:43.2530194-05:00 80000008-0002-fc00-b63f-84710c7967bb [ERR] An exception was thrown attempting to execute the error handler. (e55ade05)
System.ArgumentException: An item with the same key has already been added. Key: ROUTESINFO
   at System.Collections.Generic.Dictionary`2.TryInsert(TKey key, TValue value, InsertionBehavior behavior)
   at System.Collections.Generic.Dictionary`2.Add(TKey key, TValue value)
   at Microsoft.AspNetCore.Http.ItemsDictionary.System.Collections.Generic.IDictionary<System.Object,System.Object>.Add(Object key, Object value)
   at BuildNextWorld.Core.RoutingHelper.ExecuteRoutingService(String path, RewriteContext context) in C:\PC Data\Developement\CA\BuildNextWorld\Core\RoutingService.cs:line 98
   at BuildNextWorld.Core.RoutingService.ApplyRule(RewriteContext context) in C:\PC Data\Developement\CA\BuildNextWorld\Core\RoutingService.cs:line 20
   at Microsoft.AspNetCore.Rewrite.RewriteMiddleware.Invoke(HttpContext context)
   at Microsoft.AspNetCore.StaticFiles.StaticFileMiddleware.Invoke(HttpContext context)
   at React.AspNet.BabelFileMiddleware.Invoke(HttpContext context)
   at Microsoft.AspNetCore.Diagnostics.ExceptionHandlerMiddleware.HandleException(HttpContext context, ExceptionDispatchInfo edi)
2021-02-09T10:29:43.2701245-05:00 80000008-0002-fc00-b63f-84710c7967bb [ERR] Connection ID ""18158513707758387207"", Request ID ""80000008-0002-fc00-b63f-84710c7967bb"": An unhandled exception was thrown by the application. (bf316047)
System.ArgumentException: The path in 'value' must start with '/'. (Parameter 'value')
   at Microsoft.AspNetCore.Http.PathString..ctor(String value)
   at Microsoft.AspNetCore.Http.PathString.op_Implicit(String s)
   at BuildNextWorld.Core.RoutingService.ApplyRule(RewriteContext context) in C:\PC Data\Developement\CA\BuildNextWorld\Core\RoutingService.cs:line 25
   at Microsoft.AspNetCore.Rewrite.RewriteMiddleware.Invoke(HttpContext context)
   at Microsoft.AspNetCore.StaticFiles.StaticFileMiddleware.Invoke(HttpContext context)
   at React.AspNet.BabelFileMiddleware.Invoke(HttpContext context)
   at Microsoft.AspNetCore.Diagnostics.ExceptionHandlerMiddleware.<Invoke>g__Awaited|6_0(ExceptionHandlerMiddleware middleware, HttpContext context, Task task)
   at Microsoft.AspNetCore.Diagnostics.ExceptionHandlerMiddleware.HandleException(HttpContext context, ExceptionDispatchInfo edi)
   at Microsoft.AspNetCore.Diagnostics.ExceptionHandlerMiddleware.<Invoke>g__Awaited|6_0(ExceptionHandlerMiddleware middleware, HttpContext context, Task task)
   at Microsoft.AspNetCore.Server.IIS.Core.IISHttpContextOfT`1.ProcessRequestAsync()
2021-02-09T10:29:50.9612257-05:00 80000007-0001-fc00-b63f-84710c7967bb [ERR] An unhandled exception has occurred while executing the request. (48a46595)
System.ArgumentException: The path in 'value' must start with '/'. (Parameter 'value')
   at Microsoft.AspNetCore.Http.PathString..ctor(String value)
   at Microsoft.AspNetCore.Http.PathString.op_Implicit(String s)
   at BuildNextWorld.Core.RoutingService.ApplyRule(RewriteContext context) in C:\PC Data\Developement\CA\BuildNextWorld\Core\RoutingService.cs:line 25
   at Microsoft.AspNetCore.Rewrite.RewriteMiddleware.Invoke(HttpContext context)
   at Microsoft.AspNetCore.StaticFiles.StaticFileMiddleware.Invoke(HttpContext context)
   at React.AspNet.BabelFileMiddleware.Invoke(HttpContext context)
   at Microsoft.AspNetCore.Diagnostics.ExceptionHandlerMiddleware.<Invoke>g__Awaited|6_0(ExceptionHandlerMiddleware middleware, HttpContext context, Task task)
2021-02-09T10:29:50.9638929-05:00 80000007-0001-fc00-b63f-84710c7967bb [ERR] An exception was thrown attempting to execute the error handler. (e55ade05)
System.ArgumentException: An item with the same key has already been added. Key: ROUTESINFO
   at System.Collections.Generic.Dictionary`2.TryInsert(TKey key, TValue value, InsertionBehavior behavior)
   at System.Collections.Generic.Dictionary`2.Add(TKey key, TValue value)
   at Microsoft.AspNetCore.Http.ItemsDictionary.System.Collections.Generic.IDictionary<System.Object,System.Object>.Add(Object key, Object value)
   at BuildNextWorld.Core.RoutingHelper.ExecuteRoutingService(String path, RewriteContext context) in C:\PC Data\Developement\CA\BuildNextWorld\Core\RoutingService.cs:line 98
   at BuildNextWorld.Core.RoutingService.ApplyRule(RewriteContext context) in C:\PC Data\Developement\CA\BuildNextWorld\Core\RoutingService.cs:line 20
   at Microsoft.AspNetCore.Rewrite.RewriteMiddleware.Invoke(HttpContext context)
   at Microsoft.AspNetCore.StaticFiles.StaticFileMiddleware.Invoke(HttpContext context)
   at React.AspNet.BabelFileMiddleware.Invoke(HttpContext context)
   at Microsoft.AspNetCore.Diagnostics.ExceptionHandlerMiddleware.HandleException(HttpContext context, ExceptionDispatchInfo edi)
2021-02-09T10:29:50.9655838-05:00 80000007-0001-fc00-b63f-84710c7967bb [ERR] Connection ID ""18158513703463419910"", Request ID ""80000007-0001-fc00-b63f-84710c7967bb"": An unhandled exception was thrown by the application. (bf316047)
System.ArgumentException: The path in 'value' must start with '/'. (Parameter 'value')
   at Microsoft.AspNetCore.Http.PathString..ctor(String value)
   at Microsoft.AspNetCore.Http.PathString.op_Implicit(String s)
   at BuildNextWorld.Core.RoutingService.ApplyRule(RewriteContext context) in C:\PC Data\Developement\CA\BuildNextWorld\Core\RoutingService.cs:line 25
   at Microsoft.AspNetCore.Rewrite.RewriteMiddleware.Invoke(HttpContext context)
   at Microsoft.AspNetCore.StaticFiles.StaticFileMiddleware.Invoke(HttpContext context)
   at React.AspNet.BabelFileMiddleware.Invoke(HttpContext context)
   at Microsoft.AspNetCore.Diagnostics.ExceptionHandlerMiddleware.<Invoke>g__Awaited|6_0(ExceptionHandlerMiddleware middleware, HttpContext context, Task task)
   at Microsoft.AspNetCore.Diagnostics.ExceptionHandlerMiddleware.HandleException(HttpContext context, ExceptionDispatchInfo edi)
   at Microsoft.AspNetCore.Diagnostics.ExceptionHandlerMiddleware.<Invoke>g__Awaited|6_0(ExceptionHandlerMiddleware middleware, HttpContext context, Task task)
   at Microsoft.AspNetCore.Server.IIS.Core.IISHttpContextOfT`1.ProcessRequestAsync()
2021-02-09T10:29:56.2164633-05:00 8000002a-0000-fd00-b63f-84710c7967bb [ERR] An unhandled exception has occurred while executing the request. (48a46595)
System.ArgumentException: The path in 'value' must start with '/'. (Parameter 'value')
   at Microsoft.AspNetCore.Http.PathString..ctor(String value)
   at Microsoft.AspNetCore.Http.PathString.op_Implicit(String s)
   at BuildNextWorld.Core.RoutingService.ApplyRule(RewriteContext context) in C:\PC Data\Developement\CA\BuildNextWorld\Core\RoutingService.cs:line 25
   at Microsoft.AspNetCore.Rewrite.RewriteMiddleware.Invoke(HttpContext context)
   at Microsoft.AspNetCore.StaticFiles.StaticFileMiddleware.Invoke(HttpContext context)
   at React.AspNet.BabelFileMiddleware.Invoke(HttpContext context)
   at Microsoft.AspNetCore.Diagnostics.ExceptionHandlerMiddleware.<Invoke>g__Awaited|6_0(ExceptionHandlerMiddleware middleware, HttpContext context, Task task)
2021-02-09T10:29:56.2200520-05:00 8000002a-0000-fd00-b63f-84710c7967bb [ERR] An exception was thrown attempting to execute the error handler. (e55ade05)
System.ArgumentException: An item with the same key has already been added. Key: ROUTESINFO
   at System.Collections.Generic.Dictionary`2.TryInsert(TKey key, TValue value, InsertionBehavior behavior)
   at System.Collections.Generic.Dictionary`2.Add(TKey key, TValue value)
   at Microsoft.AspNetCore.Http.ItemsDictionary.System.Collections.Generic.IDictionary<System.Object,System.Object>.Add(Object key, Object value)
   at BuildNextWorld.Core.RoutingHelper.ExecuteRoutingService(String path, RewriteContext context) in C:\PC Data\Developement\CA\BuildNextWorld\Core\RoutingService.cs:line 98
   at BuildNextWorld.Core.RoutingService.ApplyRule(RewriteContext context) in C:\PC Data\Developement\CA\BuildNextWorld\Core\RoutingService.cs:line 20
   at Microsoft.AspNetCore.Rewrite.RewriteMiddleware.Invoke(HttpContext context)
   at Microsoft.AspNetCore.StaticFiles.StaticFileMiddleware.Invoke(HttpContext context)
   at React.AspNet.BabelFileMiddleware.Invoke(HttpContext context)
   at Microsoft.AspNetCore.Diagnostics.ExceptionHandlerMiddleware.HandleException(HttpContext context, ExceptionDispatchInfo edi)
2021-02-09T10:29:56.2221318-05:00 8000002a-0000-fd00-b63f-84710c7967bb [ERR] Connection ID ""18230571293206380585"", Request ID ""8000002a-0000-fd00-b63f-84710c7967bb"": An unhandled exception was thrown by the application. (bf316047)
System.ArgumentException: The path in 'value' must start with '/'. (Parameter 'value')
   at Microsoft.AspNetCore.Http.PathString..ctor(String value)
   at Microsoft.AspNetCore.Http.PathString.op_Implicit(String s)
   at BuildNextWorld.Core.RoutingService.ApplyRule(RewriteContext context) in C:\PC Data\Developement\CA\BuildNextWorld\Core\RoutingService.cs:line 25
   at Microsoft.AspNetCore.Rewrite.RewriteMiddleware.Invoke(HttpContext context)
   at Microsoft.AspNetCore.StaticFiles.StaticFileMiddleware.Invoke(HttpContext context)
   at React.AspNet.BabelFileMiddleware.Invoke(HttpContext context)
   at Microsoft.AspNetCore.Diagnostics.ExceptionHandlerMiddleware.<Invoke>g__Awaited|6_0(ExceptionHandlerMiddleware middleware, HttpContext context, Task task)
   at Microsoft.AspNetCore.Diagnostics.ExceptionHandlerMiddleware.HandleException(HttpContext context, ExceptionDispatchInfo edi)
   at Microsoft.AspNetCore.Diagnostics.ExceptionHandlerMiddleware.<Invoke>g__Awaited|6_0(ExceptionHandlerMiddleware middleware, HttpContext context, Task task)
   at Microsoft.AspNetCore.Server.IIS.Core.IISHttpContextOfT`1.ProcessRequestAsync()
2021-02-09T10:30:25.6248620-05:00 8000000c-0002-fc00-b63f-84710c7967bb [ERR] ERROR-->System.IO.IOException: The process cannot access the file 'C:\PC Data\Developement\CA\BuildNextWorldPublish\Logs\buidnextworld-cms-20210209.log' because it is being used by another process.
   at System.IO.FileStream.ValidateFileHandle(SafeFileHandle fileHandle)
   at System.IO.FileStream.CreateFileOpenHandle(FileMode mode, FileShare share, FileOptions options)
   at System.IO.FileStream..ctor(String path, FileMode mode, FileAccess access, FileShare share, Int32 bufferSize, FileOptions options)
   at System.IO.File.AsyncStreamReader(String path, Encoding encoding)
   at System.IO.File.InternalReadAllTextAsync(String path, Encoding encoding, CancellationToken cancellationToken)
   at BuildNextWorld.Areas.Console.Controllers.FileEditorController.Index(String src, String action, String logic, String typ) in C:\PC Data\Developement\CA\BuildNextWorld\Areas\Console\Controllers\FileEditorController.cs:line 26
   at Microsoft.AspNetCore.Mvc.Infrastructure.ActionMethodExecutor.TaskOfIActionResultExecutor.Execute(IActionResultTypeMapper mapper, ObjectMethodExecutor executor, Object controller, Object[] arguments)
   at Microsoft.AspNetCore.Mvc.Infrastructure.ControllerActionInvoker.<InvokeActionMethodAsync>g__Awaited|12_0(ControllerActionInvoker invoker, ValueTask`1 actionResultValueTask)
   at Microsoft.AspNetCore.Mvc.Infrastructure.ControllerActionInvoker.<InvokeNextActionFilterAsync>g__Awaited|10_0(ControllerActionInvoker invoker, Task lastTask, State next, Scope scope, Object state, Boolean isCompleted)
   at Microsoft.AspNetCore.Mvc.Infrastructure.ControllerActionInvoker.Rethrow(ActionExecutedContextSealed context)
   at Microsoft.AspNetCore.Mvc.Infrastructure.ControllerActionInvoker.Next(State& next, Scope& scope, Object& state, Boolean& isCompleted)
   at Microsoft.AspNetCore.Mvc.Infrastructure.ControllerActionInvoker.InvokeInnerFilterAsync()
--- End of stack trace from previous location where exception was thrown ---
   at Microsoft.AspNetCore.Mvc.Infrastructure.ResourceInvoker.<InvokeNextResourceFilter>g__Awaited|24_0(ResourceInvoker invoker, Task lastTask, State next, Scope scope, Object state, Boolean isCompleted)
   at Microsoft.AspNetCore.Mvc.Infrastructure.ResourceInvoker.Rethrow(ResourceExecutedContextSealed context)
   at Microsoft.AspNetCore.Mvc.Infrastructure.ResourceInvoker.Next(State& next, Scope& scope, Object& state, Boolean& isCompleted)
   at Microsoft.AspNetCore.Mvc.Infrastructure.ResourceInvoker.InvokeFilterPipelineAsync()
--- End of stack trace from previous location where exception was thrown ---
   at Microsoft.AspNetCore.Mvc.Infrastructure.ResourceInvoker.<InvokeAsync>g__Awaited|17_0(ResourceInvoker invoker, Task task, IDisposable scope)
   at Microsoft.AspNetCore.Routing.EndpointMiddleware.<Invoke>g__AwaitRequestTask|6_0(Endpoint endpoint, Task requestTask, ILogger logger)
   at Microsoft.AspNetCore.ResponseCompression.ResponseCompressionMiddleware.Invoke(HttpContext context)
   at BuildNextWorld.Core.SpringdellMiddleware.InvokeAsync(HttpContext context) in C:\PC Data\Developement\CA\BuildNextWorld\Core\SpringdellMiddleware.cs:line 51 (a2f6a4c8)
2021-02-09T10:30:29.3993498-05:00 8000000e-0002-fc00-b63f-84710c7967bb [ERR] ERROR-->System.IO.IOException: The process cannot access the file 'C:\PC Data\Developement\CA\BuildNextWorldPublish\Logs\buidnextworld-cms-20210209.log' because it is being used by another process.
   at System.IO.FileStream.ValidateFileHandle(SafeFileHandle fileHandle)
   at System.IO.FileStream.CreateFileOpenHandle(FileMode mode, FileShare share, FileOptions options)
   at System.IO.FileStream..ctor(String path, FileMode mode, FileAccess access, FileShare share, Int32 bufferSize, FileOptions options)
   at System.IO.File.AsyncStreamReader(String path, Encoding encoding)
   at System.IO.File.InternalReadAllTextAsync(String path, Encoding encoding, CancellationToken cancellationToken)
   at BuildNextWorld.Areas.Console.Controllers.FileEditorController.Index(String src, String action, String logic, String typ) in C:\PC Data\Developement\CA\BuildNextWorld\Areas\Console\Controllers\FileEditorController.cs:line 26
   at Microsoft.AspNetCore.Mvc.Infrastructure.ActionMethodExecutor.TaskOfIActionResultExecutor.Execute(IActionResultTypeMapper mapper, ObjectMethodExecutor executor, Object controller, Object[] arguments)
   at Microsoft.AspNetCore.Mvc.Infrastructure.ControllerActionInvoker.<InvokeActionMethodAsync>g__Awaited|12_0(ControllerActionInvoker invoker, ValueTask`1 actionResultValueTask)
   at Microsoft.AspNetCore.Mvc.Infrastructure.ControllerActionInvoker.<InvokeNextActionFilterAsync>g__Awaited|10_0(ControllerActionInvoker invoker, Task lastTask, State next, Scope scope, Object state, Boolean isCompleted)
   at Microsoft.AspNetCore.Mvc.Infrastructure.ControllerActionInvoker.Rethrow(ActionExecutedContextSealed context)
   at Microsoft.AspNetCore.Mvc.Infrastructure.ControllerActionInvoker.Next(State& next, Scope& scope, Object& state, Boolean& isCompleted)
   at Microsoft.AspNetCore.Mvc.Infrastructure.ControllerActionInvoker.InvokeInnerFilterAsync()
--- End of stack trace from previous location where exception was thrown ---
   at Microsoft.AspNetCore.Mvc.Infrastructure.ResourceInvoker.<InvokeNextResourceFilter>g__Awaited|24_0(ResourceInvoker invoker, Task lastTask, State next, Scope scope, Object state, Boolean isCompleted)
   at Microsoft.AspNetCore.Mvc.Infrastructure.ResourceInvoker.Rethrow(ResourceExecutedContextSealed context)
   at Microsoft.AspNetCore.Mvc.Infrastructure.ResourceInvoker.Next(State& next, Scope& scope, Object& state, Boolean& isCompleted)
   at Microsoft.AspNetCore.Mvc.Infrastructure.ResourceInvoker.InvokeFilterPipelineAsync()
--- End of stack trace from previous location where exception was thrown ---
   at Microsoft.AspNetCore.Mvc.Infrastructure.ResourceInvoker.<InvokeAsync>g__Awaited|17_0(ResourceInvoker invoker, Task task, IDisposable scope)
   at Microsoft.AspNetCore.Routing.EndpointMiddleware.<Invoke>g__AwaitRequestTask|6_0(Endpoint endpoint, Task requestTask, ILogger logger)
   at Microsoft.AspNetCore.ResponseCompression.ResponseCompressionMiddleware.Invoke(HttpContext context)
   at BuildNextWorld.Core.SpringdellMiddleware.InvokeAsync(HttpContext context) in C:\PC Data\Developement\CA\BuildNextWorld\Core\SpringdellMiddleware.cs:line 51 (a2f6a4c8)
2021-02-09T10:30:30.3434588-05:00 8000000b-0001-fc00-b63f-84710c7967bb [ERR] ERROR-->System.IO.IOException: The process cannot access the file 'C:\PC Data\Developement\CA\BuildNextWorldPublish\Logs\buidnextworld-cms-20210209.log' because it is being used by another process.
   at System.IO.FileStream.ValidateFileHandle(SafeFileHandle fileHandle)
   at System.IO.FileStream.CreateFileOpenHandle(FileMode mode, FileShare share, FileOptions options)
   at System.IO.FileStream..ctor(String path, FileMode mode, FileAccess access, FileShare share, Int32 bufferSize, FileOptions options)
   at System.IO.File.AsyncStreamReader(String path, Encoding encoding)
   at System.IO.File.InternalReadAllTextAsync(String path, Encoding encoding, CancellationToken cancellationToken)
   at BuildNextWorld.Areas.Console.Controllers.FileEditorController.Index(String src, String action, String logic, String typ) in C:\PC Data\Developement\CA\BuildNextWorld\Areas\Console\Controllers\FileEditorController.cs:line 26
   at Microsoft.AspNetCore.Mvc.Infrastructure.ActionMethodExecutor.TaskOfIActionResultExecutor.Execute(IActionResultTypeMapper mapper, ObjectMethodExecutor executor, Object controller, Object[] arguments)
   at Microsoft.AspNetCore.Mvc.Infrastructure.ControllerActionInvoker.<InvokeActionMethodAsync>g__Awaited|12_0(ControllerActionInvoker invoker, ValueTask`1 actionResultValueTask)
   at Microsoft.AspNetCore.Mvc.Infrastructure.ControllerActionInvoker.<InvokeNextActionFilterAsync>g__Awaited|10_0(ControllerActionInvoker invoker, Task lastTask, State next, Scope scope, Object state, Boolean isCompleted)
   at Microsoft.AspNetCore.Mvc.Infrastructure.ControllerActionInvoker.Rethrow(ActionExecutedContextSealed context)
   at Microsoft.AspNetCore.Mvc.Infrastructure.ControllerActionInvoker.Next(State& next, Scope& scope, Object& state, Boolean& isCompleted)
   at Microsoft.AspNetCore.Mvc.Infrastructure.ControllerActionInvoker.InvokeInnerFilterAsync()
--- End of stack trace from previous location where exception was thrown ---
   at Microsoft.AspNetCore.Mvc.Infrastructure.ResourceInvoker.<InvokeNextResourceFilter>g__Awaited|24_0(ResourceInvoker invoker, Task lastTask, State next, Scope scope, Object state, Boolean isCompleted)
   at Microsoft.AspNetCore.Mvc.Infrastructure.ResourceInvoker.Rethrow(ResourceExecutedContextSealed context)
   at Microsoft.AspNetCore.Mvc.Infrastructure.ResourceInvoker.Next(State& next, Scope& scope, Object& state, Boolean& isCompleted)
   at Microsoft.AspNetCore.Mvc.Infrastructure.ResourceInvoker.InvokeFilterPipelineAsync()
--- End of stack trace from previous location where exception was thrown ---
   at Microsoft.AspNetCore.Mvc.Infrastructure.ResourceInvoker.<InvokeAsync>g__Awaited|17_0(ResourceInvoker invoker, Task task, IDisposable scope)
   at Microsoft.AspNetCore.Routing.EndpointMiddleware.<Invoke>g__AwaitRequestTask|6_0(Endpoint endpoint, Task requestTask, ILogger logger)
   at Microsoft.AspNetCore.ResponseCompression.ResponseCompressionMiddleware.Invoke(HttpContext context)
   at BuildNextWorld.Core.SpringdellMiddleware.InvokeAsync(HttpContext context) in C:\PC Data\Developement\CA\BuildNextWorld\Core\SpringdellMiddleware.cs:line 51 (a2f6a4c8)
2021-02-09T10:30:31.4929058-05:00 8000002e-0000-fd00-b63f-84710c7967bb [ERR] ERROR-->System.IO.IOException: The process cannot access the file 'C:\PC Data\Developement\CA\BuildNextWorldPublish\Logs\buidnextworld-cms-20210209.log' because it is being used by another process.
   at System.IO.FileStream.ValidateFileHandle(SafeFileHandle fileHandle)
   at System.IO.FileStream.CreateFileOpenHandle(FileMode mode, FileShare share, FileOptions options)
   at System.IO.FileStream..ctor(String path, FileMode mode, FileAccess access, FileShare share, Int32 bufferSize, FileOptions options)
   at System.IO.File.AsyncStreamReader(String path, Encoding encoding)
   at System.IO.File.InternalReadAllTextAsync(String path, Encoding encoding, CancellationToken cancellationToken)
   at BuildNextWorld.Areas.Console.Controllers.FileEditorController.Index(String src, String action, String logic, String typ) in C:\PC Data\Developement\CA\BuildNextWorld\Areas\Console\Controllers\FileEditorController.cs:line 26
   at Microsoft.AspNetCore.Mvc.Infrastructure.ActionMethodExecutor.TaskOfIActionResultExecutor.Execute(IActionResultTypeMapper mapper, ObjectMethodExecutor executor, Object controller, Object[] arguments)
   at Microsoft.AspNetCore.Mvc.Infrastructure.ControllerActionInvoker.<InvokeActionMethodAsync>g__Awaited|12_0(ControllerActionInvoker invoker, ValueTask`1 actionResultValueTask)
   at Microsoft.AspNetCore.Mvc.Infrastructure.ControllerActionInvoker.<InvokeNextActionFilterAsync>g__Awaited|10_0(ControllerActionInvoker invoker, Task lastTask, State next, Scope scope, Object state, Boolean isCompleted)
   at Microsoft.AspNetCore.Mvc.Infrastructure.ControllerActionInvoker.Rethrow(ActionExecutedContextSealed context)
   at Microsoft.AspNetCore.Mvc.Infrastructure.ControllerActionInvoker.Next(State& next, Scope& scope, Object& state, Boolean& isCompleted)
   at Microsoft.AspNetCore.Mvc.Infrastructure.ControllerActionInvoker.InvokeInnerFilterAsync()
--- End of stack trace from previous location where exception was thrown ---
   at Microsoft.AspNetCore.Mvc.Infrastructure.ResourceInvoker.<InvokeNextResourceFilter>g__Awaited|24_0(ResourceInvoker invoker, Task lastTask, State next, Scope scope, Object state, Boolean isCompleted)
   at Microsoft.AspNetCore.Mvc.Infrastructure.ResourceInvoker.Rethrow(ResourceExecutedContextSealed context)
   at Microsoft.AspNetCore.Mvc.Infrastructure.ResourceInvoker.Next(State& next, Scope& scope, Object& state, Boolean& isCompleted)
   at Microsoft.AspNetCore.Mvc.Infrastructure.ResourceInvoker.InvokeFilterPipelineAsync()
--- End of stack trace from previous location where exception was thrown ---
   at Microsoft.AspNetCore.Mvc.Infrastructure.ResourceInvoker.<InvokeAsync>g__Awaited|17_0(ResourceInvoker invoker, Task task, IDisposable scope)
   at Microsoft.AspNetCore.Routing.EndpointMiddleware.<Invoke>g__AwaitRequestTask|6_0(Endpoint endpoint, Task requestTask, ILogger logger)
   at Microsoft.AspNetCore.ResponseCompression.ResponseCompressionMiddleware.Invoke(HttpContext context)
   at BuildNextWorld.Core.SpringdellMiddleware.InvokeAsync(HttpContext context) in C:\PC Data\Developement\CA\BuildNextWorld\Core\SpringdellMiddleware.cs:line 51 (a2f6a4c8)
2021-02-09T10:31:38.9176354-05:00 80000032-0000-fd00-b63f-84710c7967bb [ERR] An unhandled exception has occurred while executing the request. (48a46595)
System.ArgumentException: The path in 'value' must start with '/'. (Parameter 'value')
   at Microsoft.AspNetCore.Http.PathString..ctor(String value)
   at Microsoft.AspNetCore.Http.PathString.op_Implicit(String s)
   at BuildNextWorld.Core.RoutingService.ApplyRule(RewriteContext context) in C:\PC Data\Developement\CA\BuildNextWorld\Core\RoutingService.cs:line 25
   at Microsoft.AspNetCore.Rewrite.RewriteMiddleware.Invoke(HttpContext context)
   at Microsoft.AspNetCore.StaticFiles.StaticFileMiddleware.Invoke(HttpContext context)
   at React.AspNet.BabelFileMiddleware.Invoke(HttpContext context)
   at Microsoft.AspNetCore.Diagnostics.ExceptionHandlerMiddleware.<Invoke>g__Awaited|6_0(ExceptionHandlerMiddleware middleware, HttpContext context, Task task)
2021-02-09T10:31:38.9195143-05:00 80000032-0000-fd00-b63f-84710c7967bb [ERR] An exception was thrown attempting to execute the error handler. (e55ade05)
System.ArgumentException: An item with the same key has already been added. Key: ROUTESINFO
   at System.Collections.Generic.Dictionary`2.TryInsert(TKey key, TValue value, InsertionBehavior behavior)
   at System.Collections.Generic.Dictionary`2.Add(TKey key, TValue value)
   at Microsoft.AspNetCore.Http.ItemsDictionary.System.Collections.Generic.IDictionary<System.Object,System.Object>.Add(Object key, Object value)
   at BuildNextWorld.Core.RoutingHelper.ExecuteRoutingService(String path, RewriteContext context) in C:\PC Data\Developement\CA\BuildNextWorld\Core\RoutingService.cs:line 98
   at BuildNextWorld.Core.RoutingService.ApplyRule(RewriteContext context) in C:\PC Data\Developement\CA\BuildNextWorld\Core\RoutingService.cs:line 20
   at Microsoft.AspNetCore.Rewrite.RewriteMiddleware.Invoke(HttpContext context)
   at Microsoft.AspNetCore.StaticFiles.StaticFileMiddleware.Invoke(HttpContext context)
   at React.AspNet.BabelFileMiddleware.Invoke(HttpContext context)
   at Microsoft.AspNetCore.Diagnostics.ExceptionHandlerMiddleware.HandleException(HttpContext context, ExceptionDispatchInfo edi)
2021-02-09T10:31:38.9210273-05:00 80000032-0000-fd00-b63f-84710c7967bb [ERR] Connection ID ""18230571293206380593"", Request ID ""80000032-0000-fd00-b63f-84710c7967bb"": An unhandled exception was thrown by the application. (bf316047)
System.ArgumentException: The path in 'value' must start with '/'. (Parameter 'value')
   at Microsoft.AspNetCore.Http.PathString..ctor(String value)
   at Microsoft.AspNetCore.Http.PathString.op_Implicit(String s)
   at BuildNextWorld.Core.RoutingService.ApplyRule(RewriteContext context) in C:\PC Data\Developement\CA\BuildNextWorld\Core\RoutingService.cs:line 25
   at Microsoft.AspNetCore.Rewrite.RewriteMiddleware.Invoke(HttpContext context)
   at Microsoft.AspNetCore.StaticFiles.StaticFileMiddleware.Invoke(HttpContext context)
   at React.AspNet.BabelFileMiddleware.Invoke(HttpContext context)
   at Microsoft.AspNetCore.Diagnostics.ExceptionHandlerMiddleware.<Invoke>g__Awaited|6_0(ExceptionHandlerMiddleware middleware, HttpContext context, Task task)
   at Microsoft.AspNetCore.Diagnostics.ExceptionHandlerMiddleware.HandleException(HttpContext context, ExceptionDispatchInfo edi)
   at Microsoft.AspNetCore.Diagnostics.ExceptionHandlerMiddleware.<Invoke>g__Awaited|6_0(ExceptionHandlerMiddleware middleware, HttpContext context, Task task)
   at Microsoft.AspNetCore.Server.IIS.Core.IISHttpContextOfT`1.ProcessRequestAsync()
2021-02-09T10:31:40.2545880-05:00 80000034-0000-fd00-b63f-84710c7967bb [ERR] An unhandled exception has occurred while executing the request. (48a46595)
System.ArgumentException: The path in 'value' must start with '/'. (Parameter 'value')
   at Microsoft.AspNetCore.Http.PathString..ctor(String value)
   at Microsoft.AspNetCore.Http.PathString.op_Implicit(String s)
   at BuildNextWorld.Core.RoutingService.ApplyRule(RewriteContext context) in C:\PC Data\Developement\CA\BuildNextWorld\Core\RoutingService.cs:line 25
   at Microsoft.AspNetCore.Rewrite.RewriteMiddleware.Invoke(HttpContext context)
   at Microsoft.AspNetCore.StaticFiles.StaticFileMiddleware.Invoke(HttpContext context)
   at React.AspNet.BabelFileMiddleware.Invoke(HttpContext context)
   at Microsoft.AspNetCore.Diagnostics.ExceptionHandlerMiddleware.<Invoke>g__Awaited|6_0(ExceptionHandlerMiddleware middleware, HttpContext context, Task task)
2021-02-09T10:31:40.2561404-05:00 80000034-0000-fd00-b63f-84710c7967bb [ERR] An exception was thrown attempting to execute the error handler. (e55ade05)
System.ArgumentException: An item with the same key has already been added. Key: ROUTESINFO
   at System.Collections.Generic.Dictionary`2.TryInsert(TKey key, TValue value, InsertionBehavior behavior)
   at System.Collections.Generic.Dictionary`2.Add(TKey key, TValue value)
   at Microsoft.AspNetCore.Http.ItemsDictionary.System.Collections.Generic.IDictionary<System.Object,System.Object>.Add(Object key, Object value)
   at BuildNextWorld.Core.RoutingHelper.ExecuteRoutingService(String path, RewriteContext context) in C:\PC Data\Developement\CA\BuildNextWorld\Core\RoutingService.cs:line 98
   at BuildNextWorld.Core.RoutingService.ApplyRule(RewriteContext context) in C:\PC Data\Developement\CA\BuildNextWorld\Core\RoutingService.cs:line 20
   at Microsoft.AspNetCore.Rewrite.RewriteMiddleware.Invoke(HttpContext context)
   at Microsoft.AspNetCore.StaticFiles.StaticFileMiddleware.Invoke(HttpContext context)
   at React.AspNet.BabelFileMiddleware.Invoke(HttpContext context)
   at Microsoft.AspNetCore.Diagnostics.ExceptionHandlerMiddleware.HandleException(HttpContext context, ExceptionDispatchInfo edi)
2021-02-09T10:31:40.2573818-05:00 80000034-0000-fd00-b63f-84710c7967bb [ERR] Connection ID ""18230571293206380595"", Request ID ""80000034-0000-fd00-b63f-84710c7967bb"": An unhandled exception was thrown by the application. (bf316047)
System.ArgumentException: The path in 'value' must start with '/'. (Parameter 'value')
   at Microsoft.AspNetCore.Http.PathString..ctor(String value)
   at Microsoft.AspNetCore.Http.PathString.op_Implicit(String s)
   at BuildNextWorld.Core.RoutingService.ApplyRule(RewriteContext context) in C:\PC Data\Developement\CA\BuildNextWorld\Core\RoutingService.cs:line 25
   at Microsoft.AspNetCore.Rewrite.RewriteMiddleware.Invoke(HttpContext context)
   at Microsoft.AspNetCore.StaticFiles.StaticFileMiddleware.Invoke(HttpContext context)
   at React.AspNet.BabelFileMiddleware.Invoke(HttpContext context)
   at Microsoft.AspNetCore.Diagnostics.ExceptionHandlerMiddleware.<Invoke>g__Awaited|6_0(ExceptionHandlerMiddleware middleware, HttpContext context, Task task)
   at Microsoft.AspNetCore.Diagnostics.ExceptionHandlerMiddleware.HandleException(HttpContext context, ExceptionDispatchInfo edi)
   at Microsoft.AspNetCore.Diagnostics.ExceptionHandlerMiddleware.<Invoke>g__Awaited|6_0(ExceptionHandlerMiddleware middleware, HttpContext context, Task task)
   at Microsoft.AspNetCore.Server.IIS.Core.IISHttpContextOfT`1.ProcessRequestAsync()
2021-02-09T10:33:27.1448855-05:00  [ERR] QUEUED SERVICE WAS STOPPED (9dd9f526)
2021-02-09T10:33:27.1511950-05:00  [ERR] SCHEDULERS HAS BEEN STOPPED. (89ae2ea4)
2021-02-09T10:33:41.1066231-05:00 8000001b-0003-ff00-b63f-84710c7967bb [ERR] ERROR-->System.Exception: EX-020 - Page not found.
   at BuildNextWorld.Core.MiddlewareSecurity.FindAreaApplication() in C:\PC Data\Developement\CA\BuildNextWorld\Core\ApplicationSecurity.cs:line 272
   at BuildNextWorld.Core.MiddlewareSecurity..ctor(HttpContext context) in C:\PC Data\Developement\CA\BuildNextWorld\Core\ApplicationSecurity.cs:line 59
   at BuildNextWorld.Core.SpringdellMiddleware.InvokeAsync(HttpContext context) in C:\PC Data\Developement\CA\BuildNextWorld\Core\SpringdellMiddleware.cs:line 49 (275a3a18)
2021-02-09T10:35:06.8381427-05:00  [ERR] QUEUED SERVICE WAS STOPPED (9dd9f526)
2021-02-09T10:35:06.8411599-05:00  [ERR] SCHEDULERS HAS BEEN STOPPED. (89ae2ea4)
2021-02-09T10:35:31.4548711-05:00 80000003-0001-fe00-b63f-84710c7967bb [ERR] ERROR-->System.IO.IOException: The process cannot access the file 'C:\PC Data\Developement\CA\BuildNextWorldPublish\Themes\Springdell_default\index.dll' because it is being used by another process.
   at System.IO.FileStream.ValidateFileHandle(SafeFileHandle fileHandle)
   at System.IO.FileStream.CreateFileOpenHandle(FileMode mode, FileShare share, FileOptions options)
   at System.IO.FileStream..ctor(String path, FileMode mode, FileAccess access, FileShare share, Int32 bufferSize, FileOptions options)
   at System.IO.FileStream..ctor(String path, FileMode mode, FileAccess access, FileShare share, Int32 bufferSize, Boolean useAsync)
   at RazorEngineCore.RazorEngineCompiledTemplate`1.LoadFromFileAsync(String fileName)
   at BuildNextWorld.Core.REngineCore.FindTemplate(String viewPath) in C:\PC Data\Developement\CA\BuildNextWorld\Core\REngineCore.cs:line 158
   at BuildNextWorld.Core.REngineCore.RunInternal(String viewPath, ViewModel model, ControllerContext context, Boolean isIncluded) in C:\PC Data\Developement\CA\BuildNextWorld\Core\REngineCore.cs:line 212
   at BuildNextWorld.Core.REngineCore.Run(String viewContent, String viewFile, ViewType viewType, ViewModel model, ControllerContext context) in C:\PC Data\Developement\CA\BuildNextWorld\Core\REngineCore.cs:line 203
   at BuildNextWorld.Controllers.GlobalController.Index() in C:\PC Data\Developement\CA\BuildNextWorld\Controllers\GlobalController.cs:line 33
   at Microsoft.AspNetCore.Mvc.Infrastructure.ActionMethodExecutor.TaskOfIActionResultExecutor.Execute(IActionResultTypeMapper mapper, ObjectMethodExecutor executor, Object controller, Object[] arguments)
   at Microsoft.AspNetCore.Mvc.Infrastructure.ControllerActionInvoker.<InvokeActionMethodAsync>g__Awaited|12_0(ControllerActionInvoker invoker, ValueTask`1 actionResultValueTask)
   at Microsoft.AspNetCore.Mvc.Infrastructure.ControllerActionInvoker.<InvokeNextActionFilterAsync>g__Awaited|10_0(ControllerActionInvoker invoker, Task lastTask, State next, Scope scope, Object state, Boolean isCompleted)
   at Microsoft.AspNetCore.Mvc.Infrastructure.ControllerActionInvoker.Rethrow(ActionExecutedContextSealed context)
   at Microsoft.AspNetCore.Mvc.Infrastructure.ControllerActionInvoker.Next(State& next, Scope& scope, Object& state, Boolean& isCompleted)
   at Microsoft.AspNetCore.Mvc.Infrastructure.ControllerActionInvoker.InvokeInnerFilterAsync()
--- End of stack trace from previous location where exception was thrown ---
   at Microsoft.AspNetCore.Mvc.Infrastructure.ResourceInvoker.<InvokeNextResourceFilter>g__Awaited|24_0(ResourceInvoker invoker, Task lastTask, State next, Scope scope, Object state, Boolean isCompleted)
   at Microsoft.AspNetCore.Mvc.Infrastructure.ResourceInvoker.Rethrow(ResourceExecutedContextSealed context)
   at Microsoft.AspNetCore.Mvc.Infrastructure.ResourceInvoker.Next(State& next, Scope& scope, Object& state, Boolean& isCompleted)
   at Microsoft.AspNetCore.Mvc.Infrastructure.ResourceInvoker.InvokeFilterPipelineAsync()
--- End of stack trace from previous location where exception was thrown ---
   at Microsoft.AspNetCore.Mvc.Infrastructure.ResourceInvoker.<InvokeAsync>g__Awaited|17_0(ResourceInvoker invoker, Task task, IDisposable scope)
   at Microsoft.AspNetCore.Routing.EndpointMiddleware.<Invoke>g__AwaitRequestTask|6_0(Endpoint endpoint, Task requestTask, ILogger logger)
   at Microsoft.AspNetCore.ResponseCompression.ResponseCompressionMiddleware.Invoke(HttpContext context)
   at BuildNextWorld.Core.SpringdellMiddleware.InvokeAsync(HttpContext context) in C:\PC Data\Developement\CA\BuildNextWorld\Core\SpringdellMiddleware.cs:line 51 (6230742e)
2021-02-09T10:35:39.8121262-05:00 80000007-0001-fd00-b63f-84710c7967bb [ERR] ERROR-->System.IO.IOException: The process cannot access the file 'C:\PC Data\Developement\CA\BuildNextWorldPublish\Themes\Springdell_default\layouts\main.dll' because it is being used by another process.
   at System.IO.FileStream.ValidateFileHandle(SafeFileHandle fileHandle)
   at System.IO.FileStream.CreateFileOpenHandle(FileMode mode, FileShare share, FileOptions options)
   at System.IO.FileStream..ctor(String path, FileMode mode, FileAccess access, FileShare share, Int32 bufferSize, FileOptions options)
   at System.IO.FileStream..ctor(String path, FileMode mode, FileAccess access, FileShare share, Int32 bufferSize, Boolean useAsync)
   at RazorEngineCore.RazorEngineCompiledTemplate`1.LoadFromFileAsync(String fileName)
   at BuildNextWorld.Core.REngineCore.FindTemplate(String viewPath) in C:\PC Data\Developement\CA\BuildNextWorld\Core\REngineCore.cs:line 158
   at BuildNextWorld.Core.REngineCore.RunInternal(String viewPath, ViewModel model, ControllerContext context, Boolean isIncluded) in C:\PC Data\Developement\CA\BuildNextWorld\Core\REngineCore.cs:line 229
   at BuildNextWorld.Core.REngineCore.Run(String viewContent, String viewFile, ViewType viewType, ViewModel model, ControllerContext context) in C:\PC Data\Developement\CA\BuildNextWorld\Core\REngineCore.cs:line 203
   at BuildNextWorld.Controllers.GlobalController.Index() in C:\PC Data\Developement\CA\BuildNextWorld\Controllers\GlobalController.cs:line 33
   at Microsoft.AspNetCore.Mvc.Infrastructure.ActionMethodExecutor.TaskOfIActionResultExecutor.Execute(IActionResultTypeMapper mapper, ObjectMethodExecutor executor, Object controller, Object[] arguments)
   at Microsoft.AspNetCore.Mvc.Infrastructure.ControllerActionInvoker.<InvokeActionMethodAsync>g__Awaited|12_0(ControllerActionInvoker invoker, ValueTask`1 actionResultValueTask)
   at Microsoft.AspNetCore.Mvc.Infrastructure.ControllerActionInvoker.<InvokeNextActionFilterAsync>g__Awaited|10_0(ControllerActionInvoker invoker, Task lastTask, State next, Scope scope, Object state, Boolean isCompleted)
   at Microsoft.AspNetCore.Mvc.Infrastructure.ControllerActionInvoker.Rethrow(ActionExecutedContextSealed context)
   at Microsoft.AspNetCore.Mvc.Infrastructure.ControllerActionInvoker.Next(State& next, Scope& scope, Object& state, Boolean& isCompleted)
   at Microsoft.AspNetCore.Mvc.Infrastructure.ControllerActionInvoker.<InvokeInnerFilterAsync>g__Awaited|13_0(ControllerActionInvoker invoker, Task lastTask, State next, Scope scope, Object state, Boolean isCompleted)
   at Microsoft.AspNetCore.Mvc.Infrastructure.ResourceInvoker.<InvokeNextResourceFilter>g__Awaited|24_0(ResourceInvoker invoker, Task lastTask, State next, Scope scope, Object state, Boolean isCompleted)
   at Microsoft.AspNetCore.Mvc.Infrastructure.ResourceInvoker.Rethrow(ResourceExecutedContextSealed context)
   at Microsoft.AspNetCore.Mvc.Infrastructure.ResourceInvoker.Next(State& next, Scope& scope, Object& state, Boolean& isCompleted)
   at Microsoft.AspNetCore.Mvc.Infrastructure.ResourceInvoker.<InvokeFilterPipelineAsync>g__Awaited|19_0(ResourceInvoker invoker, Task lastTask, State next, Scope scope, Object state, Boolean isCompleted)
   at Microsoft.AspNetCore.Mvc.Infrastructure.ResourceInvoker.<InvokeAsync>g__Awaited|17_0(ResourceInvoker invoker, Task task, IDisposable scope)
   at Microsoft.AspNetCore.Routing.EndpointMiddleware.<Invoke>g__AwaitRequestTask|6_0(Endpoint endpoint, Task requestTask, ILogger logger)
   at Microsoft.AspNetCore.ResponseCompression.ResponseCompressionMiddleware.Invoke(HttpContext context)
   at BuildNextWorld.Core.SpringdellMiddleware.InvokeAsync(HttpContext context) in C:\PC Data\Developement\CA\BuildNextWorld\Core\SpringdellMiddleware.cs:line 51 (921cd3c2)
2021-02-09T10:36:18.9102596-05:00 80000009-0001-fe00-b63f-84710c7967bb [ERR] ERROR-->System.Exception: EX-019 - Page not found.
   at BuildNextWorld.Core.MiddlewareSecurity.FindAreaApplication() in C:\PC Data\Developement\CA\BuildNextWorld\Core\ApplicationSecurity.cs:line 246
   at BuildNextWorld.Core.MiddlewareSecurity..ctor(HttpContext context) in C:\PC Data\Developement\CA\BuildNextWorld\Core\ApplicationSecurity.cs:line 59
   at BuildNextWorld.Core.SpringdellMiddleware.InvokeAsync(HttpContext context) in C:\PC Data\Developement\CA\BuildNextWorld\Core\SpringdellMiddleware.cs:line 49 (466bc977)
2021-02-09T10:36:22.7106102-05:00 80000026-0000-fe00-b63f-84710c7967bb [ERR] ERROR-->System.Exception: EX-019 - Page not found.
   at BuildNextWorld.Core.MiddlewareSecurity.FindAreaApplication() in C:\PC Data\Developement\CA\BuildNextWorld\Core\ApplicationSecurity.cs:line 246
   at BuildNextWorld.Core.MiddlewareSecurity..ctor(HttpContext context) in C:\PC Data\Developement\CA\BuildNextWorld\Core\ApplicationSecurity.cs:line 59
   at BuildNextWorld.Core.SpringdellMiddleware.InvokeAsync(HttpContext context) in C:\PC Data\Developement\CA\BuildNextWorld\Core\SpringdellMiddleware.cs:line 49 (466bc977)
2021-02-09T10:36:22.7178904-05:00 80000004-0000-fc00-b63f-84710c7967bb [ERR] ERROR-->System.Exception: EX-019 - Page not found.
   at BuildNextWorld.Core.MiddlewareSecurity.FindAreaApplication() in C:\PC Data\Developement\CA\BuildNextWorld\Core\ApplicationSecurity.cs:line 246
   at BuildNextWorld.Core.MiddlewareSecurity..ctor(HttpContext context) in C:\PC Data\Developement\CA\BuildNextWorld\Core\ApplicationSecurity.cs:line 59
   at BuildNextWorld.Core.SpringdellMiddleware.InvokeAsync(HttpContext context) in C:\PC Data\Developement\CA\BuildNextWorld\Core\SpringdellMiddleware.cs:line 49 (466bc977)
2021-02-09T10:36:22.7528681-05:00 80000048-0000-fd00-b63f-84710c7967bb [ERR] ERROR-->System.Exception: EX-019 - Page not found.
   at BuildNextWorld.Core.MiddlewareSecurity.FindAreaApplication() in C:\PC Data\Developement\CA\BuildNextWorld\Core\ApplicationSecurity.cs:line 246
   at BuildNextWorld.Core.MiddlewareSecurity..ctor(HttpContext context) in C:\PC Data\Developement\CA\BuildNextWorld\Core\ApplicationSecurity.cs:line 59
   at BuildNextWorld.Core.SpringdellMiddleware.InvokeAsync(HttpContext context) in C:\PC Data\Developement\CA\BuildNextWorld\Core\SpringdellMiddleware.cs:line 49 (466bc977)
2021-02-09T10:36:22.8537424-05:00 8000000f-0001-fe00-b63f-84710c7967bb [ERR] ERROR-->System.Exception: EX-019 - Page not found.
   at BuildNextWorld.Core.MiddlewareSecurity.FindAreaApplication() in C:\PC Data\Developement\CA\BuildNextWorld\Core\ApplicationSecurity.cs:line 246
   at BuildNextWorld.Core.MiddlewareSecurity..ctor(HttpContext context) in C:\PC Data\Developement\CA\BuildNextWorld\Core\ApplicationSecurity.cs:line 59
   at BuildNextWorld.Core.SpringdellMiddleware.InvokeAsync(HttpContext context) in C:\PC Data\Developement\CA\BuildNextWorld\Core\SpringdellMiddleware.cs:line 49 (466bc977)
2021-02-09T10:36:27.0125543-05:00 80000029-0003-ff00-b63f-84710c7967bb [ERR] ERROR-->System.Exception: EX-019 - Page not found.
   at BuildNextWorld.Core.MiddlewareSecurity.FindAreaApplication() in C:\PC Data\Developement\CA\BuildNextWorld\Core\ApplicationSecurity.cs:line 246
   at BuildNextWorld.Core.MiddlewareSecurity..ctor(HttpContext context) in C:\PC Data\Developement\CA\BuildNextWorld\Core\ApplicationSecurity.cs:line 59
   at BuildNextWorld.Core.SpringdellMiddleware.InvokeAsync(HttpContext context) in C:\PC Data\Developement\CA\BuildNextWorld\Core\SpringdellMiddleware.cs:line 49 (466bc977)
2021-02-09T10:45:32.9439279-05:00  [ERR] QUEUED SERVICE WAS STOPPED (9dd9f526)
2021-02-09T10:45:32.9476988-05:00  [ERR] SCHEDULERS HAS BEEN STOPPED. (89ae2ea4)
2021-02-09T10:49:25.9401627-05:00  [ERR] QUEUED SERVICE WAS STOPPED (9dd9f526)
2021-02-09T10:49:25.9626619-05:00  [ERR] SCHEDULERS HAS BEEN STOPPED. (89ae2ea4)
2021-02-09T10:51:50.3550009-05:00 8000002c-0002-fc00-b63f-84710c7967bb [ERR] ERROR-->System.IO.IOException: The process cannot access the file 'C:\PC Data\Developement\CA\BuildNextWorldPublish\Themes\Springdell_default\index.dll' because it is being used by another process.
   at System.IO.FileStream.ValidateFileHandle(SafeFileHandle fileHandle)
   at System.IO.FileStream.CreateFileOpenHandle(FileMode mode, FileShare share, FileOptions options)
   at System.IO.FileStream..ctor(String path, FileMode mode, FileAccess access, FileShare share, Int32 bufferSize, FileOptions options)
   at System.IO.FileStream..ctor(String path, FileMode mode, FileAccess access, FileShare share, Int32 bufferSize, Boolean useAsync)
   at RazorEngineCore.RazorEngineCompiledTemplate`1.LoadFromFileAsync(String fileName)
   at BuildNextWorld.Core.REngineCore.FindTemplate(String viewPath) in C:\PC Data\Developement\CA\BuildNextWorld\Core\REngineCore.cs:line 158
   at BuildNextWorld.Core.REngineCore.RunInternal(String viewPath, ViewModel model, ControllerContext context, Boolean isIncluded) in C:\PC Data\Developement\CA\BuildNextWorld\Core\REngineCore.cs:line 212
   at BuildNextWorld.Core.REngineCore.Run(String viewContent, String viewFile, ViewType viewType, ViewModel model, ControllerContext context) in C:\PC Data\Developement\CA\BuildNextWorld\Core\REngineCore.cs:line 203
   at BuildNextWorld.Controllers.GlobalController.Index() in C:\PC Data\Developement\CA\BuildNextWorld\Controllers\GlobalController.cs:line 33
   at Microsoft.AspNetCore.Mvc.Infrastructure.ActionMethodExecutor.TaskOfIActionResultExecutor.Execute(IActionResultTypeMapper mapper, ObjectMethodExecutor executor, Object controller, Object[] arguments)
   at Microsoft.AspNetCore.Mvc.Infrastructure.ControllerActionInvoker.<InvokeActionMethodAsync>g__Awaited|12_0(ControllerActionInvoker invoker, ValueTask`1 actionResultValueTask)
   at Microsoft.AspNetCore.Mvc.Infrastructure.ControllerActionInvoker.<InvokeNextActionFilterAsync>g__Awaited|10_0(ControllerActionInvoker invoker, Task lastTask, State next, Scope scope, Object state, Boolean isCompleted)
   at Microsoft.AspNetCore.Mvc.Infrastructure.ControllerActionInvoker.Rethrow(ActionExecutedContextSealed context)
   at Microsoft.AspNetCore.Mvc.Infrastructure.ControllerActionInvoker.Next(State& next, Scope& scope, Object& state, Boolean& isCompleted)
   at Microsoft.AspNetCore.Mvc.Infrastructure.ControllerActionInvoker.InvokeInnerFilterAsync()
--- End of stack trace from previous location where exception was thrown ---
   at Microsoft.AspNetCore.Mvc.Infrastructure.ResourceInvoker.<InvokeNextResourceFilter>g__Awaited|24_0(ResourceInvoker invoker, Task lastTask, State next, Scope scope, Object state, Boolean isCompleted)
   at Microsoft.AspNetCore.Mvc.Infrastructure.ResourceInvoker.Rethrow(ResourceExecutedContextSealed context)
   at Microsoft.AspNetCore.Mvc.Infrastructure.ResourceInvoker.Next(State& next, Scope& scope, Object& state, Boolean& isCompleted)
   at Microsoft.AspNetCore.Mvc.Infrastructure.ResourceInvoker.InvokeFilterPipelineAsync()
--- End of stack trace from previous location where exception was thrown ---
   at Microsoft.AspNetCore.Mvc.Infrastructure.ResourceInvoker.<InvokeAsync>g__Awaited|17_0(ResourceInvoker invoker, Task task, IDisposable scope)
   at Microsoft.AspNetCore.Routing.EndpointMiddleware.<Invoke>g__AwaitRequestTask|6_0(Endpoint endpoint, Task requestTask, ILogger logger)
   at Microsoft.AspNetCore.ResponseCompression.ResponseCompressionMiddleware.Invoke(HttpContext context)
   at BuildNextWorld.Core.SpringdellMiddleware.InvokeAsync(HttpContext context) in C:\PC Data\Developement\CA\BuildNextWorld\Core\SpringdellMiddleware.cs:line 51 (6230742e)
2021-02-09T10:57:54.4118619-05:00 80000055-0000-fd00-b63f-84710c7967bb [ERR] ERROR-->System.Exception: EX-017 Access to page/resource is denied
   at BuildNextWorld.Core.MiddlewareSecurity.FinalDecision() in C:\PC Data\Developement\CA\BuildNextWorld\Core\ApplicationSecurity.cs:line 148
   at BuildNextWorld.Core.MiddlewareSecurity..ctor(HttpContext context) in C:\PC Data\Developement\CA\BuildNextWorld\Core\ApplicationSecurity.cs:line 68
   at BuildNextWorld.Core.SpringdellMiddleware.InvokeAsync(HttpContext context) in C:\PC Data\Developement\CA\BuildNextWorld\Core\SpringdellMiddleware.cs:line 49 (63fa2d47)
2021-02-09T11:21:26.0972445-05:00  [ERR] QUEUED SERVICE WAS STOPPED (9dd9f526)
2021-02-09T11:21:26.1003080-05:00  [ERR] SCHEDULERS HAS BEEN STOPPED. (89ae2ea4)
2021-02-09T11:27:26.2503742-05:00  [ERR] QUEUED SERVICE WAS STOPPED (9dd9f526)
2021-02-09T11:27:26.2638431-05:00  [ERR] SCHEDULERS HAS BEEN STOPPED. (89ae2ea4)
2021-02-09T11:52:26.3839063-05:00  [ERR] QUEUED SERVICE WAS STOPPED (9dd9f526)
2021-02-09T11:52:26.4001293-05:00  [ERR] SCHEDULERS HAS BEEN STOPPED. (89ae2ea4)
2021-02-09T13:38:36.6253895-05:00 8000003f-0002-fc00-b63f-84710c7967bb [ERR] ERROR-->System.IO.IOException: The process cannot access the file 'C:\PC Data\Developement\CA\BuildNextWorldPublish\Themes\Springdell_default\index.dll' because it is being used by another process.
   at System.IO.FileStream.ValidateFileHandle(SafeFileHandle fileHandle)
   at System.IO.FileStream.CreateFileOpenHandle(FileMode mode, FileShare share, FileOptions options)
   at System.IO.FileStream..ctor(String path, FileMode mode, FileAccess access, FileShare share, Int32 bufferSize, FileOptions options)
   at System.IO.FileStream..ctor(String path, FileMode mode, FileAccess access, FileShare share, Int32 bufferSize, Boolean useAsync)
   at RazorEngineCore.RazorEngineCompiledTemplate`1.LoadFromFileAsync(String fileName)
   at BuildNextWorld.Core.REngineCore.FindTemplate(String viewPath) in C:\PC Data\Developement\CA\BuildNextWorld\Core\REngineCore.cs:line 158
   at BuildNextWorld.Core.REngineCore.RunInternal(String viewPath, ViewModel model, ControllerContext context, Boolean isIncluded) in C:\PC Data\Developement\CA\BuildNextWorld\Core\REngineCore.cs:line 212
   at BuildNextWorld.Core.REngineCore.Run(String viewContent, String viewFile, ViewType viewType, ViewModel model, ControllerContext context) in C:\PC Data\Developement\CA\BuildNextWorld\Core\REngineCore.cs:line 203
   at BuildNextWorld.Controllers.GlobalController.Index() in C:\PC Data\Developement\CA\BuildNextWorld\Controllers\GlobalController.cs:line 33
   at Microsoft.AspNetCore.Mvc.Infrastructure.ActionMethodExecutor.TaskOfIActionResultExecutor.Execute(IActionResultTypeMapper mapper, ObjectMethodExecutor executor, Object controller, Object[] arguments)
   at Microsoft.AspNetCore.Mvc.Infrastructure.ControllerActionInvoker.<InvokeActionMethodAsync>g__Awaited|12_0(ControllerActionInvoker invoker, ValueTask`1 actionResultValueTask)
   at Microsoft.AspNetCore.Mvc.Infrastructure.ControllerActionInvoker.<InvokeNextActionFilterAsync>g__Awaited|10_0(ControllerActionInvoker invoker, Task lastTask, State next, Scope scope, Object state, Boolean isCompleted)
   at Microsoft.AspNetCore.Mvc.Infrastructure.ControllerActionInvoker.Rethrow(ActionExecutedContextSealed context)
   at Microsoft.AspNetCore.Mvc.Infrastructure.ControllerActionInvoker.Next(State& next, Scope& scope, Object& state, Boolean& isCompleted)
   at Microsoft.AspNetCore.Mvc.Infrastructure.ControllerActionInvoker.InvokeInnerFilterAsync()
--- End of stack trace from previous location where exception was thrown ---
   at Microsoft.AspNetCore.Mvc.Infrastructure.ResourceInvoker.<InvokeNextResourceFilter>g__Awaited|24_0(ResourceInvoker invoker, Task lastTask, State next, Scope scope, Object state, Boolean isCompleted)
   at Microsoft.AspNetCore.Mvc.Infrastructure.ResourceInvoker.Rethrow(ResourceExecutedContextSealed context)
   at Microsoft.AspNetCore.Mvc.Infrastructure.ResourceInvoker.Next(State& next, Scope& scope, Object& state, Boolean& isCompleted)
   at Microsoft.AspNetCore.Mvc.Infrastructure.ResourceInvoker.InvokeFilterPipelineAsync()
--- End of stack trace from previous location where exception was thrown ---
   at Microsoft.AspNetCore.Mvc.Infrastructure.ResourceInvoker.<InvokeAsync>g__Awaited|17_0(ResourceInvoker invoker, Task task, IDisposable scope)
   at Microsoft.AspNetCore.Routing.EndpointMiddleware.<Invoke>g__AwaitRequestTask|6_0(Endpoint endpoint, Task requestTask, ILogger logger)
   at Microsoft.AspNetCore.ResponseCompression.ResponseCompressionMiddleware.Invoke(HttpContext context)
   at BuildNextWorld.Core.SpringdellMiddleware.InvokeAsync(HttpContext context) in C:\PC Data\Developement\CA\BuildNextWorld\Core\SpringdellMiddleware.cs:line 51 (6230742e)
2021-02-09T13:46:08.2514327-05:00  [ERR] QUEUED SERVICE WAS STOPPED (9dd9f526)
2021-02-09T13:46:08.2568965-05:00  [ERR] SCHEDULERS HAS BEEN STOPPED. (89ae2ea4)
2021-02-09T14:10:08.4865758-05:00  [ERR] QUEUED SERVICE WAS STOPPED (9dd9f526)
2021-02-09T14:10:08.5068766-05:00  [ERR] SCHEDULERS HAS BEEN STOPPED. (89ae2ea4)
2021-02-09T14:15:20.0434274-05:00 8000002b-0000-ff00-b63f-84710c7967bb [ERR] ERROR-->System.Exception: EX-042 - Extension not supported.
   at BuildNextWorld.Controllers.SystemController.Image(String src, String size, Int32 cdn) in C:\PC Data\Developement\CA\BuildNextWorld\Controllers\SystemController.cs:line 64
   at lambda_method(Closure , Object , Object[] )
   at Microsoft.Extensions.Internal.ObjectMethodExecutor.Execute(Object target, Object[] parameters)
   at Microsoft.AspNetCore.Mvc.Infrastructure.ActionMethodExecutor.SyncActionResultExecutor.Execute(IActionResultTypeMapper mapper, ObjectMethodExecutor executor, Object controller, Object[] arguments)
   at Microsoft.AspNetCore.Mvc.Infrastructure.ControllerActionInvoker.InvokeActionMethodAsync()
   at Microsoft.AspNetCore.Mvc.Infrastructure.ControllerActionInvoker.Next(State& next, Scope& scope, Object& state, Boolean& isCompleted)
   at Microsoft.AspNetCore.Mvc.Infrastructure.ControllerActionInvoker.InvokeNextActionFilterAsync()
--- End of stack trace from previous location where exception was thrown ---
   at Microsoft.AspNetCore.Mvc.Infrastructure.ControllerActionInvoker.Rethrow(ActionExecutedContextSealed context)
   at Microsoft.AspNetCore.Mvc.Infrastructure.ControllerActionInvoker.Next(State& next, Scope& scope, Object& state, Boolean& isCompleted)
   at Microsoft.AspNetCore.Mvc.Infrastructure.ControllerActionInvoker.InvokeInnerFilterAsync()
--- End of stack trace from previous location where exception was thrown ---
   at Microsoft.AspNetCore.Mvc.Infrastructure.ResourceInvoker.<InvokeNextResourceFilter>g__Awaited|24_0(ResourceInvoker invoker, Task lastTask, State next, Scope scope, Object state, Boolean isCompleted)
   at Microsoft.AspNetCore.Mvc.Infrastructure.ResourceInvoker.Rethrow(ResourceExecutedContextSealed context)
   at Microsoft.AspNetCore.Mvc.Infrastructure.ResourceInvoker.Next(State& next, Scope& scope, Object& state, Boolean& isCompleted)
   at Microsoft.AspNetCore.Mvc.Infrastructure.ResourceInvoker.InvokeFilterPipelineAsync()
--- End of stack trace from previous location where exception was thrown ---
   at Microsoft.AspNetCore.Mvc.Infrastructure.ResourceInvoker.<InvokeAsync>g__Awaited|17_0(ResourceInvoker invoker, Task task, IDisposable scope)
   at Microsoft.AspNetCore.Routing.EndpointMiddleware.<Invoke>g__AwaitRequestTask|6_0(Endpoint endpoint, Task requestTask, ILogger logger)
   at Microsoft.AspNetCore.ResponseCompression.ResponseCompressionMiddleware.Invoke(HttpContext context)
   at BuildNextWorld.Core.SpringdellMiddleware.InvokeAsync(HttpContext context) in C:\PC Data\Developement\CA\BuildNextWorld\Core\SpringdellMiddleware.cs:line 51 (6f42b314)
2021-02-09T14:35:42.4305155-05:00  [ERR] QUEUED SERVICE WAS STOPPED (9dd9f526)
2021-02-09T14:35:42.4406725-05:00  [ERR] SCHEDULERS HAS BEEN STOPPED. (89ae2ea4)
