2021-08-07T09:30:52.8983306-04:00  [ERR] Error occurred executing "workItem". (0e799fa1)
System.InvalidCastException: Unable to cast object of type 'Microsoft.AspNetCore.Http.PathString' to type 'System.String'.
   at BuildNextWorld.Core.SpringdellMiddleware.<>c__DisplayClass9_0.<<CaptureTraffic>b__0>d.MoveNext() in C:\PC Data\Developement\CA\BuildNextWorld\Core\SpringdellMiddleware.cs:line 251
--- End of stack trace from previous location where exception was thrown ---
   at BuildNextWorld.Core.QueuedHostedService.BackgroundProcessing(CancellationToken stoppingToken) in C:\PC Data\Developement\CA\BuildNextWorld\Core\BackgroundTaskQueue.cs:line 63
2021-08-07T09:30:52.8980307-04:00 80000002-0003-fb00-b63f-84710c7967bb [ERR] ERROR-->MySql.Data.MySqlClient.MySqlException (0x80004005): Unable to connect to any of the specified MySQL hosts.
 ---> System.AggregateException: One or more errors occurred. (No connection could be made because the target machine actively refused it. 127.0.0.1:3306)
 ---> System.Net.Internals.SocketExceptionFactory+ExtendedSocketException (10061): No connection could be made because the target machine actively refused it. 127.0.0.1:3306
   at System.Runtime.ExceptionServices.ExceptionDispatchInfo.Throw(Exception source)
   at System.Net.Sockets.Socket.EndConnect(IAsyncResult asyncResult)
   at System.Net.Sockets.Socket.DoMultipleAddressConnectCallback(Object result, MultipleAddressConnectAsyncResult context)
--- End of stack trace from previous location where exception was thrown ---
   at System.Runtime.ExceptionServices.ExceptionDispatchInfo.Throw(Exception source)
   at System.Net.Sockets.Socket.DoMultipleAddressConnectCallback(Object result, MultipleAddressConnectAsyncResult context)
   at System.Net.Sockets.Socket.MultipleAddressConnectCallback(IAsyncResult result)
--- End of stack trace from previous location where exception was thrown ---
   at System.Runtime.ExceptionServices.ExceptionDispatchInfo.Throw(Exception source)
   at System.Net.Sockets.Socket.EndConnect(IAsyncResult asyncResult)
   at System.Net.Sockets.TcpClient.EndConnect(IAsyncResult asyncResult)
   at System.Net.Sockets.TcpClient.<>c.<ConnectAsync>b__28_1(IAsyncResult asyncResult)
   at System.Threading.Tasks.TaskFactory`1.FromAsyncCoreLogic(IAsyncResult iar, Func`2 endFunction, Action`1 endAction, Task`1 promise, Boolean requiresSynchronization)
   --- End of inner exception stack trace ---
   at System.Threading.Tasks.Task.ThrowIfExceptional(Boolean includeTaskCanceledExceptions)
   at System.Threading.Tasks.Task.Wait(Int32 millisecondsTimeout, CancellationToken cancellationToken)
   at System.Threading.Tasks.Task.Wait(Int32 millisecondsTimeout)
   at MySql.Data.Common.StreamCreator.GetTcpStream(MySqlConnectionStringBuilder settings)
   at MySql.Data.Common.StreamCreator.GetStream(MySqlConnectionStringBuilder settings)
   at MySql.Data.MySqlClient.NativeDriver.Open()
   at MySql.Data.MySqlClient.NativeDriver.Open()
   at MySql.Data.MySqlClient.Driver.Open()
   at MySql.Data.MySqlClient.Driver.Create(MySqlConnectionStringBuilder settings)
   at MySql.Data.MySqlClient.MySqlPool.CreateNewPooledConnection()
   at MySql.Data.MySqlClient.MySqlPool.GetPooledConnection()
   at MySql.Data.MySqlClient.MySqlPool.TryToGetDriver()
   at MySql.Data.MySqlClient.MySqlPool.GetConnection()
   at MySql.Data.MySqlClient.MySqlConnection.Open()
   at BuildNextWorld.Models.DatabaseServices.getMySQLConnection(String databaseName) in C:\PC Data\Developement\CA\BuildNextWorld\Models\DatabaseServices.cs:line 21
   at BuildNextWorld.Core.SpringdellMiddleware.LoginSystemActivate(HttpContext context) in C:\PC Data\Developement\CA\BuildNextWorld\Core\SpringdellMiddleware.cs:line 139
   at BuildNextWorld.Core.SpringdellMiddleware.InvokeAsync(HttpContext context) in C:\PC Data\Developement\CA\BuildNextWorld\Core\SpringdellMiddleware.cs:line 52 (e268c88e)
2021-08-07T09:30:57.9544171-04:00 80000008-0001-fd00-b63f-84710c7967bb [ERR] ERROR-->MySql.Data.MySqlClient.MySqlException (0x80004005): Unable to connect to any of the specified MySQL hosts.
 ---> System.AggregateException: One or more errors occurred. (No connection could be made because the target machine actively refused it. 127.0.0.1:3306)
 ---> System.Net.Internals.SocketExceptionFactory+ExtendedSocketException (10061): No connection could be made because the target machine actively refused it. 127.0.0.1:3306
   at System.Runtime.ExceptionServices.ExceptionDispatchInfo.Throw(Exception source)
   at System.Net.Sockets.Socket.EndConnect(IAsyncResult asyncResult)
   at System.Net.Sockets.Socket.DoMultipleAddressConnectCallback(Object result, MultipleAddressConnectAsyncResult context)
--- End of stack trace from previous location where exception was thrown ---
   at System.Runtime.ExceptionServices.ExceptionDispatchInfo.Throw(Exception source)
   at System.Net.Sockets.Socket.DoMultipleAddressConnectCallback(Object result, MultipleAddressConnectAsyncResult context)
   at System.Net.Sockets.Socket.MultipleAddressConnectCallback(IAsyncResult result)
--- End of stack trace from previous location where exception was thrown ---
   at System.Runtime.ExceptionServices.ExceptionDispatchInfo.Throw(Exception source)
   at System.Net.Sockets.Socket.EndConnect(IAsyncResult asyncResult)
   at System.Net.Sockets.TcpClient.EndConnect(IAsyncResult asyncResult)
   at System.Net.Sockets.TcpClient.<>c.<ConnectAsync>b__28_1(IAsyncResult asyncResult)
   at System.Threading.Tasks.TaskFactory`1.FromAsyncCoreLogic(IAsyncResult iar, Func`2 endFunction, Action`1 endAction, Task`1 promise, Boolean requiresSynchronization)
   --- End of inner exception stack trace ---
   at System.Threading.Tasks.Task.ThrowIfExceptional(Boolean includeTaskCanceledExceptions)
   at System.Threading.Tasks.Task.Wait(Int32 millisecondsTimeout, CancellationToken cancellationToken)
   at System.Threading.Tasks.Task.Wait(Int32 millisecondsTimeout)
   at MySql.Data.Common.StreamCreator.GetTcpStream(MySqlConnectionStringBuilder settings)
   at MySql.Data.Common.StreamCreator.GetStream(MySqlConnectionStringBuilder settings)
   at MySql.Data.MySqlClient.NativeDriver.Open()
   at MySql.Data.MySqlClient.NativeDriver.Open()
   at MySql.Data.MySqlClient.Driver.Open()
   at MySql.Data.MySqlClient.Driver.Create(MySqlConnectionStringBuilder settings)
   at MySql.Data.MySqlClient.MySqlPool.CreateNewPooledConnection()
   at MySql.Data.MySqlClient.MySqlPool.GetPooledConnection()
   at MySql.Data.MySqlClient.MySqlPool.TryToGetDriver()
   at MySql.Data.MySqlClient.MySqlPool.GetConnection()
   at MySql.Data.MySqlClient.MySqlConnection.Open()
   at BuildNextWorld.Models.DatabaseServices.getMySQLConnection(String databaseName) in C:\PC Data\Developement\CA\BuildNextWorld\Models\DatabaseServices.cs:line 21
   at BuildNextWorld.Core.SpringdellMiddleware.LoginSystemActivate(HttpContext context) in C:\PC Data\Developement\CA\BuildNextWorld\Core\SpringdellMiddleware.cs:line 139
   at BuildNextWorld.Core.SpringdellMiddleware.InvokeAsync(HttpContext context) in C:\PC Data\Developement\CA\BuildNextWorld\Core\SpringdellMiddleware.cs:line 52 (e268c88e)
2021-08-07T09:32:25.6814555-04:00 8000000a-0001-fd00-b63f-84710c7967bb [ERR] ERROR-->System.Exception: EX-019 - Page not found.
   at BuildNextWorld.Core.MiddlewareSecurity.FindAreaApplication() in C:\PC Data\Developement\CA\BuildNextWorld\Core\ApplicationSecurity.cs:line 246
   at BuildNextWorld.Core.MiddlewareSecurity..ctor(HttpContext context) in C:\PC Data\Developement\CA\BuildNextWorld\Core\ApplicationSecurity.cs:line 59
   at BuildNextWorld.Core.SpringdellMiddleware.InvokeAsync(HttpContext context) in C:\PC Data\Developement\CA\BuildNextWorld\Core\SpringdellMiddleware.cs:line 53 (80ae7397)
2021-08-07T09:32:25.6929203-04:00 80000008-0001-fc00-b63f-84710c7967bb [ERR] ERROR-->System.Exception: EX-019 - Page not found.
   at BuildNextWorld.Core.MiddlewareSecurity.FindAreaApplication() in C:\PC Data\Developement\CA\BuildNextWorld\Core\ApplicationSecurity.cs:line 246
   at BuildNextWorld.Core.MiddlewareSecurity..ctor(HttpContext context) in C:\PC Data\Developement\CA\BuildNextWorld\Core\ApplicationSecurity.cs:line 59
   at BuildNextWorld.Core.SpringdellMiddleware.InvokeAsync(HttpContext context) in C:\PC Data\Developement\CA\BuildNextWorld\Core\SpringdellMiddleware.cs:line 53 (80ae7397)
2021-08-07T09:32:25.7043187-04:00 80000003-0000-ff00-b63f-84710c7967bb [ERR] ERROR-->System.Exception: EX-019 - Page not found.
   at BuildNextWorld.Core.MiddlewareSecurity.FindAreaApplication() in C:\PC Data\Developement\CA\BuildNextWorld\Core\ApplicationSecurity.cs:line 246
   at BuildNextWorld.Core.MiddlewareSecurity..ctor(HttpContext context) in C:\PC Data\Developement\CA\BuildNextWorld\Core\ApplicationSecurity.cs:line 59
   at BuildNextWorld.Core.SpringdellMiddleware.InvokeAsync(HttpContext context) in C:\PC Data\Developement\CA\BuildNextWorld\Core\SpringdellMiddleware.cs:line 53 (80ae7397)
2021-08-07T09:32:25.9410216-04:00 8000000a-0001-fc00-b63f-84710c7967bb [ERR] ERROR-->System.Exception: EX-019 - Page not found.
   at BuildNextWorld.Core.MiddlewareSecurity.FindAreaApplication() in C:\PC Data\Developement\CA\BuildNextWorld\Core\ApplicationSecurity.cs:line 246
   at BuildNextWorld.Core.MiddlewareSecurity..ctor(HttpContext context) in C:\PC Data\Developement\CA\BuildNextWorld\Core\ApplicationSecurity.cs:line 59
   at BuildNextWorld.Core.SpringdellMiddleware.InvokeAsync(HttpContext context) in C:\PC Data\Developement\CA\BuildNextWorld\Core\SpringdellMiddleware.cs:line 53 (80ae7397)
2021-08-07T09:57:44.8537355-04:00  [ERR] QUEUED SERVICE WAS STOPPED (9dd9f526)
2021-08-07T09:57:44.8589264-04:00  [ERR] SCHEDULERS HAS BEEN STOPPED. (89ae2ea4)
